Log file open, 03/30/17 20:54:19
LogInit:Display: Running engine for game: TileGame
LogPlatformFile: Not using cached read wrapper
LogInit:Display: RandInit(-244452755) SRandInit(-244452755).
LogTaskGraph: Started task graph with 5 named threads and 8 total threads with 1 sets of task threads.
LogStats: Stats thread started at 0.081174
LogInit: Using libcurl 7.47.1
LogInit:  - built for x86_64-pc-win32
LogInit:  - supports SSL with OpenSSL/1.0.2g
LogInit:  - supports HTTP deflate (compression) using libz 1.2.8
LogInit:  - other features:
LogInit:      CURL_VERSION_SSL
LogInit:      CURL_VERSION_LIBZ
LogInit:      CURL_VERSION_IPV6
LogInit:      CURL_VERSION_ASYNCHDNS
LogInit:      CURL_VERSION_LARGEFILE
LogInit:      CURL_VERSION_IDN
LogInit:  CurlRequestOptions (configurable via config and command line):
LogInit:  - bVerifyPeer = false  - Libcurl will NOT verify peer certificate
LogInit:  - bUseHttpProxy = false  - Libcurl will NOT use HTTP proxy
LogInit:  - bDontReuseConnections = false  - Libcurl will reuse connections
LogInit:  - CertBundlePath = nullptr  - Libcurl will use whatever was configured at build time.
LogInit: Build: ++UE4+Release-4.15-CL-3348071
LogInit: Engine Version: 4.15.1-3348071+++UE4+Release-4.15
LogInit: Compatible Engine Version: 4.15.0-3299760+++UE4+Release-4.15
LogInit: Net CL: 3299760
LogDevObjectVersion: Number of dev versions registered: 14
LogDevObjectVersion:   Dev-Blueprints (B0D832E4-1F89-4F0D-ACCF-7EB736FD4AA2): 8
LogDevObjectVersion:   Dev-Build (E1C64328-A22C-4D53-A36C-8E866417BD8C): 0
LogDevObjectVersion:   Dev-Core (375EC13C-06E4-48FB-B500-84F0262A717E): 2
LogDevObjectVersion:   Dev-Editor (E4B068ED-F494-42E9-A231-DA0B2E46BB41): 14
LogDevObjectVersion:   Dev-Framework (CFFC743F-43B0-4480-9391-14DF171D2073): 22
LogDevObjectVersion:   Dev-Mobile (B02B49B5-BB20-44E9-A304-32B752E40360): 0
LogDevObjectVersion:   Dev-Networking (A4E4105C-59A1-49B5-A7C5-40C4547EDFEE): 0
LogDevObjectVersion:   Dev-Online (39C831C9-5AE6-47DC-9A44-9C173E1C8E7C): 0
LogDevObjectVersion:   Dev-Physics (78F01B33-EBEA-4F98-B9B4-84EACCB95AA2): 0
LogDevObjectVersion:   Dev-Platform (6631380F-2D4D-43E0-8009-CF276956A95A): 0
LogDevObjectVersion:   Dev-Rendering (12F88B9F-8875-4AFC-A67C-D90C383ABD29): 12
LogDevObjectVersion:   Dev-Sequencer (7B5AE74C-D270-4C10-A958-57980B212A5A): 3
LogDevObjectVersion:   Dev-VR (D7296918-1DD6-4BDD-9DE2-64A83CC13884): 0
LogDevObjectVersion:   Dev-LoadTimes (C2A15278-BFE7-4AFE-6C17-90FF531DF755): 1
LogInit: Compiled (64-bit): Mar 15 2017 16:52:47
LogInit: Compiled with Visual C++: 19.00.23026.00
LogInit: Build Configuration: Development
LogInit: Branch Name: ++UE4+Release-4.15
LogInit: Command line:  
LogInit: Base directory: C:/Unreal Engine/UE_4.15/Engine/Binaries/Win64/
LogInit: Installed Engine Build: 1
LogInit: Presizing for max 8388607 objects, including 0 objects not considered by GC, pre-allocating 0 bytes for permanent pool.
LogInit: Object subsystem initialized
[2017.03.30-18.54.20:143][  0]LogInit: Selected Device Profile: [Windows]
[2017.03.30-18.54.20:143][  0]LogInit: Applying CVar settings loaded from the selected device profile: [Windows]
[2017.03.30-18.54.20:149][  0]LogInit: Computer: DESKTOP-47ENH9T
[2017.03.30-18.54.20:149][  0]LogInit: User: Numa
[2017.03.30-18.54.20:149][  0]LogInit: CPU Page size=65536, Cores=4
[2017.03.30-18.54.20:149][  0]LogInit: High frequency timer resolution =3.914065 MHz
[2017.03.30-18.54.20:149][  0]LogMemory: Memory total: Physical=16.0GB (16GB approx)
[2017.03.30-18.54.20:149][  0]LogMemory: Platform Memory Stats for Windows
[2017.03.30-18.54.20:149][  0]LogMemory: Process Physical Memory: 265.80 MB used, 265.80 MB peak
[2017.03.30-18.54.20:149][  0]LogMemory: Process Virtual Memory: 262.97 MB used, 262.97 MB peak
[2017.03.30-18.54.20:149][  0]LogMemory: Physical Memory: 7907.40 MB used,  8436.02 MB free, 16343.42 MB total
[2017.03.30-18.54.20:149][  0]LogMemory: Virtual Memory: 631.44 MB used,  8436.02 MB free, 134217728.00 MB total
[2017.03.30-18.54.20:237][  0]LogTextLocalizationManager: No specific translations for ('en-US') exist, so ('en') translations will be used.
[2017.03.30-18.54.20:818][  0]LogD3D11RHI: D3D11 adapters:
[2017.03.30-18.54.21:263][  0]LogD3D11RHI:    0. 'NVIDIA GeForce GTX 1080' (Feature Level 11_0)
[2017.03.30-18.54.21:263][  0]LogD3D11RHI:       8144/0/8171 MB DedicatedVideo/DedicatedSystem/SharedSystem, Outputs:2, VendorId:0x10de
[2017.03.30-18.54.21:264][  0]LogD3D11RHI:    1. 'Microsoft Basic Render Driver' (Feature Level 11_0)
[2017.03.30-18.54.21:264][  0]LogD3D11RHI:       0/0/8171 MB DedicatedVideo/DedicatedSystem/SharedSystem, Outputs:0, VendorId:0x1414
[2017.03.30-18.54.21:264][  0]LogD3D11RHI: Chosen D3D11 Adapter: 0
[2017.03.30-18.54.21:269][  0]LogD3D11RHI: Creating new Direct3DDevice
[2017.03.30-18.54.21:269][  0]LogD3D11RHI:     GPU DeviceId: 0x1b80 (for the marketing name, search the web for "GPU Device Id")
[2017.03.30-18.54.21:269][  0]LogWindows: EnumDisplayDevices:
[2017.03.30-18.54.21:270][  0]LogWindows:    0. 'NVIDIA GeForce GTX 1080' (P:1 D:1)
[2017.03.30-18.54.21:270][  0]LogWindows:    1. 'NVIDIA GeForce GTX 1080' (P:0 D:1)
[2017.03.30-18.54.21:270][  0]LogWindows:    2. 'NVIDIA GeForce GTX 1080' (P:0 D:0)
[2017.03.30-18.54.21:270][  0]LogWindows:    3. 'NVIDIA GeForce GTX 1080' (P:0 D:0)
[2017.03.30-18.54.21:270][  0]LogWindows: DebugString: FoundDriverCount:4 
[2017.03.30-18.54.21:270][  0]LogD3D11RHI:     Adapter Name: NVIDIA GeForce GTX 1080
[2017.03.30-18.54.21:270][  0]LogD3D11RHI:   Driver Version: 376.53 (internal:21.21.13.7653, unified:376.53)
[2017.03.30-18.54.21:270][  0]LogD3D11RHI:      Driver Date: 12-29-2016
[2017.03.30-18.54.21:270][  0]LogRHI: Texture pool is 1361 MB (70% of 1945 MB)
[2017.03.30-18.54.21:688][  0]LogD3D11RHI: Async texture creation enabled
[2017.03.30-18.54.22:172][  0]LogD3D11RHI: GPU Timing Frequency: 1000.000000 (Debug: 2 1)
[2017.03.30-18.54.22:263][  0]LogShaderCompilers: Guid format shader working directory is 18 characters bigger than the processId version (X:/Unreal Projects/TileGame/Intermediate/Shaders/WorkingDirectory/5156/).
[2017.03.30-18.54.22:263][  0]LogShaderCompilers: Cleaned the shader compiler working directory 'C:/Users/Numa/AppData/Local/Temp/UnrealShaderWorkingDir/3B8BA4104B082DF8748CDD86F91057C3/'.
[2017.03.30-18.54.22:263][  0]LogShaderCompilers:Display: Using Local Shader Compiler.
[2017.03.30-18.54.23:460][  0]LogTemp:Display: Loaded TP AllDesktopTargetPlatform
[2017.03.30-18.54.23:528][  0]LogTemp:Display: Loaded TP MacClientTargetPlatform
[2017.03.30-18.54.23:588][  0]LogTemp:Display: Loaded TP MacNoEditorTargetPlatform
[2017.03.30-18.54.23:654][  0]LogTemp:Display: Loaded TP MacServerTargetPlatform
[2017.03.30-18.54.23:721][  0]LogTemp:Display: Loaded TP MacTargetPlatform
[2017.03.30-18.54.23:788][  0]LogTemp:Display: Loaded TP WindowsClientTargetPlatform
[2017.03.30-18.54.23:853][  0]LogTemp:Display: Loaded TP WindowsNoEditorTargetPlatform
[2017.03.30-18.54.23:919][  0]LogTemp:Display: Loaded TP WindowsServerTargetPlatform
[2017.03.30-18.54.23:980][  0]LogTemp:Display: Loaded TP WindowsTargetPlatform
[2017.03.30-18.54.24:040][  0]LogTemp:Display: Loaded TP AndroidTargetPlatform
[2017.03.30-18.54.24:103][  0]LogTemp:Display: Loaded TP Android_ASTCTargetPlatform
[2017.03.30-18.54.24:166][  0]LogTemp:Display: Loaded TP Android_ATCTargetPlatform
[2017.03.30-18.54.24:227][  0]LogTemp:Display: Loaded TP Android_DXTTargetPlatform
[2017.03.30-18.54.24:286][  0]LogTemp:Display: Loaded TP Android_ETC1TargetPlatform
[2017.03.30-18.54.24:346][  0]LogTemp:Display: Loaded TP Android_ETC2TargetPlatform
[2017.03.30-18.54.24:475][  0]LogTemp:Display: Loaded TP Android_MultiTargetPlatform
[2017.03.30-18.54.24:475][  0]LogTemp:Display: Loaded TP Android_PVRTCTargetPlatform
[2017.03.30-18.54.24:523][  0]LogTemp:Display: Loaded TP HTML5TargetPlatform
[2017.03.30-18.54.24:627][  0]LogTemp:Display: Loaded TP IOSTargetPlatform
[2017.03.30-18.54.24:665][  0]LogTemp:Display: Loaded TP TVOSTargetPlatform
[2017.03.30-18.54.24:727][  0]LogTemp:Display: Loaded TP LinuxClientTargetPlatform
[2017.03.30-18.54.24:788][  0]LogTemp:Display: Loaded TP LinuxNoEditorTargetPlatform
[2017.03.30-18.54.24:855][  0]LogTemp:Display: Loaded TP LinuxServerTargetPlatform
[2017.03.30-18.54.24:918][  0]LogTemp:Display: Loaded TP LinuxTargetPlatform
[2017.03.30-18.54.24:918][  0]LogTargetPlatformManager:Display: Building Assets For Windows
[2017.03.30-18.54.25:474][  0]LogDerivedDataCache:Display: Max Cache Size: 512 MB
[2017.03.30-18.54.25:518][  0]LogDerivedDataCache: Loaded boot cache 0.04s 50MB C:/Users/Numa/AppData/Local/UnrealEngine/4.15/DerivedDataCache/Boot.ddc.
[2017.03.30-18.54.25:518][  0]LogDerivedDataCache:Display: Loaded Boot cache: C:/Users/Numa/AppData/Local/UnrealEngine/4.15/DerivedDataCache/Boot.ddc
[2017.03.30-18.54.25:518][  0]LogDerivedDataCache: FDerivedDataBackendGraph:  Pak pak cache file X:/Unreal Projects/TileGame/DerivedDataCache/DDC.ddp not found, will not use a pak cache.
[2017.03.30-18.54.25:518][  0]LogDerivedDataCache: Unable to find inner node Pak for hierarchical cache Hierarchy.
[2017.03.30-18.54.25:518][  0]LogDerivedDataCache: FDerivedDataBackendGraph:  CompressedPak pak cache file X:/Unreal Projects/TileGame/DerivedDataCache/Compressed.ddp not found, will not use a pak cache.
[2017.03.30-18.54.25:518][  0]LogDerivedDataCache: Unable to find inner node CompressedPak for hierarchical cache Hierarchy.
[2017.03.30-18.54.25:536][  0]LogDerivedDataCache:Display: Pak cache opened for reading ../../../Engine/DerivedDataCache/Compressed.ddp.
[2017.03.30-18.54.25:548][  0]LogDerivedDataCache: Using Local data cache path C:/Users/Numa/AppData/Local/UnrealEngine/Common/DerivedDataCache: Writable
[2017.03.30-18.54.25:555][  0]LogSlate: Using Freetype 2.6.0
[2017.03.30-18.54.25:556][  0]LogSlate: SlateFontCache - WITH_FREETYPE: 1, WITH_HARFBUZZ: 1
[2017.03.30-18.54.25:556][  0]LogSlate: SlateFontCache - WITH_FREETYPE: 1, WITH_HARFBUZZ: 1
[2017.03.30-18.54.25:823][  0]LogInit: Selected Device Profile: [Windows]
[2017.03.30-18.54.25:825][  0]LogContentStreaming: Texture pool size is 0.00 MB
[2017.03.30-18.54.26:082][  0]LogMeshUtilities: Using QuadricMeshReduction for automatic static mesh reduction
[2017.03.30-18.54.26:137][  0]LogSimplygon: Simplygon DLL not present - disabling.
[2017.03.30-18.54.26:196][  0]LogMeshUtilities: Using SimplygonSwarm for distributed automatic mesh merging
[2017.03.30-18.54.26:196][  0]LogMeshUtilities: No automatic skeletal mesh reduction module available
[2017.03.30-18.54.26:196][  0]LogMeshUtilities: No automatic mesh merging module available
[2017.03.30-18.54.26:735][  0]LogNetVersion: GetLocalNetworkVersion: CL: 3299760, ProjectName: tilegame, ProjectVersion: , EngineNetworkVersion: 2, GameNetworkVersion: 0, NetworkChecksum: 3600184982
[2017.03.30-18.54.26:786][  0]LogAssetRegistry: FAssetRegistry took 0.0212 seconds to start up
[2017.03.30-18.54.26:832][  0]LogPackageLocalizationCache: Processed 3 localized package path(s) for 2 prioritized culture(s) in 0.018786 seconds
[2017.03.30-18.54.26:836][  0]LogUObjectArray: 32493 objects as part of root set at end of initial load.
[2017.03.30-18.54.26:836][  0]LogUObjectAllocator: 7077024 out of 0 bytes used by permanent object pool.
[2017.03.30-18.54.26:836][  0]LogUObjectArray: CloseDisregardForGC: 0/0 objects in disregard for GC pool
[2017.03.30-18.54.26:915][  0]LogInit: WinSock: version 1.1 (2.2), MaxSocks=32767, MaxUdp=65467
[2017.03.30-18.54.28:842][  0]LogTcpMessaging: Initializing TcpMessaging bridge
[2017.03.30-18.54.28:881][  0]LogUdpMessaging: Initializing bridge on interface 0.0.0.0:0 to multicast group 230.0.0.1:6666.
[2017.03.30-18.54.29:388][  0]LogMaterial: Uniform references updated for custom material expression Custom.
[2017.03.30-18.54.29:809][  0]SourceControl: Info Source control is disabled
[2017.03.30-18.54.29:809][  0]SourceControl: Info Source control is disabled
[2017.03.30-18.54.29:861][  0]SourceControl: Info Source control is disabled
[2017.03.30-18.54.29:917][  0]SourceControl: Info Source control is disabled
[2017.03.30-18.54.31:319][  0]LogEngine: Initializing Engine...
[2017.03.30-18.54.31:320][  0]LogHMD: Failed to initialize OpenVR with code 110
[2017.03.30-18.54.31:541][  0]LogAIModule: Creating AISystem for world Untitled
[2017.03.30-18.54.31:555][  0]LogInit: XAudio2 using 'Realtek Digital Output (Realtek High Definition Audio)' : 2 channels at 48 kHz using 16 bits per sample (channel mask 0x3)
[2017.03.30-18.54.31:567][  0]LogInit: FAudioDevice initialized.
[2017.03.30-18.54.31:587][  0]LogDerivedDataCache: Saved boot cache 0.02s 50MB C:/Users/Numa/AppData/Local/UnrealEngine/4.15/DerivedDataCache/Boot.ddc.
[2017.03.30-18.54.31:592][  0]LogInit: Texture streaming: Enabled
[2017.03.30-18.54.31:697][  0]LogEngineSessionManager: EngineSessionManager initialized
[2017.03.30-18.54.31:798][  0]LogInit: Transaction tracking system initialized
[2017.03.30-18.54.32:206][  0]BlueprintLog: New page: Editor Load
[2017.03.30-18.54.33:219][  0]LocalizationService: Info Localization service is disabled
[2017.03.30-18.54.33:991][  0]LogConsoleResponse:Display: 
[2017.03.30-18.54.34:107][  0]LogCook:Display: Max memory allowance for cook 16384mb min free memory 0mb
[2017.03.30-18.54.34:107][  0]LogCook:Display: Mobile HDR setting 1
[2017.03.30-18.54.34:349][  0]LogFileCache: Scanning file cache for directory 'X:/Unreal Projects/TileGame/Content/' took 0.01s
[2017.03.30-18.54.35:270][  0]SourceControl: Info Source control is disabled
[2017.03.30-18.54.35:270][  0]Cmd: MAP LOAD FILE="../../../Engine/Content/Maps/Templates/Template_Default.umap" TEMPLATE=1 SHOWPROGRESS=1 FEATURELEVEL=3
[2017.03.30-18.54.35:271][  0]LightingResults: New page: Lighting Build
[2017.03.30-18.54.35:317][  0]MapCheck: New page: Map Check
[2017.03.30-18.54.35:317][  0]LightingResults: New page: Lighting Build
[2017.03.30-18.54.35:469][  0]LogAIModule: Creating AISystem for world Untitled_1
[2017.03.30-18.54.35:483][  0]LogActorComponent: RegisterComponentWithWorld: (/Temp/Untitled_1.Untitled_1:PersistentLevel.WorldSettings_1.StaticMeshComponent0) Trying to register component with IsPendingKill() == true. Aborting.
[2017.03.30-18.54.35:486][  0]LogEditorServer: Finished looking for orphan Actors (0.000 secs)
[2017.03.30-18.54.35:488][  0]Cmd: MAP CHECKDEP NOCLEARLOG
[2017.03.30-18.54.35:550][  0]MapCheck: Info Map check complete: 0 Error(s), 0 Warning(s), took 61.286ms to complete.
[2017.03.30-18.54.35:550][  0]LogFileHelpers: Loading map 'Template_Default' took 0.280
[2017.03.30-18.54.35:613][  0]LogWindowsTextInputMethodSystem:Display: IME system now deactivated.
[2017.03.30-18.54.35:720][  0]LogCollectionManager: Loaded 0 collections in 0.002206 seconds
[2017.03.30-18.54.35:809][  0]LogFileCache: Scanning file cache for directory 'X:/Unreal Projects/TileGame/Saved/Collections/' took 0.01s
[2017.03.30-18.54.35:809][  0]LogFileCache: Scanning file cache for directory 'X:/Unreal Projects/TileGame/Content/Developers/Numa/Collections/' took 0.01s
[2017.03.30-18.54.35:809][  0]LogFileCache: Scanning file cache for directory 'X:/Unreal Projects/TileGame/Content/Collections/' took 0.01s
[2017.03.30-18.54.35:809][  0]LogCollectionManager: Rebuilt the GUID cache for 0 collections in 0.000002 seconds
[2017.03.30-18.54.35:817][  0]LogContentBrowser: Native class hierarchy populated in 0.0080 seconds. Added 2245 classes and 453 folders.
[2017.03.30-18.54.35:820][  0]LogStats: UGameplayTagsManager::ConstructGameplayTagTree: Construct from data asset -  0.000 s
[2017.03.30-18.54.35:820][  0]LogStats: UGameplayTagsManager::ConstructGameplayTagTree: GameplayTagTreeChangedEvent.Broadcast -  0.000 s
[2017.03.30-18.54.35:893][  0]LogContentBrowser: Native class hierarchy updated for 'WidgetCarousel' in 0.0004 seconds. Added 0 classes and 0 folders.
[2017.03.30-18.54.35:934][  0]LogContentBrowser: Native class hierarchy updated for 'AddContentDialog' in 0.0004 seconds. Added 0 classes and 0 folders.
[2017.03.30-18.54.35:983][  0]LogContentBrowser: Native class hierarchy updated for 'SceneOutliner' in 0.0004 seconds. Added 1 classes and 2 folders.
[2017.03.30-18.54.36:024][  0]LogCrashTracker: Crashtracker disabled due to settings.
[2017.03.30-18.54.36:029][  0]LogUObjectGlobals:Warning: Failed to find object 'Class None.'
[2017.03.30-18.54.36:098][  0]LogContentBrowser: Native class hierarchy updated for 'HierarchicalLODOutliner' in 0.0004 seconds. Added 1 classes and 2 folders.
[2017.03.30-18.54.36:099][  0]LogLoad: (Engine Initialization) Total time: 17.94 seconds
[2017.03.30-18.54.36:099][  0]LogLoad: (Engine Initialization) Total Blueprint compile time: 0.09 seconds
[2017.03.30-18.54.36:099][  0]LogExternalProfiler: Found external profiler: VSPerf
[2017.03.30-18.54.36:099][  0]LogExternalProfiler: Using external profiler: VSPerf
[2017.03.30-18.54.36:107][  0]LogOcInput: OculusInput pre-init called
[2017.03.30-18.54.36:123][  0]LogAssetRegistry: Asset discovery search completed in 9.3585 seconds
[2017.03.30-18.54.36:123][  0]LogCollectionManager: Rebuilt the object cache for 0 collections in 0.000003 seconds (found 0 objects)
[2017.03.30-18.54.36:123][  0]LogCollectionManager: Fixed up redirectors for 0 collections in 0.000013 seconds (updated 0 objects)
[2017.03.30-18.54.36:127][  0]LogContentStreaming: Texture pool size now 1000 MB
[2017.03.30-18.54.36:135][  0]LogSlate: Took 0.000289 seconds to synchronously load lazily loaded font '../../../Engine/Content/Slate/Fonts/Roboto-Regular.ttf' (155K)
[2017.03.30-18.54.36:138][  0]LogSlate: Took 0.000356 seconds to synchronously load lazily loaded font '../../../Engine/Content/Slate/Fonts/Roboto-Bold.ttf' (160K)
[2017.03.30-18.54.36:142][  0]LogSlate: Took 0.000380 seconds to synchronously load lazily loaded font '../../../Engine/Content/Editor/Slate/Fonts/FontAwesome.ttf' (139K)
[2017.03.30-18.54.36:272][  0]LogRenderer: Reallocating scene render targets to support 1492x808 NumSamples 1 (Frame:2).
[2017.03.30-18.54.58:506][655]LogBlueprint:Warning: [TileBasedGameMode] 'TypeOfTerrain' variable not found. Base class was probably changed.
[2017.03.30-18.54.58:506][655]LogBlueprint:Warning: [TileBasedGameMode] 'MovementCost' variable not found. Base class was probably changed.
[2017.03.30-18.54.58:506][655]LogBlueprint:Error: [Compiler TileBasedGameMode] Error Wrong class to spawn '/Game/Blueprints/TileBasic_v2_Blueprint.TileBasic_v2_Blueprint_C' in  Construct Object from Class
[2017.03.30-18.54.58:506][655]LogBlueprint:Error: [Compiler TileBasedGameMode] Error Outer object is required in  Construct Object from Class
[2017.03.30-18.54.58:509][655]LogBlueprint:Warning: [Compiler TileBasedGameMode] Warning Could not find a variable named "MovementCost" in 'TileBasic_v2_Blueprint_C'.
Make sure 'TileBasic_v2_Blueprint_C' has been compiled for  Get MovementCost
[2017.03.30-18.54.58:509][655]LogBlueprint:Warning: [Compiler TileBasedGameMode] Warning Could not find a variable named "TypeOfTerrain" in 'TileBasic_v2_Blueprint_C'.
Make sure 'TileBasic_v2_Blueprint_C' has been compiled for  Get TypeOfTerrain
[2017.03.30-18.54.58:509][655]LogBlueprint:Error: [Compiler TileBasedGameMode] Error The type of  Object  is undetermined.  Connect something to  Cast To BasicTile  to imply a specific type.
[2017.03.30-18.54.58:509][655]LogBlueprint:Error: [Compiler TileBasedGameMode] Error The type of  Object  is undetermined.  Connect something to  Cast To BasicTile  to imply a specific type.
[2017.03.30-18.54.58:509][655]LogBlueprint:Error: [Compiler TileBasedGameMode] Error The current value of the ' Object ' pin is invalid: Unsupported type Wildcard on pin Object
[2017.03.30-18.54.58:509][655]LogBlueprint:Error: [Compiler TileBasedGameMode] Error The property associated with  Type Of Terrain  could not be found
[2017.03.30-18.54.58:509][655]LogBlueprint:Error: [Compiler TileBasedGameMode] Error The property associated with  Movement Cost  could not be found
[2017.03.30-18.54.58:509][655]LogBlueprint:Error: [Compiler TileBasedGameMode] Error The current value of the ' Object ' pin is invalid: Unsupported type Wildcard on pin Object
[2017.03.30-18.54.58:511][655]LogBlueprint:Warning: [Compiler TileBasedGameMode] Warning [0040.35] Compile of TileBasedGameMode failed. 8 Fatal Issue(s) 2 Warning(s) [in 5 ms] (/Game/Blueprints/TileBasedGameMode.TileBasedGameMode)
[2017.03.30-18.54.58:511][655]LogBlueprint:Warning: [Compiler TileBasedGameMode] Warning [0040.35] Compile of TileBasedGameMode failed. 8 Fatal Issue(s) 3 Warning(s) [in 0 ms] (/Game/Blueprints/TileBasedGameMode.TileBasedGameMode)
[2017.03.30-18.54.58:511][655]LogBlueprint:Warning: [Compiler TileBasedGameMode] Warning [0040.35] Compile of TileBasedGameMode failed. 8 Fatal Issue(s) 4 Warning(s) [in 0 ms] (/Game/Blueprints/TileBasedGameMode.TileBasedGameMode)
[2017.03.30-18.54.58:512][655]LogBlueprint:Warning: [TileBasedGameMode] 'MovementCost' variable not found. Base class was probably changed.
[2017.03.30-18.54.58:512][655]LogBlueprint:Warning: [TileBasedGameMode] 'TypeOfTerrain' variable not found. Base class was probably changed.
[2017.03.30-18.54.58:515][655]LogBlueprint:Warning: [Compiler TileBasedGameMode] Warning Could not find a variable named "MovementCost" in 'TileBasic_v2_Blueprint_C'.
Make sure 'TileBasic_v2_Blueprint_C' has been compiled for  Get MovementCost
[2017.03.30-18.54.58:515][655]LogBlueprint:Warning: [Compiler TileBasedGameMode] Warning Could not find a variable named "TypeOfTerrain" in 'TileBasic_v2_Blueprint_C'.
Make sure 'TileBasic_v2_Blueprint_C' has been compiled for  Get TypeOfTerrain
[2017.03.30-18.54.58:515][655]LogBlueprint:Error: [Compiler TileBasedGameMode] Error The type of  Object  is undetermined.  Connect something to  Cast To BasicTile  to imply a specific type.
[2017.03.30-18.54.58:515][655]LogBlueprint:Error: [Compiler TileBasedGameMode] Error The type of  Object  is undetermined.  Connect something to  Cast To BasicTile  to imply a specific type.
[2017.03.30-18.54.58:515][655]LogBlueprint:Error: [Compiler TileBasedGameMode] Error The current value of the ' Object ' pin is invalid: Unsupported type Wildcard on pin Object
[2017.03.30-18.54.58:515][655]LogBlueprint:Error: [Compiler TileBasedGameMode] Error The property associated with  Type Of Terrain  could not be found
[2017.03.30-18.54.58:515][655]LogBlueprint:Error: [Compiler TileBasedGameMode] Error The property associated with  Movement Cost  could not be found
[2017.03.30-18.54.58:515][655]LogBlueprint:Error: [Compiler TileBasedGameMode] Error The current value of the ' Object ' pin is invalid: Unsupported type Wildcard on pin Object
[2017.03.30-18.54.58:517][655]LogBlueprint:Warning: [Compiler TileBasedGameMode] Warning [0040.35] Compile of TileBasedGameMode failed. 6 Fatal Issue(s) 2 Warning(s) [in 4 ms] (/Game/Blueprints/TileBasedGameMode.TileBasedGameMode)
[2017.03.30-18.54.58:517][655]LogBlueprint:Warning: [Compiler TileBasedGameMode] Warning [0040.35] Compile of TileBasedGameMode failed. 6 Fatal Issue(s) 3 Warning(s) [in 0 ms] (/Game/Blueprints/TileBasedGameMode.TileBasedGameMode)
[2017.03.30-18.54.58:517][655]LogBlueprint:Warning: [Compiler TileBasedGameMode] Warning [0040.35] Compile of TileBasedGameMode failed. 6 Fatal Issue(s) 4 Warning(s) [in 0 ms] (/Game/Blueprints/TileBasedGameMode.TileBasedGameMode)
[2017.03.30-18.54.58:536][655]LogSlate: Took 0.000150 seconds to synchronously load lazily loaded font '../../../Engine/Content/Slate/Fonts/Roboto-Light.ttf' (159K)
[2017.03.30-18.54.58:900][655]LogContentBrowser: Native class hierarchy updated for 'BlueprintGraph' in 0.0006 seconds. Added 112 classes and 0 folders.
[2017.03.30-18.54.59:363][655]LogSlate: Took 0.000259 seconds to synchronously load lazily loaded font '../../../Engine/Content/Slate/Fonts/Roboto-Regular.ttf' (155K)
[2017.03.30-18.54.59:431][655]LogSlate: Took 0.000319 seconds to synchronously load lazily loaded font '../../../Engine/Content/Editor/Slate/Fonts/Roboto-BoldCondensed.ttf' (158K)
[2017.03.30-18.55.46:170][119]LogSlate: Took 0.000293 seconds to synchronously load lazily loaded font '../../../Engine/Content/Editor/Slate/Fonts/Roboto-Italic.ttf' (157K)
[2017.03.30-18.56.19:566][  7]BlueprintLog: New page: Compile TileBasedGameMode
[2017.03.30-18.56.19:574][  7]LogBlueprint:Error: [Compiler TileBasedGameMode] Error Wrong class to spawn '/Game/Blueprints/TileBasic_v2_Blueprint.TileBasic_v2_Blueprint_C' in  Construct Object from Class
[2017.03.30-18.56.19:574][  7]LogBlueprint:Error: [Compiler TileBasedGameMode] Error Outer object is required in  Construct Object from Class
[2017.03.30-18.56.19:577][  7]LogBlueprint:Warning: [Compiler TileBasedGameMode] Warning Could not find a variable named "MovementCost" in 'TileBasic_v2_Blueprint_C'.
Make sure 'TileBasic_v2_Blueprint_C' has been compiled for  Get MovementCost
[2017.03.30-18.56.19:577][  7]LogBlueprint:Warning: [Compiler TileBasedGameMode] Warning Could not find a variable named "TypeOfTerrain" in 'TileBasic_v2_Blueprint_C'.
Make sure 'TileBasic_v2_Blueprint_C' has been compiled for  Get TypeOfTerrain
[2017.03.30-18.56.19:578][  7]LogBlueprint:Error: [Compiler TileBasedGameMode] Error The type of  Object  is undetermined.  Connect something to  Cast To BasicTile  to imply a specific type.
[2017.03.30-18.56.19:578][  7]LogBlueprint:Error: [Compiler TileBasedGameMode] Error The type of  Object  is undetermined.  Connect something to  Cast To BasicTile  to imply a specific type.
[2017.03.30-18.56.19:578][  7]LogBlueprint:Error: [Compiler TileBasedGameMode] Error The current value of the ' Object ' pin is invalid: Unsupported type Wildcard on pin Object
[2017.03.30-18.56.19:578][  7]LogBlueprint:Error: [Compiler TileBasedGameMode] Error The property associated with  Type Of Terrain  could not be found
[2017.03.30-18.56.19:578][  7]LogBlueprint:Error: [Compiler TileBasedGameMode] Error The property associated with  Movement Cost  could not be found
[2017.03.30-18.56.19:578][  7]LogBlueprint:Error: [Compiler TileBasedGameMode] Error The current value of the ' Object ' pin is invalid: Unsupported type Wildcard on pin Object
[2017.03.30-18.56.19:722][  7]BlueprintEditorCompileResults:Error: Error Wrong class to spawn '/Game/Blueprints/TileBasic_v2_Blueprint.TileBasic_v2_Blueprint_C' in  Construct Object from Class
[2017.03.30-18.56.19:722][  7]BlueprintEditorCompileResults:Error: Error Outer object is required in  Construct Object from Class
[2017.03.30-18.56.19:722][  7]BlueprintEditorCompileResults:Warning: Warning Could not find a variable named "MovementCost" in 'TileBasic_v2_Blueprint_C'.
Make sure 'TileBasic_v2_Blueprint_C' has been compiled for  Get MovementCost
[2017.03.30-18.56.19:722][  7]BlueprintEditorCompileResults:Warning: Warning Could not find a variable named "TypeOfTerrain" in 'TileBasic_v2_Blueprint_C'.
Make sure 'TileBasic_v2_Blueprint_C' has been compiled for  Get TypeOfTerrain
[2017.03.30-18.56.19:722][  7]BlueprintEditorCompileResults:Error: Error The type of  Object  is undetermined.  Connect something to  Cast To BasicTile  to imply a specific type.
[2017.03.30-18.56.19:722][  7]BlueprintEditorCompileResults:Error: Error The type of  Object  is undetermined.  Connect something to  Cast To BasicTile  to imply a specific type.
[2017.03.30-18.56.19:722][  7]BlueprintEditorCompileResults: Info The execution path doesn't end with a return node.  Cast Failed
[2017.03.30-18.56.19:722][  7]BlueprintEditorCompileResults: Info The execution path doesn't end with a return node.  Cast Failed
[2017.03.30-18.56.19:722][  7]BlueprintEditorCompileResults: Info The execution path doesn't end with a return node.  Cast Failed
[2017.03.30-18.56.19:722][  7]BlueprintEditorCompileResults:Error: Error The current value of the ' Object ' pin is invalid: Unsupported type Wildcard on pin Object
[2017.03.30-18.56.19:722][  7]BlueprintEditorCompileResults:Error: Error The property associated with  Type Of Terrain  could not be found
[2017.03.30-18.56.19:722][  7]BlueprintEditorCompileResults:Error: Error The property associated with  Movement Cost  could not be found
[2017.03.30-18.56.19:722][  7]BlueprintEditorCompileResults:Error: Error The current value of the ' Object ' pin is invalid: Unsupported type Wildcard on pin Object
[2017.03.30-18.56.19:722][  7]LogBlueprint:Warning: [Compiler TileBasedGameMode] Warning [0121.56] Compile of TileBasedGameMode failed. 8 Fatal Issue(s) 2 Warning(s) [in 155 ms] (/Game/Blueprints/TileBasedGameMode.TileBasedGameMode)
[2017.03.30-18.56.29:783][161]BlueprintLog: New page: Compile TileBasedGameMode
[2017.03.30-18.56.29:798][161]LogBlueprint:Warning: [Compiler TileBasedGameMode] Warning Could not find a variable named "MovementCost" in 'TileBasic_v2_Blueprint_C'.
Make sure 'TileBasic_v2_Blueprint_C' has been compiled for  Get MovementCost
[2017.03.30-18.56.29:798][161]LogBlueprint:Warning: [Compiler TileBasedGameMode] Warning Could not find a variable named "TypeOfTerrain" in 'TileBasic_v2_Blueprint_C'.
Make sure 'TileBasic_v2_Blueprint_C' has been compiled for  Get TypeOfTerrain
[2017.03.30-18.56.29:799][161]LogBlueprint:Error: [Compiler TileBasedGameMode] Error The type of  Object  is undetermined.  Connect something to  Cast To BasicTile  to imply a specific type.
[2017.03.30-18.56.29:799][161]LogBlueprint:Error: [Compiler TileBasedGameMode] Error The type of  Object  is undetermined.  Connect something to  Cast To BasicTile  to imply a specific type.
[2017.03.30-18.56.29:799][161]LogBlueprint:Error: [Compiler TileBasedGameMode] Error The current value of the ' Object ' pin is invalid: Unsupported type Wildcard on pin Object
[2017.03.30-18.56.29:799][161]LogBlueprint:Error: [Compiler TileBasedGameMode] Error The property associated with  Type Of Terrain  could not be found
[2017.03.30-18.56.29:799][161]LogBlueprint:Error: [Compiler TileBasedGameMode] Error The property associated with  Movement Cost  could not be found
[2017.03.30-18.56.29:799][161]LogBlueprint:Error: [Compiler TileBasedGameMode] Error The current value of the ' Object ' pin is invalid: Unsupported type Wildcard on pin Object
[2017.03.30-18.56.29:924][161]BlueprintEditorCompileResults:Warning: Warning Could not find a variable named "MovementCost" in 'TileBasic_v2_Blueprint_C'.
Make sure 'TileBasic_v2_Blueprint_C' has been compiled for  Get MovementCost
[2017.03.30-18.56.29:924][161]BlueprintEditorCompileResults:Warning: Warning Could not find a variable named "TypeOfTerrain" in 'TileBasic_v2_Blueprint_C'.
Make sure 'TileBasic_v2_Blueprint_C' has been compiled for  Get TypeOfTerrain
[2017.03.30-18.56.29:924][161]BlueprintEditorCompileResults:Error: Error The type of  Object  is undetermined.  Connect something to  Cast To BasicTile  to imply a specific type.
[2017.03.30-18.56.29:924][161]BlueprintEditorCompileResults:Error: Error The type of  Object  is undetermined.  Connect something to  Cast To BasicTile  to imply a specific type.
[2017.03.30-18.56.29:924][161]BlueprintEditorCompileResults: Info The execution path doesn't end with a return node.  Cast Failed
[2017.03.30-18.56.29:924][161]BlueprintEditorCompileResults: Info The execution path doesn't end with a return node.  Cast Failed
[2017.03.30-18.56.29:924][161]BlueprintEditorCompileResults: Info The execution path doesn't end with a return node.  Cast Failed
[2017.03.30-18.56.29:924][161]BlueprintEditorCompileResults:Error: Error The current value of the ' Object ' pin is invalid: Unsupported type Wildcard on pin Object
[2017.03.30-18.56.29:924][161]BlueprintEditorCompileResults:Error: Error The property associated with  Type Of Terrain  could not be found
[2017.03.30-18.56.29:924][161]BlueprintEditorCompileResults:Error: Error The property associated with  Movement Cost  could not be found
[2017.03.30-18.56.29:924][161]BlueprintEditorCompileResults:Error: Error The current value of the ' Object ' pin is invalid: Unsupported type Wildcard on pin Object
[2017.03.30-18.56.29:925][161]LogBlueprint:Warning: [Compiler TileBasedGameMode] Warning [0131.76] Compile of TileBasedGameMode failed. 6 Fatal Issue(s) 2 Warning(s) [in 141 ms] (/Game/Blueprints/TileBasedGameMode.TileBasedGameMode)
[2017.03.30-18.57.03:982][231]BlueprintLog: New page: Compile TileBasedGameMode
[2017.03.30-18.57.03:993][231]LogBlueprint:Warning: [Compiler TileBasedGameMode] Warning Could not find a variable named "MovementCost" in 'TileBasic_v2_Blueprint_C'.
Make sure 'TileBasic_v2_Blueprint_C' has been compiled for  Get MovementCost
[2017.03.30-18.57.03:993][231]LogBlueprint:Warning: [Compiler TileBasedGameMode] Warning Could not find a variable named "TypeOfTerrain" in 'TileBasic_v2_Blueprint_C'.
Make sure 'TileBasic_v2_Blueprint_C' has been compiled for  Get TypeOfTerrain
[2017.03.30-18.57.03:993][231]LogBlueprint:Error: [Compiler TileBasedGameMode] Error The type of  Object  is undetermined.  Connect something to  Cast To BasicTile  to imply a specific type.
[2017.03.30-18.57.03:993][231]LogBlueprint:Error: [Compiler TileBasedGameMode] Error The type of  Object  is undetermined.  Connect something to  Cast To BasicTile  to imply a specific type.
[2017.03.30-18.57.03:994][231]LogBlueprint:Error: [Compiler TileBasedGameMode] Error The current value of the ' Object ' pin is invalid: Unsupported type Wildcard on pin Object
[2017.03.30-18.57.03:994][231]LogBlueprint:Error: [Compiler TileBasedGameMode] Error The property associated with  Type Of Terrain  could not be found
[2017.03.30-18.57.03:994][231]LogBlueprint:Error: [Compiler TileBasedGameMode] Error The property associated with  Movement Cost  could not be found
[2017.03.30-18.57.03:994][231]LogBlueprint:Error: [Compiler TileBasedGameMode] Error The current value of the ' Object ' pin is invalid: Unsupported type Wildcard on pin Object
[2017.03.30-18.57.04:107][231]BlueprintEditorCompileResults:Warning: Warning Could not find a variable named "MovementCost" in 'TileBasic_v2_Blueprint_C'.
Make sure 'TileBasic_v2_Blueprint_C' has been compiled for  Get MovementCost
[2017.03.30-18.57.04:107][231]BlueprintEditorCompileResults:Warning: Warning Could not find a variable named "TypeOfTerrain" in 'TileBasic_v2_Blueprint_C'.
Make sure 'TileBasic_v2_Blueprint_C' has been compiled for  Get TypeOfTerrain
[2017.03.30-18.57.04:107][231]BlueprintEditorCompileResults:Error: Error The type of  Object  is undetermined.  Connect something to  Cast To BasicTile  to imply a specific type.
[2017.03.30-18.57.04:107][231]BlueprintEditorCompileResults:Error: Error The type of  Object  is undetermined.  Connect something to  Cast To BasicTile  to imply a specific type.
[2017.03.30-18.57.04:107][231]BlueprintEditorCompileResults: Info The execution path doesn't end with a return node.  Cast Failed
[2017.03.30-18.57.04:107][231]BlueprintEditorCompileResults: Info The execution path doesn't end with a return node.  Cast Failed
[2017.03.30-18.57.04:107][231]BlueprintEditorCompileResults: Info The execution path doesn't end with a return node.  Cast Failed
[2017.03.30-18.57.04:107][231]BlueprintEditorCompileResults:Error: Error The current value of the ' Object ' pin is invalid: Unsupported type Wildcard on pin Object
[2017.03.30-18.57.04:107][231]BlueprintEditorCompileResults:Error: Error The property associated with  Type Of Terrain  could not be found
[2017.03.30-18.57.04:107][231]BlueprintEditorCompileResults:Error: Error The property associated with  Movement Cost  could not be found
[2017.03.30-18.57.04:107][231]BlueprintEditorCompileResults:Error: Error The current value of the ' Object ' pin is invalid: Unsupported type Wildcard on pin Object
[2017.03.30-18.57.04:107][231]LogBlueprint:Warning: [Compiler TileBasedGameMode] Warning [0165.94] Compile of TileBasedGameMode failed. 6 Fatal Issue(s) 2 Warning(s) [in 124 ms] (/Game/Blueprints/TileBasedGameMode.TileBasedGameMode)
[2017.03.30-18.57.20:486][148]Cmd: OBJ SAVEPACKAGE PACKAGE="/Game/Blueprints/TileBasedGameMode" FILE="X:/Unreal Projects/TileGame/Content/Blueprints/TileBasedGameMode.uasset" SILENT=true
[2017.03.30-18.57.20:503][148]LogSavePackage: Save=13.99ms
[2017.03.30-18.57.20:503][148]LogSavePackage: Moving 'X:/Unreal Projects/TileGame/Saved/TileBasedGameMode2B036E1340316CA63400B2B3ABAB6DA2.tmp' to 'X:/Unreal Projects/TileGame/Content/Blueprints/TileBasedGameMode.uasset'
[2017.03.30-18.57.20:504][148]LogSavePackage:Display: Finished SavePackage X:/Unreal Projects/TileGame/Content/Blueprints/TileBasedGameMode.uasset
[2017.03.30-18.57.21:898][313]LogTemp: Repeting last play command: Simulate
[2017.03.30-18.57.21:907][313]LogPlayLevel: PlayLevel: No blueprints needed recompiling
[2017.03.30-18.57.25:074][313]PIE: New page: SIE session: Untitled_1 (Mar 30, 2017, 10:57:25 PM)
[2017.03.30-18.57.25:075][313]LogPlayLevel: Creating play world package: /Temp/UEDPIE_0_Untitled_1
[2017.03.30-18.57.25:078][313]LogPlayLevel: PIE: StaticDuplicateObject took: (0.003000s)
[2017.03.30-18.57.25:079][313]LogAIModule: Creating AISystem for world Untitled_1
[2017.03.30-18.57.25:079][313]LogPlayLevel: PIE: World Init took: (0.000861s)
[2017.03.30-18.57.25:079][313]LogPlayLevel: PIE: Created PIE world by copying editor world from /Temp/Untitled_1.Untitled_1 to /Temp/UEDPIE_0_Untitled_1.Untitled_1 (0.004293s)
[2017.03.30-18.57.25:099][313]LogInit: XAudio2 using 'Realtek Digital Output (Realtek High Definition Audio)' : 2 channels at 48 kHz using 16 bits per sample (channel mask 0x3)
[2017.03.30-18.57.25:108][313]LogInit: FAudioDevice initialized.
[2017.03.30-18.57.25:151][313]LogLoad: Game class is 'TileBasedGameMode_C'
[2017.03.30-18.57.25:154][313]LogWorld: Bringing World /Temp/UEDPIE_0_Untitled_1.Untitled_1 up for play (max tick rate 0) at 2017.03.30-20.57.25
[2017.03.30-18.57.25:155][313]LogWorld: Bringing up level for play took: 0.000929
[2017.03.30-18.57.25:206][313]LogContentBrowser: Native class hierarchy updated for 'MovieSceneCapture' in 0.0004 seconds. Added 11 classes and 0 folders.
[2017.03.30-18.57.25:206][313]PIE: Info Play in editor start time for /Temp/UEDPIE_0_Untitled_1 3.329
[2017.03.30-18.57.35:236][ 14]LogEditorViewport: Clicking on Actor (LMB): BP_Sky_Sphere_C (Sky Sphere)
[2017.03.30-18.57.43:860][583]LogEditorViewport: Clicking on Actor (LMB): StaticMeshActor (Floor)
[2017.03.30-18.57.45:389][706]PIE:Warning: Warning Mobility of Floor : StaticMeshComponent0 has to be 'Movable' if you'd like to move. 
[2017.03.30-18.57.45:390][706]PIE:Warning: Warning Mobility of Floor : StaticMeshComponent0 has to be 'Movable' if you'd like to move. 
[2017.03.30-18.57.45:408][707]PIE:Warning: Warning Mobility of Floor : StaticMeshComponent0 has to be 'Movable' if you'd like to move. 
[2017.03.30-18.57.45:408][707]PIE:Warning: Warning Mobility of Floor : StaticMeshComponent0 has to be 'Movable' if you'd like to move. 
[2017.03.30-18.57.45:424][708]PIE:Warning: Warning Mobility of Floor : StaticMeshComponent0 has to be 'Movable' if you'd like to move. 
[2017.03.30-18.57.45:424][708]PIE:Warning: Warning Mobility of Floor : StaticMeshComponent0 has to be 'Movable' if you'd like to move. 
[2017.03.30-18.57.45:438][709]PIE:Warning: Warning Mobility of Floor : StaticMeshComponent0 has to be 'Movable' if you'd like to move. 
[2017.03.30-18.57.45:439][709]PIE:Warning: Warning Mobility of Floor : StaticMeshComponent0 has to be 'Movable' if you'd like to move. 
[2017.03.30-18.57.45:454][710]PIE:Warning: Warning Mobility of Floor : StaticMeshComponent0 has to be 'Movable' if you'd like to move. 
[2017.03.30-18.57.45:454][710]PIE:Warning: Warning Mobility of Floor : StaticMeshComponent0 has to be 'Movable' if you'd like to move. 
[2017.03.30-18.57.45:471][711]PIE:Warning: Warning Mobility of Floor : StaticMeshComponent0 has to be 'Movable' if you'd like to move. 
[2017.03.30-18.57.45:471][711]PIE:Warning: Warning Mobility of Floor : StaticMeshComponent0 has to be 'Movable' if you'd like to move. 
[2017.03.30-18.57.45:486][712]PIE:Warning: Warning Mobility of Floor : StaticMeshComponent0 has to be 'Movable' if you'd like to move. 
[2017.03.30-18.57.45:486][712]PIE:Warning: Warning Mobility of Floor : StaticMeshComponent0 has to be 'Movable' if you'd like to move. 
[2017.03.30-18.57.45:502][713]PIE:Warning: Warning Mobility of Floor : StaticMeshComponent0 has to be 'Movable' if you'd like to move. 
[2017.03.30-18.57.45:502][713]PIE:Warning: Warning Mobility of Floor : StaticMeshComponent0 has to be 'Movable' if you'd like to move. 
[2017.03.30-18.57.45:517][714]PIE:Warning: Warning Mobility of Floor : StaticMeshComponent0 has to be 'Movable' if you'd like to move. 
[2017.03.30-18.57.45:517][714]PIE:Warning: Warning Mobility of Floor : StaticMeshComponent0 has to be 'Movable' if you'd like to move. 
[2017.03.30-18.57.45:532][715]PIE:Warning: Warning Mobility of Floor : StaticMeshComponent0 has to be 'Movable' if you'd like to move. 
[2017.03.30-18.57.45:532][715]PIE:Warning: Warning Mobility of Floor : StaticMeshComponent0 has to be 'Movable' if you'd like to move. 
[2017.03.30-18.57.45:546][716]PIE:Warning: Warning Mobility of Floor : StaticMeshComponent0 has to be 'Movable' if you'd like to move. 
[2017.03.30-18.57.45:546][716]PIE:Warning: Warning Mobility of Floor : StaticMeshComponent0 has to be 'Movable' if you'd like to move. 
[2017.03.30-18.57.45:562][717]PIE:Warning: Warning Mobility of Floor : StaticMeshComponent0 has to be 'Movable' if you'd like to move. 
[2017.03.30-18.57.45:562][717]PIE:Warning: Warning Mobility of Floor : StaticMeshComponent0 has to be 'Movable' if you'd like to move. 
[2017.03.30-18.57.45:577][718]PIE:Warning: Warning Mobility of Floor : StaticMeshComponent0 has to be 'Movable' if you'd like to move. 
[2017.03.30-18.57.45:577][718]PIE:Warning: Warning Mobility of Floor : StaticMeshComponent0 has to be 'Movable' if you'd like to move. 
[2017.03.30-18.57.45:593][719]PIE:Warning: Warning Mobility of Floor : StaticMeshComponent0 has to be 'Movable' if you'd like to move. 
[2017.03.30-18.57.45:593][719]PIE:Warning: Warning Mobility of Floor : StaticMeshComponent0 has to be 'Movable' if you'd like to move. 
[2017.03.30-18.57.45:607][720]PIE:Warning: Warning Mobility of Floor : StaticMeshComponent0 has to be 'Movable' if you'd like to move. 
[2017.03.30-18.57.45:607][720]PIE:Warning: Warning Mobility of Floor : StaticMeshComponent0 has to be 'Movable' if you'd like to move. 
[2017.03.30-18.57.45:622][721]PIE:Warning: Warning Mobility of Floor : StaticMeshComponent0 has to be 'Movable' if you'd like to move. 
[2017.03.30-18.57.45:622][721]PIE:Warning: Warning Mobility of Floor : StaticMeshComponent0 has to be 'Movable' if you'd like to move. 
[2017.03.30-18.57.45:640][722]PIE:Warning: Warning Mobility of Floor : StaticMeshComponent0 has to be 'Movable' if you'd like to move. 
[2017.03.30-18.57.45:640][722]PIE:Warning: Warning Mobility of Floor : StaticMeshComponent0 has to be 'Movable' if you'd like to move. 
[2017.03.30-18.57.45:655][723]PIE:Warning: Warning Mobility of Floor : StaticMeshComponent0 has to be 'Movable' if you'd like to move. 
[2017.03.30-18.57.45:655][723]PIE:Warning: Warning Mobility of Floor : StaticMeshComponent0 has to be 'Movable' if you'd like to move. 
[2017.03.30-18.57.46:095][753]PIE:Warning: Warning Mobility of Floor : StaticMeshComponent0 has to be 'Movable' if you'd like to move. 
[2017.03.30-18.57.46:095][753]PIE:Warning: Warning Mobility of Floor : StaticMeshComponent0 has to be 'Movable' if you'd like to move. 
[2017.03.30-18.57.46:110][754]PIE:Warning: Warning Mobility of Floor : StaticMeshComponent0 has to be 'Movable' if you'd like to move. 
[2017.03.30-18.57.46:110][754]PIE:Warning: Warning Mobility of Floor : StaticMeshComponent0 has to be 'Movable' if you'd like to move. 
[2017.03.30-18.57.46:124][755]PIE:Warning: Warning Mobility of Floor : StaticMeshComponent0 has to be 'Movable' if you'd like to move. 
[2017.03.30-18.57.46:124][755]PIE:Warning: Warning Mobility of Floor : StaticMeshComponent0 has to be 'Movable' if you'd like to move. 
[2017.03.30-18.57.46:139][756]PIE:Warning: Warning Mobility of Floor : StaticMeshComponent0 has to be 'Movable' if you'd like to move. 
[2017.03.30-18.57.46:139][756]PIE:Warning: Warning Mobility of Floor : StaticMeshComponent0 has to be 'Movable' if you'd like to move. 
[2017.03.30-18.57.46:153][757]PIE:Warning: Warning Mobility of Floor : StaticMeshComponent0 has to be 'Movable' if you'd like to move. 
[2017.03.30-18.57.46:153][757]PIE:Warning: Warning Mobility of Floor : StaticMeshComponent0 has to be 'Movable' if you'd like to move. 
[2017.03.30-18.57.46:171][758]PIE:Warning: Warning Mobility of Floor : StaticMeshComponent0 has to be 'Movable' if you'd like to move. 
[2017.03.30-18.57.46:171][758]PIE:Warning: Warning Mobility of Floor : StaticMeshComponent0 has to be 'Movable' if you'd like to move. 
[2017.03.30-18.57.46:188][759]PIE:Warning: Warning Mobility of Floor : StaticMeshComponent0 has to be 'Movable' if you'd like to move. 
[2017.03.30-18.57.46:188][759]PIE:Warning: Warning Mobility of Floor : StaticMeshComponent0 has to be 'Movable' if you'd like to move. 
[2017.03.30-18.57.46:207][760]PIE:Warning: Warning Mobility of Floor : StaticMeshComponent0 has to be 'Movable' if you'd like to move. 
[2017.03.30-18.57.46:207][760]PIE:Warning: Warning Mobility of Floor : StaticMeshComponent0 has to be 'Movable' if you'd like to move. 
[2017.03.30-18.57.46:223][761]PIE:Warning: Warning Mobility of Floor : StaticMeshComponent0 has to be 'Movable' if you'd like to move. 
[2017.03.30-18.57.46:223][761]PIE:Warning: Warning Mobility of Floor : StaticMeshComponent0 has to be 'Movable' if you'd like to move. 
[2017.03.30-18.57.46:238][762]PIE:Warning: Warning Mobility of Floor : StaticMeshComponent0 has to be 'Movable' if you'd like to move. 
[2017.03.30-18.57.46:238][762]PIE:Warning: Warning Mobility of Floor : StaticMeshComponent0 has to be 'Movable' if you'd like to move. 
[2017.03.30-18.57.46:253][763]PIE:Warning: Warning Mobility of Floor : StaticMeshComponent0 has to be 'Movable' if you'd like to move. 
[2017.03.30-18.57.46:253][763]PIE:Warning: Warning Mobility of Floor : StaticMeshComponent0 has to be 'Movable' if you'd like to move. 
[2017.03.30-18.57.46:269][764]PIE:Warning: Warning Mobility of Floor : StaticMeshComponent0 has to be 'Movable' if you'd like to move. 
[2017.03.30-18.57.46:269][764]PIE:Warning: Warning Mobility of Floor : StaticMeshComponent0 has to be 'Movable' if you'd like to move. 
[2017.03.30-18.57.46:285][765]PIE:Warning: Warning Mobility of Floor : StaticMeshComponent0 has to be 'Movable' if you'd like to move. 
[2017.03.30-18.57.46:285][765]PIE:Warning: Warning Mobility of Floor : StaticMeshComponent0 has to be 'Movable' if you'd like to move. 
[2017.03.30-18.57.46:301][766]PIE:Warning: Warning Mobility of Floor : StaticMeshComponent0 has to be 'Movable' if you'd like to move. 
[2017.03.30-18.57.46:301][766]PIE:Warning: Warning Mobility of Floor : StaticMeshComponent0 has to be 'Movable' if you'd like to move. 
[2017.03.30-18.57.46:317][767]PIE:Warning: Warning Mobility of Floor : StaticMeshComponent0 has to be 'Movable' if you'd like to move. 
[2017.03.30-18.57.46:317][767]PIE:Warning: Warning Mobility of Floor : StaticMeshComponent0 has to be 'Movable' if you'd like to move. 
[2017.03.30-18.57.46:332][768]PIE:Warning: Warning Mobility of Floor : StaticMeshComponent0 has to be 'Movable' if you'd like to move. 
[2017.03.30-18.57.46:332][768]PIE:Warning: Warning Mobility of Floor : StaticMeshComponent0 has to be 'Movable' if you'd like to move. 
[2017.03.30-18.57.46:347][769]PIE:Warning: Warning Mobility of Floor : StaticMeshComponent0 has to be 'Movable' if you'd like to move. 
[2017.03.30-18.57.46:347][769]PIE:Warning: Warning Mobility of Floor : StaticMeshComponent0 has to be 'Movable' if you'd like to move. 
[2017.03.30-18.57.46:362][770]PIE:Warning: Warning Mobility of Floor : StaticMeshComponent0 has to be 'Movable' if you'd like to move. 
[2017.03.30-18.57.46:362][770]PIE:Warning: Warning Mobility of Floor : StaticMeshComponent0 has to be 'Movable' if you'd like to move. 
[2017.03.30-18.57.46:773][799]LogEditorViewport: Clicking on Actor (LMB): StaticMeshActor (Floor)
[2017.03.30-18.57.47:539][862]PIE:Warning: Warning Mobility of Floor : StaticMeshComponent0 has to be 'Movable' if you'd like to move. 
[2017.03.30-18.57.47:539][862]PIE:Warning: Warning Mobility of Floor : StaticMeshComponent0 has to be 'Movable' if you'd like to move. 
[2017.03.30-18.57.47:553][863]PIE:Warning: Warning Mobility of Floor : StaticMeshComponent0 has to be 'Movable' if you'd like to move. 
[2017.03.30-18.57.47:553][863]PIE:Warning: Warning Mobility of Floor : StaticMeshComponent0 has to be 'Movable' if you'd like to move. 
[2017.03.30-18.57.47:568][864]PIE:Warning: Warning Mobility of Floor : StaticMeshComponent0 has to be 'Movable' if you'd like to move. 
[2017.03.30-18.57.47:568][864]PIE:Warning: Warning Mobility of Floor : StaticMeshComponent0 has to be 'Movable' if you'd like to move. 
[2017.03.30-18.57.47:583][865]PIE:Warning: Warning Mobility of Floor : StaticMeshComponent0 has to be 'Movable' if you'd like to move. 
[2017.03.30-18.57.47:583][865]PIE:Warning: Warning Mobility of Floor : StaticMeshComponent0 has to be 'Movable' if you'd like to move. 
[2017.03.30-18.57.47:599][866]PIE:Warning: Warning Mobility of Floor : StaticMeshComponent0 has to be 'Movable' if you'd like to move. 
[2017.03.30-18.57.47:599][866]PIE:Warning: Warning Mobility of Floor : StaticMeshComponent0 has to be 'Movable' if you'd like to move. 
[2017.03.30-18.57.47:613][867]PIE:Warning: Warning Mobility of Floor : StaticMeshComponent0 has to be 'Movable' if you'd like to move. 
[2017.03.30-18.57.47:613][867]PIE:Warning: Warning Mobility of Floor : StaticMeshComponent0 has to be 'Movable' if you'd like to move. 
[2017.03.30-18.57.47:628][868]PIE:Warning: Warning Mobility of Floor : StaticMeshComponent0 has to be 'Movable' if you'd like to move. 
[2017.03.30-18.57.47:629][868]PIE:Warning: Warning Mobility of Floor : StaticMeshComponent0 has to be 'Movable' if you'd like to move. 
[2017.03.30-18.57.47:643][869]PIE:Warning: Warning Mobility of Floor : StaticMeshComponent0 has to be 'Movable' if you'd like to move. 
[2017.03.30-18.57.47:643][869]PIE:Warning: Warning Mobility of Floor : StaticMeshComponent0 has to be 'Movable' if you'd like to move. 
[2017.03.30-18.57.47:659][870]PIE:Warning: Warning Mobility of Floor : StaticMeshComponent0 has to be 'Movable' if you'd like to move. 
[2017.03.30-18.57.47:659][870]PIE:Warning: Warning Mobility of Floor : StaticMeshComponent0 has to be 'Movable' if you'd like to move. 
[2017.03.30-18.57.47:672][871]PIE:Warning: Warning Mobility of Floor : StaticMeshComponent0 has to be 'Movable' if you'd like to move. 
[2017.03.30-18.57.47:672][871]PIE:Warning: Warning Mobility of Floor : StaticMeshComponent0 has to be 'Movable' if you'd like to move. 
[2017.03.30-18.57.47:687][872]PIE:Warning: Warning Mobility of Floor : StaticMeshComponent0 has to be 'Movable' if you'd like to move. 
[2017.03.30-18.57.47:687][872]PIE:Warning: Warning Mobility of Floor : StaticMeshComponent0 has to be 'Movable' if you'd like to move. 
[2017.03.30-18.57.47:702][873]PIE:Warning: Warning Mobility of Floor : StaticMeshComponent0 has to be 'Movable' if you'd like to move. 
[2017.03.30-18.57.47:702][873]PIE:Warning: Warning Mobility of Floor : StaticMeshComponent0 has to be 'Movable' if you'd like to move. 
[2017.03.30-18.57.47:718][874]PIE:Warning: Warning Mobility of Floor : StaticMeshComponent0 has to be 'Movable' if you'd like to move. 
[2017.03.30-18.57.47:718][874]PIE:Warning: Warning Mobility of Floor : StaticMeshComponent0 has to be 'Movable' if you'd like to move. 
[2017.03.30-18.57.48:172][906]LogEditorViewport: Clicking on Actor (LMB): StaticMeshActor (Floor)
[2017.03.30-18.57.48:319][919]LogEditorViewport: Clicking on Component (LMB): StaticMeshComponent (StaticMeshComponent0)
[2017.03.30-18.57.50:459][108]LogEditorViewport: Clicking on Actor (LMB): StaticMeshActor (Floor)
[2017.03.30-18.57.58:292][982]LogTemp: Repeting last play command: Simulate
[2017.03.30-18.57.58:299][982]LogPlayLevel: PlayLevel: No blueprints needed recompiling
[2017.03.30-18.57.58:299][982]PIE: New page: SIE session: Untitled_1 (Mar 30, 2017, 10:57:58 PM)
[2017.03.30-18.57.58:299][982]LogPlayLevel: Creating play world package: /Temp/UEDPIE_0_Untitled_1
[2017.03.30-18.57.58:300][982]LogPlayLevel: PIE: StaticDuplicateObject took: (0.001391s)
[2017.03.30-18.57.58:301][982]LogAIModule: Creating AISystem for world Untitled_1
[2017.03.30-18.57.58:301][982]LogPlayLevel: PIE: World Init took: (0.000798s)
[2017.03.30-18.57.58:301][982]LogPlayLevel: PIE: Created PIE world by copying editor world from /Temp/Untitled_1.Untitled_1 to /Temp/UEDPIE_0_Untitled_1.Untitled_1 (0.002335s)
[2017.03.30-18.57.58:321][982]LogInit: XAudio2 using 'Realtek Digital Output (Realtek High Definition Audio)' : 2 channels at 48 kHz using 16 bits per sample (channel mask 0x3)
[2017.03.30-18.57.58:329][982]LogInit: FAudioDevice initialized.
[2017.03.30-18.57.58:360][982]LogLoad: Game class is 'TileBasedGameMode_C'
[2017.03.30-18.57.58:361][982]LogWorld: Bringing World /Temp/UEDPIE_0_Untitled_1.Untitled_1 up for play (max tick rate 0) at 2017.03.30-20.57.58
[2017.03.30-18.57.58:361][982]LogWorld: Bringing up level for play took: 0.000928
[2017.03.30-18.57.58:362][982]PIE: Info Play in editor start time for /Temp/UEDPIE_0_Untitled_1 0.485
[2017.03.30-18.58.47:832][389]LogBlueprint:Warning: USimpleConstructionScript::FixupRootNodeParentReferences() - Couldn't find native parent component 'StaticMeshComponent0' for 'DefaultSceneRoot' in BlueprintGeneratedClass 'BasicTile_C' (it may have been removed)
[2017.03.30-18.59.06:800][386]Cmd: QUIT_EDITOR
[2017.03.30-18.59.07:710][386]LogWindowsTextInputMethodSystem:Display: IME system now deactivated.
[2017.03.30-18.59.07:729][386]LogExit: Preparing to exit.
[2017.03.30-18.59.08:064][386]LogExit: Editor shut down
[2017.03.30-18.59.08:065][386]LogExit: Transaction tracking system shut down
[2017.03.30-18.59.08:126][386]LogObj: Freed 0b from 0 cluster array pools.
[2017.03.30-18.59.08:126][386]LogExit: Object subsystem successfully closed.
[2017.03.30-18.59.08:134][386]LogD3D11RHI: Shutdown
[2017.03.30-18.59.08:134][386]LogD3D11RHI: CleanupD3DDevice
[2017.03.30-18.59.08:180][386]LogD3D11RHI: ~FD3D11DynamicRHI
[2017.03.30-18.59.08:202][386]LogModuleManager: Shutting down and abandoning module MovieSceneCapture (504)
[2017.03.30-18.59.08:202][386]LogModuleManager: Shutting down and abandoning module BlueprintGraph (502)
[2017.03.30-18.59.08:202][386]LogModuleManager: Shutting down and abandoning module BlueprintProfiler (500)
[2017.03.30-18.59.08:202][386]LogModuleManager: Shutting down and abandoning module HierarchicalLODOutliner (498)
[2017.03.30-18.59.08:202][386]LogModuleManager: Shutting down and abandoning module CrashTracker (496)
[2017.03.30-18.59.08:202][386]LogModuleManager: Shutting down and abandoning module SceneOutliner (494)
[2017.03.30-18.59.08:202][386]LogModuleManager: Shutting down and abandoning module AddContentDialog (492)
[2017.03.30-18.59.08:202][386]LogDirectoryWatcher: A directory notification for 'C:/Unreal Engine/UE_4.15/FeaturePacks/' was aborted.
[2017.03.30-18.59.08:203][386]LogModuleManager: Shutting down and abandoning module WidgetCarousel (491)
[2017.03.30-18.59.08:203][386]LogModuleManager: Shutting down and abandoning module EditorWidgets (488)
[2017.03.30-18.59.08:203][386]LogModuleManager: Shutting down and abandoning module CollectionManager (486)
[2017.03.30-18.59.08:203][386]LogDirectoryWatcher: A directory notification for 'X:/Unreal Projects/TileGame/Content/Collections/' was aborted.
[2017.03.30-18.59.08:203][386]LogDirectoryWatcher: A directory notification for 'X:/Unreal Projects/TileGame/Content/Developers/Numa/Collections/' was aborted.
[2017.03.30-18.59.08:203][386]LogDirectoryWatcher: A directory notification for 'X:/Unreal Projects/TileGame/Saved/Collections/' was aborted.
[2017.03.30-18.59.08:203][386]LogModuleManager: Shutting down and abandoning module StatsViewer (484)
[2017.03.30-18.59.08:203][386]LogModuleManager: Shutting down and abandoning module FoliageEdit (482)
[2017.03.30-18.59.08:203][386]LogModuleManager: Shutting down and abandoning module LandscapeEditor (480)
[2017.03.30-18.59.08:203][386]LogModuleManager: Shutting down and abandoning module SceneDepthPickerMode (478)
[2017.03.30-18.59.08:203][386]LogModuleManager: Shutting down and abandoning module ActorPickerMode (476)
[2017.03.30-18.59.08:203][386]LogModuleManager: Shutting down and abandoning module GeometryMode (474)
[2017.03.30-18.59.08:203][386]LogModuleManager: Shutting down and abandoning module TextureAlignMode (472)
[2017.03.30-18.59.08:203][386]LogModuleManager: Shutting down and abandoning module BspMode (470)
[2017.03.30-18.59.08:203][386]LogModuleManager: Shutting down and abandoning module HardwareSurvey (468)
[2017.03.30-18.59.08:203][386]LogModuleManager: Shutting down and abandoning module SequenceRecorderSections (466)
[2017.03.30-18.59.08:203][386]LogModuleManager: Shutting down and abandoning module AutomationWorker (464)
[2017.03.30-18.59.08:203][386]LogModuleManager: Shutting down and abandoning module MatineeToLevelSequence (462)
[2017.03.30-18.59.08:203][386]LogModuleManager: Shutting down and abandoning module LevelSequenceEditor (460)
[2017.03.30-18.59.08:203][386]LogModuleManager: Shutting down and abandoning module PlacementMode (459)
[2017.03.30-18.59.08:203][386]LogModuleManager: Shutting down and abandoning module WmfMediaFactory (456)
[2017.03.30-18.59.08:203][386]LogModuleManager: Shutting down and abandoning module WmfMediaEditor (454)
[2017.03.30-18.59.08:203][386]LogModuleManager: Shutting down and abandoning module MfMediaFactory (452)
[2017.03.30-18.59.08:203][386]LogModuleManager: Shutting down and abandoning module MfMediaEditor (450)
[2017.03.30-18.59.08:203][386]LogModuleManager: Shutting down and abandoning module AvfMediaFactory (448)
[2017.03.30-18.59.08:203][386]LogModuleManager: Shutting down and abandoning module AvfMediaEditor (446)
[2017.03.30-18.59.08:203][386]LogModuleManager: Shutting down and abandoning module AndroidMediaFactory (444)
[2017.03.30-18.59.08:203][386]LogModuleManager: Shutting down and abandoning module Media (443)
[2017.03.30-18.59.08:203][386]LogModuleManager: Shutting down and abandoning module AndroidMediaEditor (440)
[2017.03.30-18.59.08:203][386]LogModuleManager: Shutting down and abandoning module CharacterAI (438)
[2017.03.30-18.59.08:203][386]LogModuleManager: Shutting down and abandoning module AudioCapture (436)
[2017.03.30-18.59.08:203][386]LogModuleManager: Shutting down and abandoning module SequenceRecorder (435)
[2017.03.30-18.59.08:203][386]LogModuleManager: Shutting down and abandoning module SmartSnapping (432)
[2017.03.30-18.59.08:203][386]LogModuleManager: Shutting down and abandoning module SessionServices (430)
[2017.03.30-18.59.08:203][386]LogModuleManager: Shutting down and abandoning module ViewportSnapping (428)
[2017.03.30-18.59.08:203][386]LogModuleManager: Shutting down and abandoning module ViewportInteraction (426)
[2017.03.30-18.59.08:203][386]LogModuleManager: Shutting down and abandoning module LogVisualizer (424)
[2017.03.30-18.59.08:203][386]LogModuleManager: Shutting down and abandoning module IntroTutorials (422)
[2017.03.30-18.59.08:203][386]LogModuleManager: Shutting down and abandoning module GameProjectGeneration (421)
[2017.03.30-18.59.08:203][386]LogModuleManager: Shutting down and abandoning module EditorLiveStreaming (418)
[2017.03.30-18.59.08:203][386]LogModuleManager: Shutting down and abandoning module IOSPlatformEditor (416)
[2017.03.30-18.59.08:203][386]LogModuleManager: Shutting down and abandoning module HTML5PlatformEditor (414)
[2017.03.30-18.59.08:203][386]LogModuleManager: Shutting down and abandoning module AndroidPlatformEditor (412)
[2017.03.30-18.59.08:203][386]LogModuleManager: Shutting down and abandoning module AndroidDeviceDetection (411)
[2017.03.30-18.59.08:683][386]LogModuleManager: Shutting down and abandoning module IOSRuntimeSettings (408)
[2017.03.30-18.59.08:683][386]LogModuleManager: Shutting down and abandoning module AndroidRuntimeSettings (406)
[2017.03.30-18.59.08:683][386]LogModuleManager: Shutting down and abandoning module InputBindingEditor (404)
[2017.03.30-18.59.08:683][386]LogModuleManager: Shutting down and abandoning module NiagaraEditor (402)
[2017.03.30-18.59.08:683][386]LogModuleManager: Shutting down and abandoning module MergeActors (400)
[2017.03.30-18.59.08:683][386]LogModuleManager: Shutting down and abandoning module SizeMap (398)
[2017.03.30-18.59.08:683][386]LogModuleManager: Shutting down and abandoning module TreeMap (396)
[2017.03.30-18.59.08:683][386]LogModuleManager: Shutting down and abandoning module ReferenceViewer (394)
[2017.03.30-18.59.08:683][386]LogModuleManager: Shutting down and abandoning module LocalizationDashboard (392)
[2017.03.30-18.59.08:683][386]LogModuleManager: Shutting down and abandoning module LocalizationService (391)
[2017.03.30-18.59.08:683][386]LogModuleManager: Shutting down and abandoning module HardwareTargeting (388)
[2017.03.30-18.59.08:683][386]LogModuleManager: Shutting down and abandoning module DeviceProfileEditor (386)
[2017.03.30-18.59.08:683][386]LogModuleManager: Shutting down and abandoning module UndoHistory (384)
[2017.03.30-18.59.08:683][386]LogModuleManager: Shutting down and abandoning module UserFeedback (382)
[2017.03.30-18.59.08:683][386]LogModuleManager: Shutting down and abandoning module XmlParser (380)
[2017.03.30-18.59.08:683][386]LogModuleManager: Shutting down and abandoning module Blutility (378)
[2017.03.30-18.59.08:683][386]LogModuleManager: Shutting down and abandoning module ProjectSettingsViewer (376)
[2017.03.30-18.59.08:683][386]LogModuleManager: Shutting down and abandoning module ProjectTargetPlatformEditor (375)
[2017.03.30-18.59.08:683][386]LogModuleManager: Shutting down and abandoning module EditorSettingsViewer (372)
[2017.03.30-18.59.08:683][386]LogModuleManager: Shutting down and abandoning module SettingsEditor (370)
[2017.03.30-18.59.08:683][386]LogModuleManager: Shutting down and abandoning module ProjectLauncher (368)
[2017.03.30-18.59.08:683][386]LogModuleManager: Shutting down and abandoning module SessionFrontend (366)
[2017.03.30-18.59.08:683][386]LogModuleManager: Shutting down and abandoning module ProfilerClient (364)
[2017.03.30-18.59.08:683][386]LogModuleManager: Shutting down and abandoning module DeviceManager (362)
[2017.03.30-18.59.08:683][386]LogModuleManager: Shutting down and abandoning module TargetDeviceServices (361)
[2017.03.30-18.59.08:725][386]LogModuleManager: Shutting down and abandoning module AutomationController (358)
[2017.03.30-18.59.08:725][386]LogModuleManager: Shutting down and abandoning module AutomationWindow (356)
[2017.03.30-18.59.08:725][386]LogModuleManager: Shutting down and abandoning module Layers (354)
[2017.03.30-18.59.08:725][386]LogModuleManager: Shutting down and abandoning module ComponentVisualizers (352)
[2017.03.30-18.59.08:725][386]LogModuleManager: Shutting down and abandoning module DetailCustomizations (350)
[2017.03.30-18.59.08:725][386]LogModuleManager: Shutting down and abandoning module PackagesDialog (348)
[2017.03.30-18.59.08:725][386]LogModuleManager: Shutting down and abandoning module Persona (346)
[2017.03.30-18.59.08:725][386]LogModuleManager: Shutting down and abandoning module AnimGraph (345)
[2017.03.30-18.59.08:725][386]LogModuleManager: Shutting down and abandoning module Kismet (342)
[2017.03.30-18.59.08:729][386]LogModuleManager: Shutting down and abandoning module GraphEditor (340)
[2017.03.30-18.59.08:729][386]LogModuleManager: Shutting down and abandoning module ClassViewer (338)
[2017.03.30-18.59.08:730][386]LogModuleManager: Shutting down and abandoning module Toolbox (336)
[2017.03.30-18.59.08:730][386]LogModuleManager: Shutting down and abandoning module ModuleUI (334)
[2017.03.30-18.59.08:730][386]LogModuleManager: Shutting down and abandoning module MovieSceneTools (332)
[2017.03.30-18.59.08:730][386]LogModuleManager: Shutting down and abandoning module OutputLog (330)
[2017.03.30-18.59.08:730][386]LogModuleManager: Shutting down and abandoning module GammaUI (328)
[2017.03.30-18.59.08:730][386]LogModuleManager: Shutting down and abandoning module Documentation (326)
[2017.03.30-18.59.08:730][386]LogModuleManager: Shutting down and abandoning module Niagara (324)
[2017.03.30-18.59.08:730][386]LogModuleManager: Shutting down and abandoning module StreamingPauseRendering (322)
[2017.03.30-18.59.08:730][386]LogModuleManager: Shutting down and abandoning module AnalyticsET (320)
[2017.03.30-18.59.08:730][386]LogModuleManager: Shutting down and abandoning module PortalServices (318)
[2017.03.30-18.59.08:730][386]LogModuleManager: Shutting down and abandoning module PortalRpc (316)
[2017.03.30-18.59.08:730][386]LogModuleManager: Shutting down and abandoning module MessagingRpc (314)
[2017.03.30-18.59.08:730][386]LogModuleManager: Shutting down and abandoning module AIModule (312)
[2017.03.30-18.59.08:730][386]LogModuleManager: Shutting down and abandoning module GameplayDebugger (311)
[2017.03.30-18.59.08:730][386]LogModuleManager: Shutting down and abandoning module AITestSuite (309)
[2017.03.30-18.59.08:730][386]LogModuleManager: Shutting down and abandoning module ProfilerService (306)
[2017.03.30-18.59.08:972][386]LogModuleManager: Shutting down and abandoning module TaskGraph (304)
[2017.03.30-18.59.08:972][386]LogModuleManager: Shutting down and abandoning module SteamVRController (302)
[2017.03.30-18.59.08:972][386]LogModuleManager: Shutting down and abandoning module SteamVR (300)
[2017.03.30-18.59.08:973][386]LogModuleManager: Shutting down and abandoning module ProceduralMeshComponentEditor (298)
[2017.03.30-18.59.08:973][386]LogModuleManager: Shutting down and abandoning module ProceduralMeshComponent (296)
[2017.03.30-18.59.08:973][386]LogModuleManager: Shutting down and abandoning module OculusLibrary (294)
[2017.03.30-18.59.08:973][386]LogModuleManager: Shutting down and abandoning module OculusInput (292)
[2017.03.30-18.59.08:973][386]LogModuleManager: Shutting down and abandoning module MobilePatchingUtils (290)
[2017.03.30-18.59.08:973][386]LogModuleManager: Shutting down and abandoning module CustomMeshComponent (288)
[2017.03.30-18.59.08:973][386]LogModuleManager: Shutting down and abandoning module CableComponent (286)
[2017.03.30-18.59.08:973][386]LogModuleManager: Shutting down and abandoning module ArchVisCharacter (284)
[2017.03.30-18.59.08:973][386]LogModuleManager: Shutting down and abandoning module MediaPlayerEditor (280)
[2017.03.30-18.59.08:973][386]LogModuleManager: Shutting down and abandoning module HTML5Networking (278)
[2017.03.30-18.59.08:973][386]LogModuleManager: Shutting down and abandoning module AlembicImporter (276)
[2017.03.30-18.59.08:973][386]LogModuleManager: Shutting down and abandoning module AlembicLibrary (275)
[2017.03.30-18.59.08:973][386]LogModuleManager: Shutting down and abandoning module GeometryCache (274)
[2017.03.30-18.59.08:973][386]LogModuleManager: Shutting down and abandoning module GeometryCacheEd (273)
[2017.03.30-18.59.08:973][386]LogModuleManager: Shutting down and abandoning module SuperSearchEditor (268)
[2017.03.30-18.59.08:973][386]LogModuleManager: Shutting down and abandoning module SuperSearch (267)
[2017.03.30-18.59.08:973][386]LogModuleManager: Shutting down and abandoning module SpeedTreeImporter (264)
[2017.03.30-18.59.08:973][386]LogModuleManager: Shutting down and abandoning module PluginBrowser (262)
[2017.03.30-18.59.08:973][386]LogModuleManager: Shutting down and abandoning module MobileLauncherProfileWizard (260)
[2017.03.30-18.59.08:973][386]LogModuleManager: Shutting down and abandoning module EpicSurvey (258)
[2017.03.30-18.59.08:973][386]LogModuleManager: Shutting down and abandoning module VisualStudioSourceCodeAccess (256)
[2017.03.30-18.59.08:973][386]LogModuleManager: Shutting down and abandoning module DesktopPlatform (255)
[2017.03.30-18.59.08:973][386]LogModuleManager: Shutting down and abandoning module UObjectPlugin (252)
[2017.03.30-18.59.08:973][386]LogModuleManager: Shutting down and abandoning module SubversionSourceControl (250)
[2017.03.30-18.59.08:973][386]LogModuleManager: Shutting down and abandoning module PerforceSourceControl (248)
[2017.03.30-18.59.08:973][386]LogModuleManager: Shutting down and abandoning module GitSourceControl (246)
[2017.03.30-18.59.08:973][386]LogModuleManager: Shutting down and abandoning module SourceControl (245)
[2017.03.30-18.59.08:973][386]LogModuleManager: Shutting down and abandoning module LightPropagationVolumeEditor (242)
[2017.03.30-18.59.08:973][386]LogModuleManager: Shutting down and abandoning module PaperTiledImporter (240)
[2017.03.30-18.59.08:973][386]LogModuleManager: Shutting down and abandoning module PaperSpriteSheetImporter (238)
[2017.03.30-18.59.08:973][386]LogModuleManager: Shutting down and abandoning module Paper2DEditor (236)
[2017.03.30-18.59.08:973][386]LogModuleManager: Shutting down and abandoning module MeshPaint (235)
[2017.03.30-18.59.08:973][386]LogModuleManager: Shutting down and abandoning module LevelEditor (233)
[2017.03.30-18.59.08:973][386]LogModuleManager: Shutting down and abandoning module PixelInspectorModule (232)
[2017.03.30-18.59.08:973][386]LogModuleManager: Shutting down and abandoning module MainFrame (230)
[2017.03.30-18.59.08:973][386]LogModuleManager: Shutting down and abandoning module HotReload (229)
[2017.03.30-18.59.08:974][386]LogModuleManager: Shutting down and abandoning module ContentBrowser (225)
[2017.03.30-18.59.08:975][386]LogModuleManager: Shutting down and abandoning module PhysXVehiclesEditor (222)
[2017.03.30-18.59.08:975][386]LogModuleManager: Shutting down and abandoning module PhysXVehicles (220)
[2017.03.30-18.59.08:975][386]LogModuleManager: Shutting down and abandoning module LocationServicesBPLibrary (218)
[2017.03.30-18.59.08:975][386]LogModuleManager: Shutting down and abandoning module UdpMessaging (216)
[2017.03.30-18.59.09:075][386]LogModuleManager: Shutting down and abandoning module TcpMessaging (214)
[2017.03.30-18.59.09:175][386]LogModuleManager: Shutting down and abandoning module GameplayTagsEditor (212)
[2017.03.30-18.59.09:175][386]LogModuleManager: Shutting down and abandoning module FacialAnimationEditor (210)
[2017.03.30-18.59.09:175][386]LogModuleManager: Shutting down and abandoning module FacialAnimation (208)
[2017.03.30-18.59.09:175][386]LogModuleManager: Shutting down and abandoning module LightPropagationVolumeRuntime (206)
[2017.03.30-18.59.09:175][386]LogModuleManager: Shutting down and abandoning module Paper2D (204)
[2017.03.30-18.59.09:175][386]LogModuleManager: Shutting down and abandoning module WindowsMoviePlayer (202)
[2017.03.30-18.59.09:175][386]LogModuleManager: Shutting down and abandoning module WmfMedia (200)
[2017.03.30-18.59.09:175][386]LogModuleManager: Shutting down and abandoning module MfMedia (198)
[2017.03.30-18.59.09:175][386]LogModuleManager: Shutting down and abandoning module MediaAssets (196)
[2017.03.30-18.59.09:175][386]LogModuleManager: Shutting down and abandoning module GameLiveStreaming (194)
[2017.03.30-18.59.09:175][386]LogModuleManager: Shutting down and abandoning module VREditor (192)
[2017.03.30-18.59.09:175][386]LogModuleManager: Shutting down and abandoning module GameplayTasksEditor (190)
[2017.03.30-18.59.09:175][386]LogModuleManager: Shutting down and abandoning module BehaviorTreeEditor (188)
[2017.03.30-18.59.09:175][386]LogModuleManager: Shutting down and abandoning module FunctionalTesting (186)
[2017.03.30-18.59.09:175][386]LogModuleManager: Shutting down and abandoning module CollisionAnalyzer (184)
[2017.03.30-18.59.09:175][386]LogModuleManager: Shutting down and abandoning module UMG (182)
[2017.03.30-18.59.09:175][386]LogModuleManager: Shutting down and abandoning module UMGEditor (181)
[2017.03.30-18.59.09:175][386]LogModuleManager: Shutting down and abandoning module Sequencer (180)
[2017.03.30-18.59.09:175][386]LogModuleManager: Shutting down and abandoning module AssetTools (178)
[2017.03.30-18.59.09:175][386]LogModuleManager: Shutting down and abandoning module MessageLog (177)
[2017.03.30-18.59.09:175][386]LogModuleManager: Shutting down and abandoning module WorkspaceMenuStructure (176)
[2017.03.30-18.59.09:175][386]LogModuleManager: Shutting down and abandoning module SlateReflector (170)
[2017.03.30-18.59.09:175][386]LogModuleManager: Shutting down and abandoning module Slate (168)
[2017.03.30-18.59.09:175][386]LogModuleManager: Shutting down and abandoning module EditorStyle (166)
[2017.03.30-18.59.09:178][386]LogModuleManager: Shutting down and abandoning module SourceCodeAccess (164)
[2017.03.30-18.59.09:178][386]LogModuleManager: Shutting down and abandoning module HeadMountedDisplay (162)
[2017.03.30-18.59.09:178][386]LogModuleManager: Shutting down and abandoning module XAudio2 (160)
[2017.03.30-18.59.09:178][386]LogModuleManager: Shutting down and abandoning module Networking (158)
[2017.03.30-18.59.09:178][386]LogModuleManager: Shutting down and abandoning module Core (154)
[2017.03.30-18.59.09:178][386]LogModuleManager: Shutting down and abandoning module AssetRegistry (152)
[2017.03.30-18.59.09:287][386]LogDirectoryWatcher: A directory notification for '../../../Engine/Content/' was aborted.
[2017.03.30-18.59.09:287][386]LogDirectoryWatcher: A directory notification for 'X:/Unreal Projects/TileGame/Content/' was aborted.
[2017.03.30-18.59.09:287][386]LogDirectoryWatcher: A directory notification for '../../../Engine/Plugins/2D/Paper2D/Content/' was aborted.
[2017.03.30-18.59.09:287][386]LogModuleManager: Shutting down and abandoning module DirectoryWatcher (151)
[2017.03.30-18.59.09:287][386]LogModuleManager: Shutting down and abandoning module KismetCompiler (148)
[2017.03.30-18.59.09:287][386]LogModuleManager: Shutting down and abandoning module PhysXFormats (146)
[2017.03.30-18.59.09:287][386]LogModuleManager: Shutting down and abandoning module MeshUtilities (144)
[2017.03.30-18.59.09:287][386]LogModuleManager: Shutting down and abandoning module SimplygonSwarm (143)
[2017.03.30-18.59.09:287][386]LogModuleManager: Shutting down and abandoning module SimplygonMeshReduction (141)
[2017.03.30-18.59.09:287][386]LogModuleManager: Shutting down and abandoning module QuadricMeshReduction (139)
[2017.03.30-18.59.09:287][386]LogModuleManager: Shutting down and abandoning module PropertyEditor (137)
[2017.03.30-18.59.09:287][386]LogModuleManager: Shutting down and abandoning module DerivedDataCache (134)
[2017.03.30-18.59.09:301][386]LogDerivedDataCache: Shutdown
[2017.03.30-18.59.09:301][386]LogModuleManager: Shutting down and abandoning module TargetPlatform (132)
[2017.03.30-18.59.09:301][386]LogModuleManager: Shutting down and abandoning module VulkanShaderFormat (131)
[2017.03.30-18.59.09:301][386]LogModuleManager: Shutting down and abandoning module ShaderFormatOpenGL (129)
[2017.03.30-18.59.09:301][386]LogModuleManager: Shutting down and abandoning module ShaderFormatD3D (127)
[2017.03.30-18.59.09:301][386]LogModuleManager: Shutting down and abandoning module MetalShaderFormat (125)
[2017.03.30-18.59.09:301][386]LogModuleManager: Shutting down and abandoning module TextureFormatUncompressed (123)
[2017.03.30-18.59.09:301][386]LogModuleManager: Shutting down and abandoning module TextureFormatPVR (121)
[2017.03.30-18.59.09:301][386]LogModuleManager: Shutting down and abandoning module TextureFormatDXT (119)
[2017.03.30-18.59.09:301][386]LogModuleManager: Shutting down and abandoning module TextureFormatIntelISPCTexComp (117)
[2017.03.30-18.59.09:301][386]LogModuleManager: Shutting down and abandoning module TextureFormatASTC (115)
[2017.03.30-18.59.09:301][386]LogModuleManager: Shutting down and abandoning module ImageWrapper (114)
[2017.03.30-18.59.09:301][386]LogModuleManager: Shutting down and abandoning module TextureFormatAndroid (111)
[2017.03.30-18.59.09:301][386]LogModuleManager: Shutting down and abandoning module AudioFormatOpus (109)
[2017.03.30-18.59.09:301][386]LogModuleManager: Shutting down and abandoning module AudioFormatOgg (107)
[2017.03.30-18.59.09:301][386]LogModuleManager: Shutting down and abandoning module AudioFormatADPCM (105)
[2017.03.30-18.59.09:301][386]LogModuleManager: Shutting down and abandoning module LinuxTargetPlatform (103)
[2017.03.30-18.59.09:301][386]LogModuleManager: Shutting down and abandoning module LinuxServerTargetPlatform (101)
[2017.03.30-18.59.09:301][386]LogModuleManager: Shutting down and abandoning module LinuxNoEditorTargetPlatform (99)
[2017.03.30-18.59.09:301][386]LogModuleManager: Shutting down and abandoning module LinuxClientTargetPlatform (97)
[2017.03.30-18.59.09:301][386]LogModuleManager: Shutting down and abandoning module TVOSTargetPlatform (95)
[2017.03.30-18.59.09:301][386]LogModuleManager: Shutting down and abandoning module Messaging (93)
[2017.03.30-18.59.09:301][386]LogModuleManager: Shutting down and abandoning module IOSTargetPlatform (91)
[2017.03.30-18.59.09:301][386]LogModuleManager: Shutting down and abandoning module HTML5TargetPlatform (89)
[2017.03.30-18.59.09:301][386]LogModuleManager: Shutting down and abandoning module Android_PVRTCTargetPlatform (87)
[2017.03.30-18.59.09:301][386]LogModuleManager: Shutting down and abandoning module Android_MultiTargetPlatform (85)
[2017.03.30-18.59.09:301][386]LogModuleManager: Shutting down and abandoning module Android_ETC2TargetPlatform (83)
[2017.03.30-18.59.09:302][386]LogModuleManager: Shutting down and abandoning module Android_ETC1TargetPlatform (81)
[2017.03.30-18.59.09:302][386]LogModuleManager: Shutting down and abandoning module Android_DXTTargetPlatform (79)
[2017.03.30-18.59.09:302][386]LogModuleManager: Shutting down and abandoning module Android_ATCTargetPlatform (77)
[2017.03.30-18.59.09:302][386]LogModuleManager: Shutting down and abandoning module Android_ASTCTargetPlatform (75)
[2017.03.30-18.59.09:302][386]LogModuleManager: Shutting down and abandoning module AndroidTargetPlatform (73)
[2017.03.30-18.59.09:302][386]LogModuleManager: Shutting down and abandoning module WindowsTargetPlatform (71)
[2017.03.30-18.59.09:302][386]LogModuleManager: Shutting down and abandoning module WindowsServerTargetPlatform (69)
[2017.03.30-18.59.09:302][386]LogModuleManager: Shutting down and abandoning module WindowsNoEditorTargetPlatform (67)
[2017.03.30-18.59.09:302][386]LogModuleManager: Shutting down and abandoning module WindowsClientTargetPlatform (65)
[2017.03.30-18.59.09:302][386]LogModuleManager: Shutting down and abandoning module MacTargetPlatform (63)
[2017.03.30-18.59.09:302][386]LogModuleManager: Shutting down and abandoning module MacServerTargetPlatform (61)
[2017.03.30-18.59.09:302][386]LogModuleManager: Shutting down and abandoning module MacNoEditorTargetPlatform (59)
[2017.03.30-18.59.09:302][386]LogModuleManager: Shutting down and abandoning module MacClientTargetPlatform (57)
[2017.03.30-18.59.09:302][386]LogModuleManager: Shutting down and abandoning module AllDesktopTargetPlatform (55)
[2017.03.30-18.59.09:302][386]LogModuleManager: Shutting down and abandoning module InputCore (52)
[2017.03.30-18.59.09:302][386]LogModuleManager: Shutting down and abandoning module Settings (50)
[2017.03.30-18.59.09:302][386]LogModuleManager: Shutting down and abandoning module OculusRift (48)
[2017.03.30-18.59.09:302][386]LogModuleManager: Shutting down and abandoning module GearVR (46)
[2017.03.30-18.59.09:302][386]LogModuleManager: Shutting down and abandoning module ExampleDeviceProfileSelector (44)
[2017.03.30-18.59.09:302][386]LogModuleManager: Shutting down and abandoning module OnlineBlueprintSupport (42)
[2017.03.30-18.59.09:302][386]LogModuleManager: Shutting down and abandoning module OnlineSubsystem (38)
[2017.03.30-18.59.09:302][386]LogOnline:Display: Unloading online subsystem: NULL
[2017.03.30-18.59.09:302][386]LogModuleManager: Shutting down and abandoning module XMPP (37)
[2017.03.30-18.59.09:302][386]LogModuleManager: Shutting down and abandoning module HTTP (35)
[2017.03.30-18.59.09:302][386]LogHttp:Display: Http module shutting down, but needs to wait on 1 outstanding Http requests:
[2017.03.30-18.59.09:302][386]LogHttp:Display: 	verb=[POST] url=[https://datarouter.ol.epicgames.com/datarouter/api/v1/public/data?SessionID=%7BF8D9D031-4B47-07D4-A93B-4E90350E05F8%7D&AppID=UEEditor.Rocket.Release&AppVersion=4.15.1-3348071%2B%2B%2BUE4%2BRelease-4.15&UserID=9b1ee77e4ba007cdddaf50a76d3c49f4%7C118ffa5b5103439d885b68f676d1fba0%7C1810792e-abb4-4e76-b151-ab620194dbdf&AppEnvironment=datacollector-binary&UploadType=eteventstream] status=Processing
[2017.03.30-18.59.09:325][386]LogModuleManager: Shutting down and abandoning module SSL (34)
[2017.03.30-18.59.09:326][386]LogModuleManager: Shutting down and abandoning module AudioEditor (30)
[2017.03.30-18.59.09:326][386]LogModuleManager: Shutting down and abandoning module TextureCompressor (28)
[2017.03.30-18.59.09:326][386]LogModuleManager: Shutting down and abandoning module ShaderCore (26)
[2017.03.30-18.59.09:326][386]LogModuleManager: Shutting down and abandoning module Landscape (24)
[2017.03.30-18.59.09:326][386]LogModuleManager: Shutting down and abandoning module SlateRHIRenderer (22)
[2017.03.30-18.59.09:327][386]LogModuleManager: Shutting down and abandoning module OpenGLDrv (20)
[2017.03.30-18.59.09:327][386]LogModuleManager: Shutting down and abandoning module D3D11RHI (18)
[2017.03.30-18.59.09:327][386]LogModuleManager: Shutting down and abandoning module AnimGraphRuntime (16)
[2017.03.30-18.59.09:327][386]LogModuleManager: Shutting down and abandoning module Renderer (14)
[2017.03.30-18.59.09:327][386]LogModuleManager: Shutting down and abandoning module Engine (12)
[2017.03.30-18.59.09:327][386]LogModuleManager: Shutting down and abandoning module CoreUObject (10)
[2017.03.30-18.59.09:327][386]LogModuleManager: Shutting down and abandoning module NetworkFile (8)
[2017.03.30-18.59.09:327][386]LogModuleManager: Shutting down and abandoning module StreamingFile (6)
[2017.03.30-18.59.09:327][386]LogModuleManager: Shutting down and abandoning module SandboxFile (4)
[2017.03.30-18.59.09:327][386]LogModuleManager: Shutting down and abandoning module PakFile (2)
[2017.03.30-18.59.09:328][386]LogExit: Exiting.
[2017.03.30-18.59.09:329][386]Log file closed, 03/30/17 20:59:09
