Log file open, 05/05/17 12:55:47
LogInit:Display: Running engine for game: TileGame
LogPlatformFile: Not using cached read wrapper
LogInit:Display: RandInit(1538576130) SRandInit(1538576130).
LogTaskGraph: Started task graph with 5 named threads and 8 total threads with 1 sets of task threads.
LogStats: Stats thread started at 0.071665
LogInit: Using libcurl 7.47.1
LogInit:  - built for x86_64-pc-win32
LogInit:  - supports SSL with OpenSSL/1.0.2g
LogInit:  - supports HTTP deflate (compression) using libz 1.2.8
LogInit:  - other features:
LogInit:      CURL_VERSION_SSL
LogInit:      CURL_VERSION_LIBZ
LogInit:      CURL_VERSION_IPV6
LogInit:      CURL_VERSION_ASYNCHDNS
LogInit:      CURL_VERSION_LARGEFILE
LogInit:      CURL_VERSION_IDN
LogInit:  CurlRequestOptions (configurable via config and command line):
LogInit:  - bVerifyPeer = false  - Libcurl will NOT verify peer certificate
LogInit:  - bUseHttpProxy = false  - Libcurl will NOT use HTTP proxy
LogInit:  - bDontReuseConnections = false  - Libcurl will reuse connections
LogInit:  - CertBundlePath = nullptr  - Libcurl will use whatever was configured at build time.
LogInit: Build: ++UE4+Release-4.15-CL-3416026
LogInit: Engine Version: 4.15.2-3416026+++UE4+Release-4.15
LogInit: Compatible Engine Version: 4.15.0-3299760+++UE4+Release-4.15
LogInit: Net CL: 3299760
LogDevObjectVersion: Number of dev versions registered: 14
LogDevObjectVersion:   Dev-Blueprints (B0D832E4-1F89-4F0D-ACCF-7EB736FD4AA2): 8
LogDevObjectVersion:   Dev-Build (E1C64328-A22C-4D53-A36C-8E866417BD8C): 0
LogDevObjectVersion:   Dev-Core (375EC13C-06E4-48FB-B500-84F0262A717E): 2
LogDevObjectVersion:   Dev-Editor (E4B068ED-F494-42E9-A231-DA0B2E46BB41): 14
LogDevObjectVersion:   Dev-Framework (CFFC743F-43B0-4480-9391-14DF171D2073): 22
LogDevObjectVersion:   Dev-Mobile (B02B49B5-BB20-44E9-A304-32B752E40360): 0
LogDevObjectVersion:   Dev-Networking (A4E4105C-59A1-49B5-A7C5-40C4547EDFEE): 0
LogDevObjectVersion:   Dev-Online (39C831C9-5AE6-47DC-9A44-9C173E1C8E7C): 0
LogDevObjectVersion:   Dev-Physics (78F01B33-EBEA-4F98-B9B4-84EACCB95AA2): 0
LogDevObjectVersion:   Dev-Platform (6631380F-2D4D-43E0-8009-CF276956A95A): 0
LogDevObjectVersion:   Dev-Rendering (12F88B9F-8875-4AFC-A67C-D90C383ABD29): 12
LogDevObjectVersion:   Dev-Sequencer (7B5AE74C-D270-4C10-A958-57980B212A5A): 3
LogDevObjectVersion:   Dev-VR (D7296918-1DD6-4BDD-9DE2-64A83CC13884): 0
LogDevObjectVersion:   Dev-LoadTimes (C2A15278-BFE7-4AFE-6C17-90FF531DF755): 1
LogInit: Compiled (64-bit): May  1 2017 13:11:28
LogInit: Compiled with Visual C++: 19.00.23026.00
LogInit: Build Configuration: Development
LogInit: Branch Name: ++UE4+Release-4.15
LogInit: Command line: -EpicPortal 
LogInit: Base directory: C:/Unreal Engine/UE_4.15/Engine/Binaries/Win64/
LogInit: Installed Engine Build: 1
LogInit: Presizing for max 8388607 objects, including 0 objects not considered by GC, pre-allocating 0 bytes for permanent pool.
LogInit: Object subsystem initialized
[2017.05.05-10.55.48:752][  0]LogInit: Selected Device Profile: [Windows]
[2017.05.05-10.55.48:752][  0]LogInit: Applying CVar settings loaded from the selected device profile: [Windows]
[2017.05.05-10.55.48:768][  0]LogInit: Computer: DESKTOP-47ENH9T
[2017.05.05-10.55.48:768][  0]LogInit: User: Numa
[2017.05.05-10.55.48:768][  0]LogInit: CPU Page size=65536, Cores=4
[2017.05.05-10.55.48:768][  0]LogInit: High frequency timer resolution =3.914067 MHz
[2017.05.05-10.55.48:768][  0]LogMemory: Memory total: Physical=16.0GB (16GB approx)
[2017.05.05-10.55.48:768][  0]LogMemory: Platform Memory Stats for Windows
[2017.05.05-10.55.48:768][  0]LogMemory: Process Physical Memory: 265.92 MB used, 265.92 MB peak
[2017.05.05-10.55.48:768][  0]LogMemory: Process Virtual Memory: 262.98 MB used, 262.98 MB peak
[2017.05.05-10.55.48:768][  0]LogMemory: Physical Memory: 6521.97 MB used,  9821.42 MB free, 16343.39 MB total
[2017.05.05-10.55.48:768][  0]LogMemory: Virtual Memory: 631.56 MB used,  9821.42 MB free, 134217728.00 MB total
[2017.05.05-10.55.48:832][  0]LogTextLocalizationManager: No specific translations for ('en-US') exist, so ('en') translations will be used.
[2017.05.05-10.55.49:315][  0]LogD3D11RHI: D3D11 adapters:
[2017.05.05-10.55.49:728][  0]LogD3D11RHI:    0. 'NVIDIA GeForce GTX 1080' (Feature Level 11_0)
[2017.05.05-10.55.49:728][  0]LogD3D11RHI:       8144/0/8171 MB DedicatedVideo/DedicatedSystem/SharedSystem, Outputs:2, VendorId:0x10de
[2017.05.05-10.55.49:729][  0]LogD3D11RHI:    1. 'Microsoft Basic Render Driver' (Feature Level 11_0)
[2017.05.05-10.55.49:729][  0]LogD3D11RHI:       0/0/8171 MB DedicatedVideo/DedicatedSystem/SharedSystem, Outputs:0, VendorId:0x1414
[2017.05.05-10.55.49:729][  0]LogD3D11RHI: Chosen D3D11 Adapter: 0
[2017.05.05-10.55.49:732][  0]LogD3D11RHI: Creating new Direct3DDevice
[2017.05.05-10.55.49:732][  0]LogD3D11RHI:     GPU DeviceId: 0x1b80 (for the marketing name, search the web for "GPU Device Id")
[2017.05.05-10.55.49:732][  0]LogWindows: EnumDisplayDevices:
[2017.05.05-10.55.49:732][  0]LogWindows:    0. 'NVIDIA GeForce GTX 1080' (P:1 D:1)
[2017.05.05-10.55.49:733][  0]LogWindows:    1. 'NVIDIA GeForce GTX 1080' (P:0 D:1)
[2017.05.05-10.55.49:733][  0]LogWindows:    2. 'NVIDIA GeForce GTX 1080' (P:0 D:0)
[2017.05.05-10.55.49:733][  0]LogWindows:    3. 'NVIDIA GeForce GTX 1080' (P:0 D:0)
[2017.05.05-10.55.49:733][  0]LogWindows: DebugString: FoundDriverCount:4 
[2017.05.05-10.55.49:733][  0]LogD3D11RHI:     Adapter Name: NVIDIA GeForce GTX 1080
[2017.05.05-10.55.49:733][  0]LogD3D11RHI:   Driver Version: 376.53 (internal:21.21.13.7653, unified:376.53)
[2017.05.05-10.55.49:733][  0]LogD3D11RHI:      Driver Date: 12-29-2016
[2017.05.05-10.55.49:733][  0]LogRHI: Texture pool is 1361 MB (70% of 1945 MB)
[2017.05.05-10.55.50:153][  0]LogD3D11RHI: [Aftermath] Aftermath enabled but failed to initialize due to reason: DriverVersionNotSupported
[2017.05.05-10.55.50:153][  0]LogD3D11RHI: Async texture creation enabled
[2017.05.05-10.55.50:242][  0]LogD3D11RHI: GPU Timing Frequency: 1000.000000 (Debug: 2 1)
[2017.05.05-10.55.50:331][  0]LogShaderCompilers: Guid format shader working directory is 17 characters bigger than the processId version (X:/Unreal Projects/TileGame/Intermediate/Shaders/WorkingDirectory/13000/).
[2017.05.05-10.55.50:331][  0]LogShaderCompilers: Cleaned the shader compiler working directory 'C:/Users/Numa/AppData/Local/Temp/UnrealShaderWorkingDir/99762A9D460940D0F4115C94FA488237/'.
[2017.05.05-10.55.50:331][  0]LogShaderCompilers:Display: Using Local Shader Compiler.
[2017.05.05-10.55.51:113][  0]LogTemp:Display: Loaded TP AllDesktopTargetPlatform
[2017.05.05-10.55.51:159][  0]LogTemp:Display: Loaded TP MacClientTargetPlatform
[2017.05.05-10.55.51:204][  0]LogTemp:Display: Loaded TP MacNoEditorTargetPlatform
[2017.05.05-10.55.51:250][  0]LogTemp:Display: Loaded TP MacServerTargetPlatform
[2017.05.05-10.55.51:295][  0]LogTemp:Display: Loaded TP MacTargetPlatform
[2017.05.05-10.55.51:341][  0]LogTemp:Display: Loaded TP WindowsClientTargetPlatform
[2017.05.05-10.55.51:387][  0]LogTemp:Display: Loaded TP WindowsNoEditorTargetPlatform
[2017.05.05-10.55.51:433][  0]LogTemp:Display: Loaded TP WindowsServerTargetPlatform
[2017.05.05-10.55.51:472][  0]LogTemp:Display: Loaded TP WindowsTargetPlatform
[2017.05.05-10.55.51:517][  0]LogTemp:Display: Loaded TP AndroidTargetPlatform
[2017.05.05-10.55.51:562][  0]LogTemp:Display: Loaded TP Android_ASTCTargetPlatform
[2017.05.05-10.55.51:606][  0]LogTemp:Display: Loaded TP Android_ATCTargetPlatform
[2017.05.05-10.55.51:651][  0]LogTemp:Display: Loaded TP Android_DXTTargetPlatform
[2017.05.05-10.55.51:696][  0]LogTemp:Display: Loaded TP Android_ETC1TargetPlatform
[2017.05.05-10.55.51:741][  0]LogTemp:Display: Loaded TP Android_ETC2TargetPlatform
[2017.05.05-10.55.51:831][  0]LogTemp:Display: Loaded TP Android_MultiTargetPlatform
[2017.05.05-10.55.51:831][  0]LogTemp:Display: Loaded TP Android_PVRTCTargetPlatform
[2017.05.05-10.55.51:864][  0]LogTemp:Display: Loaded TP HTML5TargetPlatform
[2017.05.05-10.55.51:946][  0]LogTemp:Display: Loaded TP IOSTargetPlatform
[2017.05.05-10.55.51:972][  0]LogTemp:Display: Loaded TP TVOSTargetPlatform
[2017.05.05-10.55.52:016][  0]LogTemp:Display: Loaded TP LinuxClientTargetPlatform
[2017.05.05-10.55.52:061][  0]LogTemp:Display: Loaded TP LinuxNoEditorTargetPlatform
[2017.05.05-10.55.52:106][  0]LogTemp:Display: Loaded TP LinuxServerTargetPlatform
[2017.05.05-10.55.52:151][  0]LogTemp:Display: Loaded TP LinuxTargetPlatform
[2017.05.05-10.55.52:151][  0]LogTargetPlatformManager:Display: Building Assets For Windows
[2017.05.05-10.55.52:510][  0]LogDerivedDataCache:Display: Max Cache Size: 512 MB
[2017.05.05-10.55.52:548][  0]LogDerivedDataCache: Loaded boot cache 0.04s 52MB C:/Users/Numa/AppData/Local/UnrealEngine/4.15/DerivedDataCache/Boot.ddc.
[2017.05.05-10.55.52:548][  0]LogDerivedDataCache:Display: Loaded Boot cache: C:/Users/Numa/AppData/Local/UnrealEngine/4.15/DerivedDataCache/Boot.ddc
[2017.05.05-10.55.52:548][  0]LogDerivedDataCache: FDerivedDataBackendGraph:  Pak pak cache file X:/Unreal Projects/TileGame/DerivedDataCache/DDC.ddp not found, will not use a pak cache.
[2017.05.05-10.55.52:548][  0]LogDerivedDataCache: Unable to find inner node Pak for hierarchical cache Hierarchy.
[2017.05.05-10.55.52:548][  0]LogDerivedDataCache: FDerivedDataBackendGraph:  CompressedPak pak cache file X:/Unreal Projects/TileGame/DerivedDataCache/Compressed.ddp not found, will not use a pak cache.
[2017.05.05-10.55.52:548][  0]LogDerivedDataCache: Unable to find inner node CompressedPak for hierarchical cache Hierarchy.
[2017.05.05-10.55.52:562][  0]LogDerivedDataCache:Display: Pak cache opened for reading ../../../Engine/DerivedDataCache/Compressed.ddp.
[2017.05.05-10.55.52:573][  0]LogDerivedDataCache: Using Local data cache path C:/Users/Numa/AppData/Local/UnrealEngine/Common/DerivedDataCache: Writable
[2017.05.05-10.55.52:580][  0]LogSlate: Using Freetype 2.6.0
[2017.05.05-10.55.52:581][  0]LogSlate: SlateFontCache - WITH_FREETYPE: 1, WITH_HARFBUZZ: 1
[2017.05.05-10.55.52:581][  0]LogSlate: SlateFontCache - WITH_FREETYPE: 1, WITH_HARFBUZZ: 1
[2017.05.05-10.55.52:803][  0]LogInit: Selected Device Profile: [Windows]
[2017.05.05-10.55.52:805][  0]LogContentStreaming: Texture pool size is 0.00 MB
[2017.05.05-10.55.52:973][  0]LogMeshUtilities: Using QuadricMeshReduction for automatic static mesh reduction
[2017.05.05-10.55.53:014][  0]LogSimplygon: Simplygon DLL not present - disabling.
[2017.05.05-10.55.53:058][  0]LogMeshUtilities: Using SimplygonSwarm for distributed automatic mesh merging
[2017.05.05-10.55.53:058][  0]LogMeshUtilities: No automatic skeletal mesh reduction module available
[2017.05.05-10.55.53:058][  0]LogMeshUtilities: No automatic mesh merging module available
[2017.05.05-10.55.53:488][  0]LogNetVersion: GetLocalNetworkVersion: CL: 3299760, ProjectName: tilegame, ProjectVersion: , EngineNetworkVersion: 2, GameNetworkVersion: 0, NetworkChecksum: 3600184982
[2017.05.05-10.55.53:528][  0]LogAssetRegistry: FAssetRegistry took 0.0215 seconds to start up
[2017.05.05-10.55.53:757][  0]LogPackageLocalizationCache: Processed 3 localized package path(s) for 2 prioritized culture(s) in 0.212663 seconds
[2017.05.05-10.55.53:761][  0]LogUObjectArray: 32493 objects as part of root set at end of initial load.
[2017.05.05-10.55.53:761][  0]LogUObjectAllocator: 7077032 out of 0 bytes used by permanent object pool.
[2017.05.05-10.55.53:761][  0]LogUObjectArray: CloseDisregardForGC: 0/0 objects in disregard for GC pool
[2017.05.05-10.55.53:810][  0]LogInit: WinSock: version 1.1 (2.2), MaxSocks=32767, MaxUdp=65467
[2017.05.05-10.55.55:231][  0]LogTcpMessaging: Initializing TcpMessaging bridge
[2017.05.05-10.55.55:265][  0]LogUdpMessaging: Initializing bridge on interface 0.0.0.0:0 to multicast group 230.0.0.1:6666.
[2017.05.05-10.55.55:693][  0]LogMaterial: Uniform references updated for custom material expression Custom.
[2017.05.05-10.55.56:042][  0]SourceControl: Info Source control is disabled
[2017.05.05-10.55.56:042][  0]SourceControl: Info Source control is disabled
[2017.05.05-10.55.56:088][  0]SourceControl: Info Source control is disabled
[2017.05.05-10.55.56:130][  0]SourceControl: Info Source control is disabled
[2017.05.05-10.55.57:199][  0]LogEngine: Initializing Engine...
[2017.05.05-10.55.57:199][  0]LogHMD: Failed to initialize OpenVR with code 110
[2017.05.05-10.55.57:278][  0]LogStats: UGameplayTagsManager::ConstructGameplayTagTree: Construct from data asset -  0.000 s
[2017.05.05-10.55.57:278][  0]LogStats: UGameplayTagsManager::ConstructGameplayTagTree: GameplayTagTreeChangedEvent.Broadcast -  0.000 s
[2017.05.05-10.55.57:382][  0]LogAIModule: Creating AISystem for world Untitled
[2017.05.05-10.55.57:394][  0]LogInit: XAudio2 using 'Realtek Digital Output (Realtek High Definition Audio)' : 2 channels at 48 kHz using 16 bits per sample (channel mask 0x3)
[2017.05.05-10.55.57:407][  0]LogInit: FAudioDevice initialized.
[2017.05.05-10.55.57:426][  0]LogDerivedDataCache: Saved boot cache 0.02s 52MB C:/Users/Numa/AppData/Local/UnrealEngine/4.15/DerivedDataCache/Boot.ddc.
[2017.05.05-10.55.57:431][  0]LogInit: Texture streaming: Enabled
[2017.05.05-10.55.57:504][  0]LogEngineSessionManager: EngineSessionManager initialized
[2017.05.05-10.55.57:579][  0]LogInit: Transaction tracking system initialized
[2017.05.05-10.55.57:882][  0]BlueprintLog: New page: Editor Load
[2017.05.05-10.55.58:643][  0]LocalizationService: Info Localization service is disabled
[2017.05.05-10.55.59:214][  0]LogConsoleResponse:Display: 
[2017.05.05-10.55.59:350][  0]LogCook:Display: Max memory allowance for cook 16384mb min free memory 0mb
[2017.05.05-10.55.59:350][  0]LogCook:Display: Mobile HDR setting 1
[2017.05.05-10.56.00:177][  0]LogFileCache: Scanning file cache for directory 'X:/Unreal Projects/TileGame/Content/' took 0.01s
[2017.05.05-10.56.00:214][  0]SourceControl: Info Source control is disabled
[2017.05.05-10.56.00:214][  0]Cmd: MAP LOAD FILE="../../../Engine/Content/Maps/Templates/Template_Default.umap" TEMPLATE=1 SHOWPROGRESS=1 FEATURELEVEL=3
[2017.05.05-10.56.00:215][  0]LightingResults: New page: Lighting Build
[2017.05.05-10.56.00:249][  0]MapCheck: New page: Map Check
[2017.05.05-10.56.00:249][  0]LightingResults: New page: Lighting Build
[2017.05.05-10.56.00:384][  0]LogAIModule: Creating AISystem for world Untitled_1
[2017.05.05-10.56.00:396][  0]LogActorComponent: RegisterComponentWithWorld: (/Temp/Untitled_1.Untitled_1:PersistentLevel.WorldSettings_1.StaticMeshComponent0) Trying to register component with IsPendingKill() == true. Aborting.
[2017.05.05-10.56.00:399][  0]LogEditorServer: Finished looking for orphan Actors (0.000 secs)
[2017.05.05-10.56.00:401][  0]Cmd: MAP CHECKDEP NOCLEARLOG
[2017.05.05-10.56.00:449][  0]MapCheck: Info Map check complete: 0 Error(s), 0 Warning(s), took 48.192ms to complete.
[2017.05.05-10.56.00:449][  0]LogFileHelpers: Loading map 'Template_Default' took 0.235
[2017.05.05-10.56.00:616][  0]LogCollectionManager: Loaded 0 collections in 0.001677 seconds
[2017.05.05-10.56.00:706][  0]LogFileCache: Scanning file cache for directory 'X:/Unreal Projects/TileGame/Saved/Collections/' took 0.01s
[2017.05.05-10.56.00:706][  0]LogFileCache: Scanning file cache for directory 'X:/Unreal Projects/TileGame/Content/Developers/Numa/Collections/' took 0.01s
[2017.05.05-10.56.00:706][  0]LogFileCache: Scanning file cache for directory 'X:/Unreal Projects/TileGame/Content/Collections/' took 0.01s
[2017.05.05-10.56.00:706][  0]LogCollectionManager: Rebuilt the GUID cache for 0 collections in 0.000002 seconds
[2017.05.05-10.56.00:717][  0]LogContentBrowser: Native class hierarchy populated in 0.0101 seconds. Added 2245 classes and 453 folders.
[2017.05.05-10.56.00:781][  0]LogContentBrowser: Native class hierarchy updated for 'WidgetCarousel' in 0.0003 seconds. Added 0 classes and 0 folders.
[2017.05.05-10.56.00:863][  0]LogContentBrowser: Native class hierarchy updated for 'AddContentDialog' in 0.0003 seconds. Added 0 classes and 0 folders.
[2017.05.05-10.56.00:903][  0]LogContentBrowser: Native class hierarchy updated for 'SceneOutliner' in 0.0003 seconds. Added 1 classes and 2 folders.
[2017.05.05-10.56.00:940][  0]LogCrashTracker: Crashtracker disabled due to settings.
[2017.05.05-10.56.00:945][  0]LogUObjectGlobals:Warning: Failed to find object 'Class None.'
[2017.05.05-10.56.01:003][  0]LogContentBrowser: Native class hierarchy updated for 'HierarchicalLODOutliner' in 0.0004 seconds. Added 1 classes and 2 folders.
[2017.05.05-10.56.01:003][  0]LogLoad: (Engine Initialization) Total time: 14.11 seconds
[2017.05.05-10.56.01:003][  0]LogLoad: (Engine Initialization) Total Blueprint compile time: 0.07 seconds
[2017.05.05-10.56.01:003][  0]LogExternalProfiler: Found external profiler: VSPerf
[2017.05.05-10.56.01:003][  0]LogExternalProfiler: Using external profiler: VSPerf
[2017.05.05-10.56.01:342][  0]LogOcInput: OculusInput pre-init called
[2017.05.05-10.56.01:356][  0]LogAssetRegistry: Asset discovery search completed in 7.8494 seconds
[2017.05.05-10.56.01:356][  0]LogCollectionManager: Rebuilt the object cache for 0 collections in 0.000004 seconds (found 0 objects)
[2017.05.05-10.56.01:356][  0]LogCollectionManager: Fixed up redirectors for 0 collections in 0.000013 seconds (updated 0 objects)
[2017.05.05-10.56.01:360][  0]LogContentStreaming: Texture pool size now 1000 MB
[2017.05.05-10.56.01:366][  0]LogSlate: Took 0.000226 seconds to synchronously load lazily loaded font '../../../Engine/Content/Slate/Fonts/Roboto-Regular.ttf' (155K)
[2017.05.05-10.56.01:368][  0]LogSlate: Took 0.000210 seconds to synchronously load lazily loaded font '../../../Engine/Content/Slate/Fonts/Roboto-Bold.ttf' (160K)
[2017.05.05-10.56.01:373][  0]LogSlate: Took 0.000947 seconds to synchronously load lazily loaded font '../../../Engine/Content/Editor/Slate/Fonts/FontAwesome.ttf' (139K)
[2017.05.05-10.56.01:534][  0]LogRenderer: Reallocating scene render targets to support 1492x808 NumSamples 1 (Frame:2).
[2017.05.05-10.59.32:695][636]LogEditorViewport: Clicking on Actor (LMB): StaticMeshActor (Floor)
[2017.05.05-10.59.37:252][170]LogEditorViewport: Clicking on Actor (LMB): BP_Sky_Sphere_C (Sky Sphere)
[2017.05.05-10.59.42:273][763]LogBlueprint:Warning: USimpleConstructionScript::FixupRootNodeParentReferences() - Couldn't find native parent component 'StaticMeshComponent0' for 'DefaultSceneRoot' in BlueprintGeneratedClass 'BasicTile_C' (it may have been removed)
[2017.05.05-10.59.42:284][763]LogSlate: Took 0.001160 seconds to synchronously load lazily loaded font '../../../Engine/Content/Slate/Fonts/Roboto-Light.ttf' (159K)
[2017.05.05-10.59.42:616][763]LogContentBrowser: Native class hierarchy updated for 'BlueprintGraph' in 0.0007 seconds. Added 112 classes and 0 folders.
[2017.05.05-10.59.43:040][763]LogSlate: Took 0.000169 seconds to synchronously load lazily loaded font '../../../Engine/Content/Slate/Fonts/Roboto-Regular.ttf' (155K)
[2017.05.05-10.59.43:100][763]LogSlate: Took 0.001104 seconds to synchronously load lazily loaded font '../../../Engine/Content/Editor/Slate/Fonts/Roboto-BoldCondensed.ttf' (158K)
[2017.05.05-10.59.53:554][856]LogSlate: Took 0.001251 seconds to synchronously load lazily loaded font '../../../Engine/Content/Editor/Slate/Fonts/Roboto-Italic.ttf' (157K)
[2017.05.05-11.05.52:554][446]LogSlate: Took 0.000207 seconds to synchronously load lazily loaded font '../../../Engine/Content/Slate/Fonts/Roboto-Light.ttf' (159K)
[2017.05.05-11.06.01:270][504]LogFileHelpers: Editor autosave (incl. sublevels) for '/Temp/Untitled_1' took 0.021
[2017.05.05-11.06.01:762][504]OBJ SavePackage: Generating thumbnails for [1] asset(s) in package [/Game/Blueprints/MapContent/Tiles/BasicTile] ([1] browsable assets)...
[2017.05.05-11.06.01:771][504]OBJ SavePackage:     Rendered thumbnail for [Blueprint /Game/Blueprints/MapContent/Tiles/BasicTile.BasicTile]
[2017.05.05-11.06.01:771][504]OBJ SavePackage: Finished generating thumbnails for package [/Game/Blueprints/MapContent/Tiles/BasicTile]
[2017.05.05-11.06.01:873][504]LogSavePackage: Save=12.49ms
[2017.05.05-11.06.01:873][504]LogSavePackage: Moving 'X:/Unreal Projects/TileGame/Saved/BasicTile_Auto1F96CC405425A163644ACA3ACD5D96E25.tmp' to 'X:/Unreal Projects/TileGame/Saved/Autosaves/Game/Blueprints/MapContent/Tiles/BasicTile_Auto1.uasset'
[2017.05.05-11.06.01:882][504]LogSavePackage:Display: Finished SavePackage X:/Unreal Projects/TileGame/Saved/Autosaves/Game/Blueprints/MapContent/Tiles/BasicTile_Auto1.uasset
[2017.05.05-11.06.01:882][504]LogFileHelpers: Auto-saving content packages took 0.611
[2017.05.05-11.06.10:649][422]LogLinker:Warning: Can't find file '/Game/Materials/lambert1'
[2017.05.05-11.06.10:649][422]LogLinker:Warning: Can't find file for asset '/Game/Materials/lambert1' while loading X:/Unreal Projects/TileGame/Content/TileBasic.uasset.
[2017.05.05-11.06.10:649][422]LoadErrors:Error: Error /Game/TileBasic : Can't find file for asset. /Game/Materials/lambert1
[2017.05.05-11.06.10:649][422]LogLinker:Warning: Can't find file '/Game/Materials/lambert1'
[2017.05.05-11.06.10:649][422]LogLinker:Warning: Can't find file for asset '/Game/Materials/lambert1' while loading X:/Unreal Projects/TileGame/Content/TileBasic.uasset.
[2017.05.05-11.06.10:650][422]LogLinker:Warning: Can't find file '/Game/Materials/lambert1'
[2017.05.05-11.06.10:650][422]LoadErrors: Info Failed to load /Game/Materials/lambert1.lambert1 Referenced by TileBasic
[2017.05.05-11.06.10:650][422]LogLinker:Warning: Can't find file for asset '/Game/Materials/lambert1' while loading NULL.
[2017.05.05-11.08.48:624][372]BlueprintLog: New page: Compile BasicTile
[2017.05.05-11.08.49:607][458]Cmd: OBJ SAVEPACKAGE PACKAGE="/Game/Blueprints/MapContent/Tiles/BasicTile" FILE="X:/Unreal Projects/TileGame/Content/Blueprints/MapContent/Tiles/BasicTile.uasset" SILENT=true
[2017.05.05-11.08.49:616][458]LogSavePackage: Save=7.00ms
[2017.05.05-11.08.49:616][458]LogSavePackage: Moving 'X:/Unreal Projects/TileGame/Saved/BasicTile5433470448B01D67C72FFA89A4427E3E.tmp' to 'X:/Unreal Projects/TileGame/Content/Blueprints/MapContent/Tiles/BasicTile.uasset'
[2017.05.05-11.08.49:617][458]LogSavePackage:Display: Finished SavePackage X:/Unreal Projects/TileGame/Content/Blueprints/MapContent/Tiles/BasicTile.uasset
[2017.05.05-11.09.03:637][104]LogBlueprint:Warning: [TileBasedGameMode] 'TypeOfTerrain' variable not found. Base class was probably changed.
[2017.05.05-11.09.03:638][104]LogBlueprint:Warning: [TileBasedGameMode] 'MovementCost' variable not found. Base class was probably changed.
[2017.05.05-11.09.03:640][104]LogBlueprint:Warning: [Compiler TileBasedGameMode] Warning Could not find a variable named "MovementCost" in 'TileBasic_v2_Blueprint_C'.
Make sure 'TileBasic_v2_Blueprint_C' has been compiled for  Get MovementCost
[2017.05.05-11.09.03:640][104]LogBlueprint:Warning: [Compiler TileBasedGameMode] Warning Could not find a variable named "TypeOfTerrain" in 'TileBasic_v2_Blueprint_C'.
Make sure 'TileBasic_v2_Blueprint_C' has been compiled for  Get TypeOfTerrain
[2017.05.05-11.09.03:641][104]LogBlueprint:Error: [Compiler TileBasedGameMode] Error The type of  Object  is undetermined.  Connect something to  Cast To BasicTile  to imply a specific type.
[2017.05.05-11.09.03:641][104]LogBlueprint:Error: [Compiler TileBasedGameMode] Error The type of  Object  is undetermined.  Connect something to  Cast To BasicTile  to imply a specific type.
[2017.05.05-11.09.03:641][104]LogBlueprint:Error: [Compiler TileBasedGameMode] Error The current value of the ' Object ' pin is invalid: Unsupported type Wildcard on pin Object
[2017.05.05-11.09.03:641][104]LogBlueprint:Error: [Compiler TileBasedGameMode] Error The property associated with  Type Of Terrain  could not be found
[2017.05.05-11.09.03:641][104]LogBlueprint:Error: [Compiler TileBasedGameMode] Error The property associated with  Movement Cost  could not be found
[2017.05.05-11.09.03:641][104]LogBlueprint:Error: [Compiler TileBasedGameMode] Error The current value of the ' Object ' pin is invalid: Unsupported type Wildcard on pin Object
[2017.05.05-11.09.03:643][104]LogBlueprint:Warning: [Compiler TileBasedGameMode] Warning [0796.75] Compile of TileBasedGameMode failed. 6 Fatal Issue(s) 2 Warning(s) [in 5 ms] (/Game/Blueprints/TileBasedGameMode.TileBasedGameMode)
[2017.05.05-11.09.03:643][104]LogBlueprint:Warning: [Compiler TileBasedGameMode] Warning [0796.75] Compile of TileBasedGameMode failed. 6 Fatal Issue(s) 3 Warning(s) [in 0 ms] (/Game/Blueprints/TileBasedGameMode.TileBasedGameMode)
[2017.05.05-11.09.03:643][104]LogBlueprint:Warning: [Compiler TileBasedGameMode] Warning [0796.75] Compile of TileBasedGameMode failed. 6 Fatal Issue(s) 4 Warning(s) [in 0 ms] (/Game/Blueprints/TileBasedGameMode.TileBasedGameMode)
[2017.05.05-11.09.03:644][104]LogBlueprint:Warning: [TileBasedGameMode] 'MovementCost' variable not found. Base class was probably changed.
[2017.05.05-11.09.03:644][104]LogBlueprint:Warning: [TileBasedGameMode] 'TypeOfTerrain' variable not found. Base class was probably changed.
[2017.05.05-11.09.03:647][104]LogBlueprint:Warning: [Compiler TileBasedGameMode] Warning Could not find a variable named "MovementCost" in 'TileBasic_v2_Blueprint_C'.
Make sure 'TileBasic_v2_Blueprint_C' has been compiled for  Get MovementCost
[2017.05.05-11.09.03:647][104]LogBlueprint:Warning: [Compiler TileBasedGameMode] Warning Could not find a variable named "TypeOfTerrain" in 'TileBasic_v2_Blueprint_C'.
Make sure 'TileBasic_v2_Blueprint_C' has been compiled for  Get TypeOfTerrain
[2017.05.05-11.09.03:648][104]LogBlueprint:Error: [Compiler TileBasedGameMode] Error The type of  Object  is undetermined.  Connect something to  Cast To BasicTile  to imply a specific type.
[2017.05.05-11.09.03:648][104]LogBlueprint:Error: [Compiler TileBasedGameMode] Error The type of  Object  is undetermined.  Connect something to  Cast To BasicTile  to imply a specific type.
[2017.05.05-11.09.03:648][104]LogBlueprint:Error: [Compiler TileBasedGameMode] Error The current value of the ' Object ' pin is invalid: Unsupported type Wildcard on pin Object
[2017.05.05-11.09.03:648][104]LogBlueprint:Error: [Compiler TileBasedGameMode] Error The property associated with  Type Of Terrain  could not be found
[2017.05.05-11.09.03:648][104]LogBlueprint:Error: [Compiler TileBasedGameMode] Error The property associated with  Movement Cost  could not be found
[2017.05.05-11.09.03:648][104]LogBlueprint:Error: [Compiler TileBasedGameMode] Error The current value of the ' Object ' pin is invalid: Unsupported type Wildcard on pin Object
[2017.05.05-11.09.03:650][104]LogBlueprint:Warning: [Compiler TileBasedGameMode] Warning [0796.76] Compile of TileBasedGameMode failed. 6 Fatal Issue(s) 2 Warning(s) [in 6 ms] (/Game/Blueprints/TileBasedGameMode.TileBasedGameMode)
[2017.05.05-11.09.03:650][104]LogBlueprint:Warning: [Compiler TileBasedGameMode] Warning [0796.76] Compile of TileBasedGameMode failed. 6 Fatal Issue(s) 3 Warning(s) [in 0 ms] (/Game/Blueprints/TileBasedGameMode.TileBasedGameMode)
[2017.05.05-11.09.03:650][104]LogBlueprint:Warning: [Compiler TileBasedGameMode] Warning [0796.76] Compile of TileBasedGameMode failed. 6 Fatal Issue(s) 4 Warning(s) [in 0 ms] (/Game/Blueprints/TileBasedGameMode.TileBasedGameMode)
[2017.05.05-11.09.03:657][104]LogMaterial: Missing cached shader map for material Desert, compiling. 
[2017.05.05-11.09.03:658][104]LogTemp:Display: Added material ShaderMap 0x0000014E1B980800 with Material 0x0000014E4B9DB400 to ShaderMapsBeingCompiled
[2017.05.05-11.09.03:676][104]LogTemp:Display: Kicking off shader compilation for Desert, GameThreadShaderMap 0x0000014E1B980800
[2017.05.05-11.09.03:676][104]LogStaticMesh: Building static mesh TileBasic_v2...
[2017.05.05-11.09.03:691][104]LogStaticMesh: Built static mesh [0.02s] /Game/TileBasic_v2.TileBasic_v2
[2017.05.05-11.09.05:185][279]LogTemp:Display: Finished compile of shader map 0x0000014E1B980800
[2017.05.05-11.09.05:185][279]LogTemp:Display: Shader map Desert complete, GameThreadShaderMap 0x0000014E1B980800, marking material Desert as finished
[2017.05.05-11.09.05:185][279]LogTemp:Display: Marking material as finished 0x0000014E4B9DB400
[2017.05.05-11.16.01:803][ 12]LogFileHelpers: Editor autosave (incl. sublevels) for '/Temp/Untitled_1' took 0.013
[2017.05.05-11.16.01:804][ 12]OBJ SavePackage: Generating thumbnails for [0] asset(s) in package [/Game/Blueprints/TileBasedGameMode] ([1] browsable assets)...
[2017.05.05-11.16.01:804][ 12]OBJ SavePackage: Finished generating thumbnails for package [/Game/Blueprints/TileBasedGameMode]
[2017.05.05-11.16.01:804][ 12]Cmd: OBJ SAVEPACKAGE PACKAGE="/Game/Blueprints/TileBasedGameMode" FILE="X:/Unreal Projects/TileGame/Saved/Autosaves/Game/Blueprints/TileBasedGameMode_Auto2.uasset" SILENT=false AUTOSAVING=true
[2017.05.05-11.16.02:195][ 12]LogSavePackage: Save=12.82ms
[2017.05.05-11.16.02:196][ 12]LogSavePackage: Moving 'X:/Unreal Projects/TileGame/Saved/TileBasedGameMode_Auto2D21506B54174B3BE6BAB42AC25C55C2C.tmp' to 'X:/Unreal Projects/TileGame/Saved/Autosaves/Game/Blueprints/TileBasedGameMode_Auto2.uasset'
[2017.05.05-11.16.02:196][ 12]LogSavePackage:Display: Finished SavePackage X:/Unreal Projects/TileGame/Saved/Autosaves/Game/Blueprints/TileBasedGameMode_Auto2.uasset
[2017.05.05-11.16.02:196][ 12]LogFileHelpers: Auto-saving content packages took 0.392
[2017.05.05-11.19.33:048][646]LogSlate: Took 0.001224 seconds to synchronously load lazily loaded font '../../../Engine/Content/Editor/Slate/Fonts/Roboto-BoldCondensedItalic.ttf' (160K)
[2017.05.05-11.20.50:314][504]BlueprintLog: New page: Compile TileBasedGameMode
[2017.05.05-11.20.50:324][504]LogBlueprint:Warning: [Compiler TileBasedGameMode] Warning Could not find a variable named "MovementCost" in 'TileBasic_v2_Blueprint_C'.
Make sure 'TileBasic_v2_Blueprint_C' has been compiled for  Get MovementCost
[2017.05.05-11.20.50:324][504]LogBlueprint:Warning: [Compiler TileBasedGameMode] Warning Could not find a variable named "TypeOfTerrain" in 'TileBasic_v2_Blueprint_C'.
Make sure 'TileBasic_v2_Blueprint_C' has been compiled for  Get TypeOfTerrain
[2017.05.05-11.20.50:324][504]LogBlueprint:Error: [Compiler TileBasedGameMode] Error The type of  Object  is undetermined.  Connect something to  Cast To BasicTile  to imply a specific type.
[2017.05.05-11.20.50:324][504]LogBlueprint:Error: [Compiler TileBasedGameMode] Error The type of  Object  is undetermined.  Connect something to  Cast To BasicTile  to imply a specific type.
[2017.05.05-11.20.50:324][504]LogBlueprint:Error: [Compiler TileBasedGameMode] Error The current value of the ' Object ' pin is invalid: Unsupported type Wildcard on pin Object
[2017.05.05-11.20.50:324][504]LogBlueprint:Error: [Compiler TileBasedGameMode] Error The property associated with  Type Of Terrain  could not be found
[2017.05.05-11.20.50:324][504]LogBlueprint:Error: [Compiler TileBasedGameMode] Error The property associated with  Movement Cost  could not be found
[2017.05.05-11.20.50:324][504]LogBlueprint:Error: [Compiler TileBasedGameMode] Error The current value of the ' Object ' pin is invalid: Unsupported type Wildcard on pin Object
[2017.05.05-11.20.50:325][504]LogBlueprint:Warning: [Compiler TileBasedGameMode] Warning Can't parse default value 'False' for  <None> . Property: MapSize_Y.
[2017.05.05-11.20.50:325][504]LogBlueprint:Warning: [Compiler TileBasedGameMode] Warning Can't parse default value 'False' for  <None> . Property: MapSize_X.
[2017.05.05-11.20.50:471][504]BlueprintEditorCompileResults:Warning: Warning Could not find a variable named "MovementCost" in 'TileBasic_v2_Blueprint_C'.
Make sure 'TileBasic_v2_Blueprint_C' has been compiled for  Get MovementCost
[2017.05.05-11.20.50:471][504]BlueprintEditorCompileResults:Warning: Warning Could not find a variable named "TypeOfTerrain" in 'TileBasic_v2_Blueprint_C'.
Make sure 'TileBasic_v2_Blueprint_C' has been compiled for  Get TypeOfTerrain
[2017.05.05-11.20.50:471][504]BlueprintEditorCompileResults:Error: Error The type of  Object  is undetermined.  Connect something to  Cast To BasicTile  to imply a specific type.
[2017.05.05-11.20.50:471][504]BlueprintEditorCompileResults:Error: Error The type of  Object  is undetermined.  Connect something to  Cast To BasicTile  to imply a specific type.
[2017.05.05-11.20.50:471][504]BlueprintEditorCompileResults: Info The execution path doesn't end with a return node.  Cast Failed
[2017.05.05-11.20.50:471][504]BlueprintEditorCompileResults: Info The execution path doesn't end with a return node.  Cast Failed
[2017.05.05-11.20.50:471][504]BlueprintEditorCompileResults: Info The execution path doesn't end with a return node.  Cast Failed
[2017.05.05-11.20.50:471][504]BlueprintEditorCompileResults:Error: Error The current value of the ' Object ' pin is invalid: Unsupported type Wildcard on pin Object
[2017.05.05-11.20.50:471][504]BlueprintEditorCompileResults:Error: Error The property associated with  Type Of Terrain  could not be found
[2017.05.05-11.20.50:471][504]BlueprintEditorCompileResults:Error: Error The property associated with  Movement Cost  could not be found
[2017.05.05-11.20.50:471][504]BlueprintEditorCompileResults:Error: Error The current value of the ' Object ' pin is invalid: Unsupported type Wildcard on pin Object
[2017.05.05-11.20.50:471][504]BlueprintEditorCompileResults:Warning: Warning Can't parse default value 'False' for  <None> . Property: MapSize_Y.
[2017.05.05-11.20.50:471][504]BlueprintEditorCompileResults:Warning: Warning Can't parse default value 'False' for  <None> . Property: MapSize_X.
[2017.05.05-11.20.50:471][504]LogBlueprint:Warning: [Compiler TileBasedGameMode] Warning [1503.58] Compile of TileBasedGameMode failed. 6 Fatal Issue(s) 4 Warning(s) [in 157 ms] (/Game/Blueprints/TileBasedGameMode.TileBasedGameMode)
[2017.05.05-11.26.02:415][909]LogFileHelpers: Editor autosave (incl. sublevels) for '/Temp/Untitled_1' took 0.011
[2017.05.05-11.26.02:416][909]OBJ SavePackage: Generating thumbnails for [0] asset(s) in package [/Game/Blueprints/TileBasedGameMode] ([1] browsable assets)...
[2017.05.05-11.26.02:416][909]OBJ SavePackage: Finished generating thumbnails for package [/Game/Blueprints/TileBasedGameMode]
[2017.05.05-11.26.02:416][909]Cmd: OBJ SAVEPACKAGE PACKAGE="/Game/Blueprints/TileBasedGameMode" FILE="X:/Unreal Projects/TileGame/Saved/Autosaves/Game/Blueprints/TileBasedGameMode_Auto3.uasset" SILENT=false AUTOSAVING=true
[2017.05.05-11.26.02:430][909]LogSavePackage: Save=12.59ms
[2017.05.05-11.26.02:430][909]LogSavePackage: Moving 'X:/Unreal Projects/TileGame/Saved/TileBasedGameMode_Auto3E9EEAAA84DCA3437CD9AF1B23C232675.tmp' to 'X:/Unreal Projects/TileGame/Saved/Autosaves/Game/Blueprints/TileBasedGameMode_Auto3.uasset'
[2017.05.05-11.26.02:431][909]LogSavePackage:Display: Finished SavePackage X:/Unreal Projects/TileGame/Saved/Autosaves/Game/Blueprints/TileBasedGameMode_Auto3.uasset
[2017.05.05-11.26.02:431][909]LogFileHelpers: Auto-saving content packages took 0.016
[2017.05.05-11.26.08:957][633]LogEditorTransaction: Undo AddPin
[2017.05.05-11.26.09:294][664]LogEditorTransaction: Undo AddPin
[2017.05.05-11.26.09:586][692]LogEditorTransaction: Undo AddPin
[2017.05.05-11.26.44:732][842]LogEditorTransaction: Undo Break Pin Links
[2017.05.05-11.26.44:926][858]LogEditorTransaction: Undo Move Node
[2017.05.05-11.26.45:109][872]LogEditorTransaction: Undo AddPin
[2017.05.05-11.26.45:435][905]LogEditorTransaction: Undo AddPin
[2017.05.05-11.26.59:120][482]LogUObjectHash:Warning: Ambiguous search, could be BlueprintGeneratedClass /Game/Blueprints/MapContent/Tiles/BasicTile.BasicTile_C or BlueprintGeneratedClass /Game/Blueprints/MapContent/BasicTile.BasicTile_C
[2017.05.05-11.26.59:120][482]LogUObjectHash:Warning: Ambiguous search, could be BlueprintGeneratedClass /Game/Blueprints/MapContent/Tiles/BasicTile.SKEL_BasicTile_C or BlueprintGeneratedClass /Game/Blueprints/MapContent/BasicTile.SKEL_BasicTile_C
[2017.05.05-11.27.09:250][588]LogUObjectHash:Warning: Ambiguous search, could be BlueprintGeneratedClass /Game/Blueprints/MapContent/Tiles/BasicTile.BasicTile_C or BlueprintGeneratedClass /Game/Blueprints/MapContent/BasicTile.BasicTile_C
[2017.05.05-11.27.09:250][588]LogUObjectHash:Warning: Ambiguous search, could be BlueprintGeneratedClass /Game/Blueprints/MapContent/Tiles/BasicTile.SKEL_BasicTile_C or BlueprintGeneratedClass /Game/Blueprints/MapContent/BasicTile.SKEL_BasicTile_C
[2017.05.05-11.28.28:782][611]LogSlate: Took 0.000270 seconds to synchronously load lazily loaded font '../../../Engine/Content/Slate/Fonts/Roboto-Light.ttf' (159K)
[2017.05.05-11.29.01:539][209]LogActorComponent: UnregisterComponent: (/Engine/Transient.EditorFloorComp) Not registered. Aborting.
[2017.05.05-11.29.01:586][209]LogActorComponent: UnregisterComponent: (/Engine/Transient.EditorFloorComp) Not registered. Aborting.
[2017.05.05-11.33.49:352][297]LogBlueprint:Warning: [Compiler TileBasedGameMode] Warning Could not find a variable named "MovementCost" in 'TileBasic_v2_Blueprint_C'.
Make sure 'TileBasic_v2_Blueprint_C' has been compiled for  Get MovementCost
[2017.05.05-11.33.49:352][297]LogBlueprint:Warning: [Compiler TileBasedGameMode] Warning Could not find a variable named "TypeOfTerrain" in 'TileBasic_v2_Blueprint_C'.
Make sure 'TileBasic_v2_Blueprint_C' has been compiled for  Get TypeOfTerrain
[2017.05.05-11.33.49:353][297]LogBlueprint:Error: [Compiler TileBasedGameMode] Error The type of  Object  is undetermined.  Connect something to  Cast To BasicTile_BP  to imply a specific type.
[2017.05.05-11.33.49:353][297]LogBlueprint:Error: [Compiler TileBasedGameMode] Error The type of  Object  is undetermined.  Connect something to  Cast To BasicTile_BP  to imply a specific type.
[2017.05.05-11.33.49:353][297]LogBlueprint:Error: [Compiler TileBasedGameMode] Error The current value of the ' Object ' pin is invalid: Unsupported type Wildcard on pin Object
[2017.05.05-11.33.49:353][297]LogBlueprint:Error: [Compiler TileBasedGameMode] Error The property associated with  Type Of Terrain  could not be found
[2017.05.05-11.33.49:353][297]LogBlueprint:Error: [Compiler TileBasedGameMode] Error The property associated with  Movement Cost  could not be found
[2017.05.05-11.33.49:353][297]LogBlueprint:Error: [Compiler TileBasedGameMode] Error The current value of the ' Object ' pin is invalid: Unsupported type Wildcard on pin Object
[2017.05.05-11.33.49:514][297]LogBlueprint:Warning: [Compiler TileBasedGameMode] Warning Could not find a variable named "MovementCost" in 'TileBasic_v2_Blueprint_C'.
Make sure 'TileBasic_v2_Blueprint_C' has been compiled for  Get MovementCost
[2017.05.05-11.33.49:514][297]LogBlueprint:Warning: [Compiler TileBasedGameMode] Warning Could not find a variable named "TypeOfTerrain" in 'TileBasic_v2_Blueprint_C'.
Make sure 'TileBasic_v2_Blueprint_C' has been compiled for  Get TypeOfTerrain
[2017.05.05-11.33.49:515][297]LogBlueprint:Error: [Compiler TileBasedGameMode] Error The type of  Object  is undetermined.  Connect something to  Cast To BasicTile_BP  to imply a specific type.
[2017.05.05-11.33.49:515][297]LogBlueprint:Error: [Compiler TileBasedGameMode] Error The type of  Object  is undetermined.  Connect something to  Cast To BasicTile_BP  to imply a specific type.
[2017.05.05-11.33.49:515][297]LogBlueprint:Error: [Compiler TileBasedGameMode] Error The current value of the ' Object ' pin is invalid: Unsupported type Wildcard on pin Object
[2017.05.05-11.33.49:515][297]LogBlueprint:Error: [Compiler TileBasedGameMode] Error The property associated with  Type Of Terrain  could not be found
[2017.05.05-11.33.49:515][297]LogBlueprint:Error: [Compiler TileBasedGameMode] Error The property associated with  Movement Cost  could not be found
[2017.05.05-11.33.49:515][297]LogBlueprint:Error: [Compiler TileBasedGameMode] Error The current value of the ' Object ' pin is invalid: Unsupported type Wildcard on pin Object
[2017.05.05-11.33.49:609][297]LogBlueprint:Warning: [Compiler TileBasedGameMode] Warning [2282.71] Compile of TileBasedGameMode failed. 6 Fatal Issue(s) 2 Warning(s) [in 98 ms] (/Game/Blueprints/TileBasedGameMode.TileBasedGameMode)
[2017.05.05-11.33.49:609][297]LogBlueprint:Warning: [Compiler TileBasedGameMode] Warning [2282.71] Compile of TileBasedGameMode failed. 6 Fatal Issue(s) 3 Warning(s) [in 0 ms] (/Game/Blueprints/TileBasedGameMode.TileBasedGameMode)
[2017.05.05-11.33.49:609][297]LogBlueprint:Warning: [Compiler TileBasedGameMode] Warning [2282.71] Compile of TileBasedGameMode failed. 6 Fatal Issue(s) 4 Warning(s) [in 0 ms] (/Game/Blueprints/TileBasedGameMode.TileBasedGameMode)
[2017.05.05-11.33.49:609][297]LogBlueprint:Warning: [Compiler TileBasedGameMode] Warning [2282.71] Compile of TileBasedGameMode failed. 6 Fatal Issue(s) 5 Warning(s) [in 0 ms] (/Game/Blueprints/TileBasedGameMode.TileBasedGameMode)
[2017.05.05-11.33.49:619][297]LogBlueprint:Warning: [Compiler TileBasedGameMode] Warning [2282.73] Compile of TileBasedGameMode failed. 6 Fatal Issue(s) 6 Warning(s) [in 10 ms] (/Game/Blueprints/TileBasedGameMode.TileBasedGameMode)
[2017.05.05-11.33.49:620][297]LogBlueprint:Warning: [Compiler TileBasedGameMode] Warning [2282.73] Compile of TileBasedGameMode failed. 6 Fatal Issue(s) 7 Warning(s) [in 0 ms] (/Game/Blueprints/TileBasedGameMode.TileBasedGameMode)
[2017.05.05-11.33.49:620][297]LogBlueprint:Warning: [Compiler TileBasedGameMode] Warning [2282.73] Compile of TileBasedGameMode failed. 6 Fatal Issue(s) 8 Warning(s) [in 0 ms] (/Game/Blueprints/TileBasedGameMode.TileBasedGameMode)
[2017.05.05-11.33.49:620][297]LogMetaData: Removing '/Game/Blueprints/MapContent/BasicTile_BP.BasicTile_BP:UserConstructionScript.K2Node_FunctionEntry_0' ref from Metadata '/Game/Blueprints/MapContent/BasicTile.PackageMetaData'
[2017.05.05-11.33.49:620][297]LogMetaData: Removing '/Game/Blueprints/MapContent/BasicTile_BP.BasicTile_BP_C' ref from Metadata '/Game/Blueprints/MapContent/BasicTile.PackageMetaData'
[2017.05.05-11.33.49:620][297]LogMetaData: Removing '/Game/Blueprints/MapContent/BasicTile_BP.BasicTile_BP:EventGraph.K2Node_Event_0' ref from Metadata '/Game/Blueprints/MapContent/BasicTile.PackageMetaData'
[2017.05.05-11.33.49:620][297]LogMetaData: Removing '/Game/Blueprints/MapContent/BasicTile_BP.BasicTile_BP:EventGraph.K2Node_Event_1' ref from Metadata '/Game/Blueprints/MapContent/BasicTile.PackageMetaData'
[2017.05.05-11.33.49:620][297]LogMetaData: Removing '/Game/Blueprints/MapContent/BasicTile_BP.BasicTile_BP:EventGraph.K2Node_Event_2' ref from Metadata '/Game/Blueprints/MapContent/BasicTile.PackageMetaData'
[2017.05.05-11.33.49:620][297]LogMetaData: Removing '/Game/Blueprints/MapContent/BasicTile_BP.SKEL_BasicTile_BP_C' ref from Metadata '/Game/Blueprints/MapContent/BasicTile.PackageMetaData'
[2017.05.05-11.33.49:637][297]Cmd: OBJ SAVEPACKAGE PACKAGE="/Game/Blueprints/MapContent/BasicTile_BP" FILE="X:/Unreal Projects/TileGame/Content/Blueprints/MapContent/BasicTile_BP.uasset" SILENT=true
[2017.05.05-11.33.49:643][297]LogSavePackage: Save=4.74ms
[2017.05.05-11.33.49:643][297]LogSavePackage: Moving 'X:/Unreal Projects/TileGame/Saved/BasicTile_BP7492C1DE4EAC93B68583719C451D8D8B.tmp' to 'X:/Unreal Projects/TileGame/Content/Blueprints/MapContent/BasicTile_BP.uasset'
[2017.05.05-11.33.49:643][297]LogSavePackage:Display: Finished SavePackage X:/Unreal Projects/TileGame/Content/Blueprints/MapContent/BasicTile_BP.uasset
[2017.05.05-11.33.49:754][297]Cmd: OBJ SAVEPACKAGE PACKAGE="/Game/Blueprints/TileBasedGameMode" FILE="X:/Unreal Projects/TileGame/Content/Blueprints/TileBasedGameMode.uasset" SILENT=true
[2017.05.05-11.33.49:769][297]LogSavePackage: Save=13.25ms
[2017.05.05-11.33.49:769][297]LogSavePackage: Moving 'X:/Unreal Projects/TileGame/Saved/TileBasedGameModeCE73C7894BB0879EF50EA6B8ACD310B2.tmp' to 'X:/Unreal Projects/TileGame/Content/Blueprints/TileBasedGameMode.uasset'
[2017.05.05-11.33.49:770][297]LogSavePackage:Display: Finished SavePackage X:/Unreal Projects/TileGame/Content/Blueprints/TileBasedGameMode.uasset
[2017.05.05-11.35.57:784][549]LogActorComponent: UnregisterComponent: (/Engine/Transient.EditorFloorComp) Not registered. Aborting.
[2017.05.05-11.36.24:520][480]LogEditorTransaction: Undo Create Pin Link
[2017.05.05-11.37.34:685][791]LogFileHelpers: Editor autosave (incl. sublevels) for '/Temp/Untitled_1' took 0.013
[2017.05.05-11.37.34:686][791]OBJ SavePackage: Generating thumbnails for [0] asset(s) in package [/Game/Blueprints/TileBasedGameMode] ([1] browsable assets)...
[2017.05.05-11.37.34:687][791]OBJ SavePackage: Finished generating thumbnails for package [/Game/Blueprints/TileBasedGameMode]
[2017.05.05-11.37.34:687][791]Cmd: OBJ SAVEPACKAGE PACKAGE="/Game/Blueprints/TileBasedGameMode" FILE="X:/Unreal Projects/TileGame/Saved/Autosaves/Game/Blueprints/TileBasedGameMode_Auto4.uasset" SILENT=false AUTOSAVING=true
[2017.05.05-11.37.34:702][791]LogSavePackage: Save=13.65ms
[2017.05.05-11.37.34:702][791]LogSavePackage: Moving 'X:/Unreal Projects/TileGame/Saved/TileBasedGameMode_Auto44D5B12FF48B3FBB82B52D59128B003A2.tmp' to 'X:/Unreal Projects/TileGame/Saved/Autosaves/Game/Blueprints/TileBasedGameMode_Auto4.uasset'
[2017.05.05-11.37.34:702][791]LogSavePackage:Display: Finished SavePackage X:/Unreal Projects/TileGame/Saved/Autosaves/Game/Blueprints/TileBasedGameMode_Auto4.uasset
[2017.05.05-11.37.34:702][791]LogFileHelpers: Auto-saving content packages took 0.016
[2017.05.05-11.47.35:524][798]LogFileHelpers: Editor autosave (incl. sublevels) for '/Temp/Untitled_1' took 0.011
[2017.05.05-11.47.35:524][798]OBJ SavePackage: Generating thumbnails for [0] asset(s) in package [/Game/Blueprints/TileBasedGameMode] ([1] browsable assets)...
[2017.05.05-11.47.35:524][798]OBJ SavePackage: Finished generating thumbnails for package [/Game/Blueprints/TileBasedGameMode]
[2017.05.05-11.47.35:524][798]Cmd: OBJ SAVEPACKAGE PACKAGE="/Game/Blueprints/TileBasedGameMode" FILE="X:/Unreal Projects/TileGame/Saved/Autosaves/Game/Blueprints/TileBasedGameMode_Auto5.uasset" SILENT=false AUTOSAVING=true
[2017.05.05-11.47.35:540][798]LogSavePackage: Save=13.91ms
[2017.05.05-11.47.35:540][798]LogSavePackage: Moving 'X:/Unreal Projects/TileGame/Saved/TileBasedGameMode_Auto5B98C47874EFFA4E89052E190858EC646.tmp' to 'X:/Unreal Projects/TileGame/Saved/Autosaves/Game/Blueprints/TileBasedGameMode_Auto5.uasset'
[2017.05.05-11.47.35:541][798]LogSavePackage:Display: Finished SavePackage X:/Unreal Projects/TileGame/Saved/Autosaves/Game/Blueprints/TileBasedGameMode_Auto5.uasset
[2017.05.05-11.47.35:541][798]LogFileHelpers: Auto-saving content packages took 0.017
[2017.05.05-12.23.12:833][211]LogHttp:Warning: 0000014E4CA33880: request failed, libcurl error: 6 (Couldn't resolve host name)
[2017.05.05-12.23.12:833][211]LogHttp:Warning: 0000014E4CA33880: libcurl info message cache 0 (Connection 37 seems to be dead!)
[2017.05.05-12.23.12:833][211]LogHttp:Warning: 0000014E4CA33880: libcurl info message cache 1 (Closing connection 37)
[2017.05.05-12.23.12:833][211]LogHttp:Warning: 0000014E4CA33880: libcurl info message cache 2 (TLSv1.2 (OUT), TLS alert, Client hello (1):)
[2017.05.05-12.23.12:833][211]LogHttp:Warning: 0000014E4CA33880: libcurl info message cache 3 (Could not resolve host: datarouter.ol.epicgames.com)
[2017.05.05-12.23.12:833][211]LogHttp:Warning: 0000014E4CA33880: libcurl info message cache 4 (Closing connection 38)
[2017.05.05-12.28.15:107][108]LogRenderer: Reallocating scene render targets to support 1492x836 NumSamples 1 (Frame:207005).
[2017.05.05-13.06.53:468][105]LogFileHelpers: Editor autosave (incl. sublevels) for '/Temp/Untitled_1' took 0.022
[2017.05.05-13.06.53:470][105]OBJ SavePackage: Generating thumbnails for [0] asset(s) in package [/Game/Blueprints/TileBasedGameMode] ([1] browsable assets)...
[2017.05.05-13.06.53:470][105]OBJ SavePackage: Finished generating thumbnails for package [/Game/Blueprints/TileBasedGameMode]
[2017.05.05-13.06.53:470][105]Cmd: OBJ SAVEPACKAGE PACKAGE="/Game/Blueprints/TileBasedGameMode" FILE="X:/Unreal Projects/TileGame/Saved/Autosaves/Game/Blueprints/TileBasedGameMode_Auto6.uasset" SILENT=false AUTOSAVING=true
[2017.05.05-13.06.53:489][105]LogSavePackage: Save=16.56ms
[2017.05.05-13.06.53:489][105]LogSavePackage: Moving 'X:/Unreal Projects/TileGame/Saved/TileBasedGameMode_Auto62F9F9EE241E21AC3BD1B89ADC2831AD0.tmp' to 'X:/Unreal Projects/TileGame/Saved/Autosaves/Game/Blueprints/TileBasedGameMode_Auto6.uasset'
[2017.05.05-13.06.53:489][105]LogSavePackage:Display: Finished SavePackage X:/Unreal Projects/TileGame/Saved/Autosaves/Game/Blueprints/TileBasedGameMode_Auto6.uasset
[2017.05.05-13.06.53:489][105]LogFileHelpers: Auto-saving content packages took 0.020
[2017.05.05-13.16.54:264][102]LogFileHelpers: Editor autosave (incl. sublevels) for '/Temp/Untitled_1' took 0.014
[2017.05.05-13.16.54:266][102]OBJ SavePackage: Generating thumbnails for [0] asset(s) in package [/Game/Blueprints/TileBasedGameMode] ([1] browsable assets)...
[2017.05.05-13.16.54:266][102]OBJ SavePackage: Finished generating thumbnails for package [/Game/Blueprints/TileBasedGameMode]
[2017.05.05-13.16.54:266][102]Cmd: OBJ SAVEPACKAGE PACKAGE="/Game/Blueprints/TileBasedGameMode" FILE="X:/Unreal Projects/TileGame/Saved/Autosaves/Game/Blueprints/TileBasedGameMode_Auto7.uasset" SILENT=false AUTOSAVING=true
[2017.05.05-13.16.54:283][102]LogSavePackage: Save=15.99ms
[2017.05.05-13.16.54:283][102]LogSavePackage: Moving 'X:/Unreal Projects/TileGame/Saved/TileBasedGameMode_Auto76B5A33A64A8AEE547B5533BD262933C1.tmp' to 'X:/Unreal Projects/TileGame/Saved/Autosaves/Game/Blueprints/TileBasedGameMode_Auto7.uasset'
[2017.05.05-13.16.54:284][102]LogSavePackage:Display: Finished SavePackage X:/Unreal Projects/TileGame/Saved/Autosaves/Game/Blueprints/TileBasedGameMode_Auto7.uasset
[2017.05.05-13.16.54:284][102]LogFileHelpers: Auto-saving content packages took 0.019
[2017.05.05-14.19.47:431][209]Cmd: OBJ SAVEPACKAGE PACKAGE="/Game/Blueprints/TileBasedGameMode" FILE="X:/Unreal Projects/TileGame/Content/Blueprints/TileBasedGameMode.uasset" SILENT=true
[2017.05.05-14.19.47:457][209]LogSavePackage: Save=23.24ms
[2017.05.05-14.19.47:457][209]LogSavePackage: Moving 'X:/Unreal Projects/TileGame/Saved/TileBasedGameMode4C17038F44AE2DE3C54D0DAD6F06249E.tmp' to 'X:/Unreal Projects/TileGame/Content/Blueprints/TileBasedGameMode.uasset'
[2017.05.05-14.19.47:458][209]LogSavePackage:Display: Finished SavePackage X:/Unreal Projects/TileGame/Content/Blueprints/TileBasedGameMode.uasset
[2017.05.05-14.19.47:964][261]BlueprintLog: New page: Compile TileBasedGameMode
[2017.05.05-14.19.47:981][261]LogBlueprint:Error: [Compiler TileBasedGameMode] Error Wrong class to spawn 'None' in  Construct Object from Class
[2017.05.05-14.19.47:988][261]LogBlueprint:Warning: [Compiler TileBasedGameMode] Warning Could not find a variable named "MovementCost" in 'TileBasic_v2_Blueprint_C'.
Make sure 'TileBasic_v2_Blueprint_C' has been compiled for  Get MovementCost
[2017.05.05-14.19.47:988][261]LogBlueprint:Warning: [Compiler TileBasedGameMode] Warning Could not find a variable named "TypeOfTerrain" in 'TileBasic_v2_Blueprint_C'.
Make sure 'TileBasic_v2_Blueprint_C' has been compiled for  Get TypeOfTerrain
[2017.05.05-14.19.47:988][261]LogBlueprint:Error: [Compiler TileBasedGameMode] Error The type of  Array  is undetermined.  Connect something to  ForEachLoop  to imply a specific type.
[2017.05.05-14.19.47:988][261]LogBlueprint:Error: [Compiler TileBasedGameMode] Error The type of  Target Array  is undetermined.  Connect something to  Length  to imply a specific type.
[2017.05.05-14.19.47:990][261]LogBlueprint:Error: [Compiler TileBasedGameMode] Error The type of  Object  is undetermined.  Connect something to  Cast To BasicTile_BP  to imply a specific type.
[2017.05.05-14.19.47:990][261]LogBlueprint:Error: [Compiler TileBasedGameMode] Error The type of  Object  is undetermined.  Connect something to  Cast To BasicTile_BP  to imply a specific type.
[2017.05.05-14.19.47:990][261]LogBlueprint:Error: [Compiler TileBasedGameMode] Error The current value of the ' Object ' pin is invalid: Unsupported type Wildcard on pin Object
[2017.05.05-14.19.47:990][261]LogBlueprint:Error: [Compiler TileBasedGameMode] Error The property associated with  Type Of Terrain  could not be found
[2017.05.05-14.19.47:990][261]LogBlueprint:Error: [Compiler TileBasedGameMode] Error The property associated with  Movement Cost  could not be found
[2017.05.05-14.19.47:990][261]LogBlueprint:Error: [Compiler TileBasedGameMode] Error The current value of the ' Object ' pin is invalid: Unsupported type Wildcard on pin Object
[2017.05.05-14.19.48:256][261]BlueprintEditorCompileResults:Error: Error Wrong class to spawn 'None' in  Construct Object from Class
[2017.05.05-14.19.48:256][261]BlueprintEditorCompileResults:Warning: Warning Could not find a variable named "MovementCost" in 'TileBasic_v2_Blueprint_C'.
Make sure 'TileBasic_v2_Blueprint_C' has been compiled for  Get MovementCost
[2017.05.05-14.19.48:256][261]BlueprintEditorCompileResults:Warning: Warning Could not find a variable named "TypeOfTerrain" in 'TileBasic_v2_Blueprint_C'.
Make sure 'TileBasic_v2_Blueprint_C' has been compiled for  Get TypeOfTerrain
[2017.05.05-14.19.48:256][261]BlueprintEditorCompileResults:Error: Error The type of  Array  is undetermined.  Connect something to  ForEachLoop  to imply a specific type.
[2017.05.05-14.19.48:256][261]BlueprintEditorCompileResults:Error: Error The type of  Target Array  is undetermined.  Connect something to  Length  to imply a specific type.
[2017.05.05-14.19.48:256][261]BlueprintEditorCompileResults:Error: Error The type of  Object  is undetermined.  Connect something to  Cast To BasicTile_BP  to imply a specific type.
[2017.05.05-14.19.48:256][261]BlueprintEditorCompileResults:Error: Error The type of  Object  is undetermined.  Connect something to  Cast To BasicTile_BP  to imply a specific type.
[2017.05.05-14.19.48:256][261]BlueprintEditorCompileResults: Info The execution path doesn't end with a return node.  Cast Failed
[2017.05.05-14.19.48:256][261]BlueprintEditorCompileResults: Info The execution path doesn't end with a return node.  Cast Failed
[2017.05.05-14.19.48:256][261]BlueprintEditorCompileResults: Info The execution path doesn't end with a return node.  Cast Failed
[2017.05.05-14.19.48:256][261]BlueprintEditorCompileResults:Error: Error The current value of the ' Object ' pin is invalid: Unsupported type Wildcard on pin Object
[2017.05.05-14.19.48:256][261]BlueprintEditorCompileResults:Error: Error The property associated with  Type Of Terrain  could not be found
[2017.05.05-14.19.48:256][261]BlueprintEditorCompileResults:Error: Error The property associated with  Movement Cost  could not be found
[2017.05.05-14.19.48:256][261]BlueprintEditorCompileResults:Error: Error The current value of the ' Object ' pin is invalid: Unsupported type Wildcard on pin Object
[2017.05.05-14.19.48:256][261]LogBlueprint:Warning: [Compiler TileBasedGameMode] Warning [2241.36] Compile of TileBasedGameMode failed. 9 Fatal Issue(s) 2 Warning(s) [in 291 ms] (/Game/Blueprints/TileBasedGameMode.TileBasedGameMode)
[2017.05.05-14.19.52:270][470]LogTextFormatter:Warning: Failed to parse argument "ExistingAsset" as a number (using "0" as a fallback). Please check your format string for errors: "{ExistingAsset} already exists. Do you want to replace it?".
[2017.05.05-14.19.53:633][470]Cmd: OBJ SAVEPACKAGE PACKAGE="/Game/Levels/BaseScene" FILE="X:/Unreal Projects/TileGame/Content/Levels/BaseScene.umap" SILENT=true AUTOSAVING=false KEEPDIRTY=false
[2017.05.05-14.19.53:699][470]LogSavePackage: Save=19.69ms
[2017.05.05-14.19.53:699][470]LogSavePackage: Moving 'X:/Unreal Projects/TileGame/Saved/BaseSceneCCDA4F894EF34D82D1070B83011325AD.tmp' to 'X:/Unreal Projects/TileGame/Content/Levels/BaseScene.umap'
[2017.05.05-14.19.53:700][470]LogSavePackage:Display: Finished SavePackage X:/Unreal Projects/TileGame/Content/Levels/BaseScene.umap
[2017.05.05-14.19.53:723][470]LogFileHelpers: Saving map 'BaseScene' took 0.430
[2017.05.05-14.19.55:519][631]LogWindowsTextInputMethodSystem:Display: IME system now deactivated.
[2017.05.05-14.19.55:738][632]Cmd: QUIT_EDITOR
[2017.05.05-14.19.55:813][632]LogExit: Preparing to exit.
[2017.05.05-14.19.56:351][632]LogExit: Editor shut down
[2017.05.05-14.19.56:352][632]LogExit: Transaction tracking system shut down
[2017.05.05-14.19.56:531][632]LogObj: Freed 0b from 0 cluster array pools.
[2017.05.05-14.19.56:532][632]LogExit: Object subsystem successfully closed.
[2017.05.05-14.19.56:564][632]LogD3D11RHI: Shutdown
[2017.05.05-14.19.56:564][632]LogD3D11RHI: CleanupD3DDevice
[2017.05.05-14.19.56:651][632]LogD3D11RHI:Error: Crashed freeing up the D3D11 device.
[2017.05.05-14.19.56:652][632]LogD3D11RHI: ~FD3D11DynamicRHI
[2017.05.05-14.19.56:695][632]LogModuleManager: Shutting down and abandoning module HierarchicalLODUtilities (504)
[2017.05.05-14.19.56:695][632]LogModuleManager: Shutting down and abandoning module BlueprintGraph (502)
[2017.05.05-14.19.56:695][632]LogModuleManager: Shutting down and abandoning module BlueprintProfiler (500)
[2017.05.05-14.19.56:696][632]LogModuleManager: Shutting down and abandoning module HierarchicalLODOutliner (498)
[2017.05.05-14.19.56:696][632]LogModuleManager: Shutting down and abandoning module CrashTracker (496)
[2017.05.05-14.19.56:696][632]LogModuleManager: Shutting down and abandoning module SceneOutliner (494)
[2017.05.05-14.19.56:696][632]LogModuleManager: Shutting down and abandoning module AddContentDialog (492)
[2017.05.05-14.19.56:696][632]LogDirectoryWatcher: A directory notification for 'C:/Unreal Engine/UE_4.15/FeaturePacks/' was aborted.
[2017.05.05-14.19.56:702][632]LogModuleManager: Shutting down and abandoning module WidgetCarousel (491)
[2017.05.05-14.19.56:702][632]LogModuleManager: Shutting down and abandoning module EditorWidgets (488)
[2017.05.05-14.19.56:702][632]LogModuleManager: Shutting down and abandoning module CollectionManager (486)
[2017.05.05-14.19.56:703][632]LogDirectoryWatcher: A directory notification for 'X:/Unreal Projects/TileGame/Content/Collections/' was aborted.
[2017.05.05-14.19.56:703][632]LogDirectoryWatcher: A directory notification for 'X:/Unreal Projects/TileGame/Content/Developers/Numa/Collections/' was aborted.
[2017.05.05-14.19.56:703][632]LogDirectoryWatcher: A directory notification for 'X:/Unreal Projects/TileGame/Saved/Collections/' was aborted.
[2017.05.05-14.19.56:703][632]LogModuleManager: Shutting down and abandoning module StatsViewer (484)
[2017.05.05-14.19.56:703][632]LogModuleManager: Shutting down and abandoning module FoliageEdit (482)
[2017.05.05-14.19.56:704][632]LogModuleManager: Shutting down and abandoning module LandscapeEditor (480)
[2017.05.05-14.19.56:704][632]LogModuleManager: Shutting down and abandoning module SceneDepthPickerMode (478)
[2017.05.05-14.19.56:704][632]LogModuleManager: Shutting down and abandoning module ActorPickerMode (476)
[2017.05.05-14.19.56:704][632]LogModuleManager: Shutting down and abandoning module GeometryMode (474)
[2017.05.05-14.19.56:704][632]LogModuleManager: Shutting down and abandoning module TextureAlignMode (472)
[2017.05.05-14.19.56:704][632]LogModuleManager: Shutting down and abandoning module BspMode (470)
[2017.05.05-14.19.56:704][632]LogModuleManager: Shutting down and abandoning module HardwareSurvey (468)
[2017.05.05-14.19.56:704][632]LogModuleManager: Shutting down and abandoning module SequenceRecorderSections (466)
[2017.05.05-14.19.56:704][632]LogModuleManager: Shutting down and abandoning module AutomationWorker (464)
[2017.05.05-14.19.56:705][632]LogModuleManager: Shutting down and abandoning module MatineeToLevelSequence (462)
[2017.05.05-14.19.56:705][632]LogModuleManager: Shutting down and abandoning module LevelSequenceEditor (460)
[2017.05.05-14.19.56:706][632]LogModuleManager: Shutting down and abandoning module PlacementMode (459)
[2017.05.05-14.19.56:706][632]LogModuleManager: Shutting down and abandoning module WmfMediaFactory (456)
[2017.05.05-14.19.56:706][632]LogModuleManager: Shutting down and abandoning module WmfMediaEditor (454)
[2017.05.05-14.19.56:706][632]LogModuleManager: Shutting down and abandoning module MfMediaFactory (452)
[2017.05.05-14.19.56:706][632]LogModuleManager: Shutting down and abandoning module MfMediaEditor (450)
[2017.05.05-14.19.56:706][632]LogModuleManager: Shutting down and abandoning module AvfMediaFactory (448)
[2017.05.05-14.19.56:706][632]LogModuleManager: Shutting down and abandoning module AvfMediaEditor (446)
[2017.05.05-14.19.56:706][632]LogModuleManager: Shutting down and abandoning module AndroidMediaFactory (444)
[2017.05.05-14.19.56:706][632]LogModuleManager: Shutting down and abandoning module Media (443)
[2017.05.05-14.19.56:706][632]LogModuleManager: Shutting down and abandoning module AndroidMediaEditor (440)
[2017.05.05-14.19.56:706][632]LogModuleManager: Shutting down and abandoning module CharacterAI (438)
[2017.05.05-14.19.56:706][632]LogModuleManager: Shutting down and abandoning module AudioCapture (436)
[2017.05.05-14.19.56:706][632]LogModuleManager: Shutting down and abandoning module SequenceRecorder (435)
[2017.05.05-14.19.56:707][632]LogModuleManager: Shutting down and abandoning module SmartSnapping (432)
[2017.05.05-14.19.56:707][632]LogModuleManager: Shutting down and abandoning module SessionServices (430)
[2017.05.05-14.19.56:707][632]LogModuleManager: Shutting down and abandoning module ViewportSnapping (428)
[2017.05.05-14.19.56:707][632]LogModuleManager: Shutting down and abandoning module ViewportInteraction (426)
[2017.05.05-14.19.56:707][632]LogModuleManager: Shutting down and abandoning module LogVisualizer (424)
[2017.05.05-14.19.56:708][632]LogModuleManager: Shutting down and abandoning module IntroTutorials (422)
[2017.05.05-14.19.56:708][632]LogModuleManager: Shutting down and abandoning module GameProjectGeneration (421)
[2017.05.05-14.19.56:709][632]LogModuleManager: Shutting down and abandoning module EditorLiveStreaming (418)
[2017.05.05-14.19.56:709][632]LogModuleManager: Shutting down and abandoning module IOSPlatformEditor (416)
[2017.05.05-14.19.56:709][632]LogModuleManager: Shutting down and abandoning module HTML5PlatformEditor (414)
[2017.05.05-14.19.56:709][632]LogModuleManager: Shutting down and abandoning module AndroidPlatformEditor (412)
[2017.05.05-14.19.56:709][632]LogModuleManager: Shutting down and abandoning module AndroidDeviceDetection (411)
[2017.05.05-14.19.57:024][632]LogModuleManager: Shutting down and abandoning module IOSRuntimeSettings (408)
[2017.05.05-14.19.57:024][632]LogModuleManager: Shutting down and abandoning module AndroidRuntimeSettings (406)
[2017.05.05-14.19.57:024][632]LogModuleManager: Shutting down and abandoning module InputBindingEditor (404)
[2017.05.05-14.19.57:024][632]LogModuleManager: Shutting down and abandoning module NiagaraEditor (402)
[2017.05.05-14.19.57:025][632]LogModuleManager: Shutting down and abandoning module MergeActors (400)
[2017.05.05-14.19.57:026][632]LogModuleManager: Shutting down and abandoning module SizeMap (398)
[2017.05.05-14.19.57:026][632]LogModuleManager: Shutting down and abandoning module TreeMap (396)
[2017.05.05-14.19.57:026][632]LogModuleManager: Shutting down and abandoning module ReferenceViewer (394)
[2017.05.05-14.19.57:026][632]LogModuleManager: Shutting down and abandoning module LocalizationDashboard (392)
[2017.05.05-14.19.57:027][632]LogModuleManager: Shutting down and abandoning module LocalizationService (391)
[2017.05.05-14.19.57:027][632]LogModuleManager: Shutting down and abandoning module HardwareTargeting (388)
[2017.05.05-14.19.57:027][632]LogModuleManager: Shutting down and abandoning module DeviceProfileEditor (386)
[2017.05.05-14.19.57:028][632]LogModuleManager: Shutting down and abandoning module UndoHistory (384)
[2017.05.05-14.19.57:028][632]LogModuleManager: Shutting down and abandoning module UserFeedback (382)
[2017.05.05-14.19.57:028][632]LogModuleManager: Shutting down and abandoning module XmlParser (380)
[2017.05.05-14.19.57:028][632]LogModuleManager: Shutting down and abandoning module Blutility (378)
[2017.05.05-14.19.57:028][632]LogModuleManager: Shutting down and abandoning module ProjectSettingsViewer (376)
[2017.05.05-14.19.57:028][632]LogModuleManager: Shutting down and abandoning module ProjectTargetPlatformEditor (375)
[2017.05.05-14.19.57:029][632]LogModuleManager: Shutting down and abandoning module EditorSettingsViewer (372)
[2017.05.05-14.19.57:029][632]LogModuleManager: Shutting down and abandoning module SettingsEditor (370)
[2017.05.05-14.19.57:029][632]LogModuleManager: Shutting down and abandoning module ProjectLauncher (368)
[2017.05.05-14.19.57:030][632]LogModuleManager: Shutting down and abandoning module SessionFrontend (366)
[2017.05.05-14.19.57:030][632]LogModuleManager: Shutting down and abandoning module ProfilerClient (364)
[2017.05.05-14.19.57:031][632]LogModuleManager: Shutting down and abandoning module DeviceManager (362)
[2017.05.05-14.19.57:031][632]LogModuleManager: Shutting down and abandoning module TargetDeviceServices (361)
[2017.05.05-14.19.57:073][632]LogModuleManager: Shutting down and abandoning module AutomationController (358)
[2017.05.05-14.19.57:074][632]LogModuleManager: Shutting down and abandoning module AutomationWindow (356)
[2017.05.05-14.19.57:074][632]LogModuleManager: Shutting down and abandoning module Layers (354)
[2017.05.05-14.19.57:075][632]LogModuleManager: Shutting down and abandoning module ComponentVisualizers (352)
[2017.05.05-14.19.57:075][632]LogModuleManager: Shutting down and abandoning module DetailCustomizations (350)
[2017.05.05-14.19.57:076][632]LogModuleManager: Shutting down and abandoning module PackagesDialog (348)
[2017.05.05-14.19.57:076][632]LogModuleManager: Shutting down and abandoning module Persona (346)
[2017.05.05-14.19.57:077][632]LogModuleManager: Shutting down and abandoning module AnimGraph (345)
[2017.05.05-14.19.57:077][632]LogModuleManager: Shutting down and abandoning module Kismet (342)
[2017.05.05-14.19.57:084][632]LogModuleManager: Shutting down and abandoning module GraphEditor (340)
[2017.05.05-14.19.57:084][632]LogModuleManager: Shutting down and abandoning module ClassViewer (338)
[2017.05.05-14.19.57:084][632]LogModuleManager: Shutting down and abandoning module Toolbox (336)
[2017.05.05-14.19.57:084][632]LogModuleManager: Shutting down and abandoning module ModuleUI (334)
[2017.05.05-14.19.57:085][632]LogModuleManager: Shutting down and abandoning module MovieSceneTools (332)
[2017.05.05-14.19.57:085][632]LogModuleManager: Shutting down and abandoning module OutputLog (330)
[2017.05.05-14.19.57:085][632]LogModuleManager: Shutting down and abandoning module GammaUI (328)
[2017.05.05-14.19.57:085][632]LogModuleManager: Shutting down and abandoning module Documentation (326)
[2017.05.05-14.19.57:086][632]LogModuleManager: Shutting down and abandoning module Niagara (324)
[2017.05.05-14.19.57:086][632]LogModuleManager: Shutting down and abandoning module StreamingPauseRendering (322)
[2017.05.05-14.19.57:086][632]LogModuleManager: Shutting down and abandoning module AnalyticsET (320)
[2017.05.05-14.19.57:086][632]LogModuleManager: Shutting down and abandoning module PortalServices (318)
[2017.05.05-14.19.57:086][632]LogModuleManager: Shutting down and abandoning module PortalRpc (316)
[2017.05.05-14.19.57:086][632]LogModuleManager: Shutting down and abandoning module MessagingRpc (314)
[2017.05.05-14.19.57:086][632]LogModuleManager: Shutting down and abandoning module AIModule (312)
[2017.05.05-14.19.57:086][632]LogModuleManager: Shutting down and abandoning module GameplayDebugger (311)
[2017.05.05-14.19.57:086][632]LogModuleManager: Shutting down and abandoning module AITestSuite (309)
[2017.05.05-14.19.57:086][632]LogModuleManager: Shutting down and abandoning module ProfilerService (306)
[2017.05.05-14.19.57:293][632]LogModuleManager: Shutting down and abandoning module TaskGraph (304)
[2017.05.05-14.19.57:295][632]LogModuleManager: Shutting down and abandoning module SteamVRController (302)
[2017.05.05-14.19.57:295][632]LogModuleManager: Shutting down and abandoning module SteamVR (300)
[2017.05.05-14.19.57:295][632]LogModuleManager: Shutting down and abandoning module ProceduralMeshComponentEditor (298)
[2017.05.05-14.19.57:295][632]LogModuleManager: Shutting down and abandoning module ProceduralMeshComponent (296)
[2017.05.05-14.19.57:295][632]LogModuleManager: Shutting down and abandoning module OculusLibrary (294)
[2017.05.05-14.19.57:295][632]LogModuleManager: Shutting down and abandoning module OculusInput (292)
[2017.05.05-14.19.57:295][632]LogModuleManager: Shutting down and abandoning module MobilePatchingUtils (290)
[2017.05.05-14.19.57:295][632]LogModuleManager: Shutting down and abandoning module CustomMeshComponent (288)
[2017.05.05-14.19.57:295][632]LogModuleManager: Shutting down and abandoning module CableComponent (286)
[2017.05.05-14.19.57:296][632]LogModuleManager: Shutting down and abandoning module ArchVisCharacter (284)
[2017.05.05-14.19.57:296][632]LogModuleManager: Shutting down and abandoning module MediaPlayerEditor (280)
[2017.05.05-14.19.57:297][632]LogModuleManager: Shutting down and abandoning module HTML5Networking (278)
[2017.05.05-14.19.57:297][632]LogModuleManager: Shutting down and abandoning module AlembicImporter (276)
[2017.05.05-14.19.57:297][632]LogModuleManager: Shutting down and abandoning module AlembicLibrary (275)
[2017.05.05-14.19.57:297][632]LogModuleManager: Shutting down and abandoning module GeometryCache (274)
[2017.05.05-14.19.57:297][632]LogModuleManager: Shutting down and abandoning module GeometryCacheEd (273)
[2017.05.05-14.19.57:297][632]LogModuleManager: Shutting down and abandoning module SuperSearchEditor (268)
[2017.05.05-14.19.57:297][632]LogModuleManager: Shutting down and abandoning module SuperSearch (267)
[2017.05.05-14.19.57:297][632]LogModuleManager: Shutting down and abandoning module SpeedTreeImporter (264)
[2017.05.05-14.19.57:297][632]LogModuleManager: Shutting down and abandoning module PluginBrowser (262)
[2017.05.05-14.19.57:298][632]LogModuleManager: Shutting down and abandoning module MobileLauncherProfileWizard (260)
[2017.05.05-14.19.57:299][632]LogModuleManager: Shutting down and abandoning module EpicSurvey (258)
[2017.05.05-14.19.57:299][632]LogModuleManager: Shutting down and abandoning module VisualStudioSourceCodeAccess (256)
[2017.05.05-14.19.57:299][632]LogModuleManager: Shutting down and abandoning module DesktopPlatform (255)
[2017.05.05-14.19.57:299][632]LogModuleManager: Shutting down and abandoning module UObjectPlugin (252)
[2017.05.05-14.19.57:299][632]LogModuleManager: Shutting down and abandoning module SubversionSourceControl (250)
[2017.05.05-14.19.57:299][632]LogModuleManager: Shutting down and abandoning module PerforceSourceControl (248)
[2017.05.05-14.19.57:299][632]LogModuleManager: Shutting down and abandoning module GitSourceControl (246)
[2017.05.05-14.19.57:300][632]LogModuleManager: Shutting down and abandoning module SourceControl (245)
[2017.05.05-14.19.57:300][632]LogModuleManager: Shutting down and abandoning module LightPropagationVolumeEditor (242)
[2017.05.05-14.19.57:300][632]LogModuleManager: Shutting down and abandoning module PaperTiledImporter (240)
[2017.05.05-14.19.57:300][632]LogModuleManager: Shutting down and abandoning module PaperSpriteSheetImporter (238)
[2017.05.05-14.19.57:300][632]LogModuleManager: Shutting down and abandoning module Paper2DEditor (236)
[2017.05.05-14.19.57:300][632]LogModuleManager: Shutting down and abandoning module MeshPaint (235)
[2017.05.05-14.19.57:301][632]LogModuleManager: Shutting down and abandoning module LevelEditor (233)
[2017.05.05-14.19.57:303][632]LogModuleManager: Shutting down and abandoning module PixelInspectorModule (232)
[2017.05.05-14.19.57:303][632]LogModuleManager: Shutting down and abandoning module MainFrame (230)
[2017.05.05-14.19.57:303][632]LogModuleManager: Shutting down and abandoning module HotReload (229)
[2017.05.05-14.19.57:304][632]LogModuleManager: Shutting down and abandoning module ContentBrowser (225)
[2017.05.05-14.19.57:305][632]LogModuleManager: Shutting down and abandoning module PhysXVehiclesEditor (222)
[2017.05.05-14.19.57:305][632]LogModuleManager: Shutting down and abandoning module PhysXVehicles (220)
[2017.05.05-14.19.57:305][632]LogModuleManager: Shutting down and abandoning module LocationServicesBPLibrary (218)
[2017.05.05-14.19.57:305][632]LogModuleManager: Shutting down and abandoning module UdpMessaging (216)
[2017.05.05-14.19.57:406][632]LogModuleManager: Shutting down and abandoning module TcpMessaging (214)
[2017.05.05-14.19.57:506][632]LogModuleManager: Shutting down and abandoning module GameplayTagsEditor (212)
[2017.05.05-14.19.57:506][632]LogModuleManager: Shutting down and abandoning module FacialAnimationEditor (210)
[2017.05.05-14.19.57:507][632]LogModuleManager: Shutting down and abandoning module FacialAnimation (208)
[2017.05.05-14.19.57:507][632]LogModuleManager: Shutting down and abandoning module LightPropagationVolumeRuntime (206)
[2017.05.05-14.19.57:507][632]LogModuleManager: Shutting down and abandoning module Paper2D (204)
[2017.05.05-14.19.57:507][632]LogModuleManager: Shutting down and abandoning module WindowsMoviePlayer (202)
[2017.05.05-14.19.57:507][632]LogModuleManager: Shutting down and abandoning module WmfMedia (200)
[2017.05.05-14.19.57:508][632]LogModuleManager: Shutting down and abandoning module MfMedia (198)
[2017.05.05-14.19.57:508][632]LogModuleManager: Shutting down and abandoning module MediaAssets (196)
[2017.05.05-14.19.57:508][632]LogModuleManager: Shutting down and abandoning module GameLiveStreaming (194)
[2017.05.05-14.19.57:508][632]LogModuleManager: Shutting down and abandoning module VREditor (192)
[2017.05.05-14.19.57:508][632]LogModuleManager: Shutting down and abandoning module GameplayTasksEditor (190)
[2017.05.05-14.19.57:508][632]LogModuleManager: Shutting down and abandoning module BehaviorTreeEditor (188)
[2017.05.05-14.19.57:509][632]LogModuleManager: Shutting down and abandoning module FunctionalTesting (186)
[2017.05.05-14.19.57:509][632]LogModuleManager: Shutting down and abandoning module CollisionAnalyzer (184)
[2017.05.05-14.19.57:510][632]LogModuleManager: Shutting down and abandoning module UMG (182)
[2017.05.05-14.19.57:510][632]LogModuleManager: Shutting down and abandoning module UMGEditor (181)
[2017.05.05-14.19.57:512][632]LogModuleManager: Shutting down and abandoning module Sequencer (180)
[2017.05.05-14.19.57:513][632]LogModuleManager: Shutting down and abandoning module AssetTools (178)
[2017.05.05-14.19.57:513][632]LogModuleManager: Shutting down and abandoning module MessageLog (177)
[2017.05.05-14.19.57:514][632]LogModuleManager: Shutting down and abandoning module WorkspaceMenuStructure (176)
[2017.05.05-14.19.57:514][632]LogModuleManager: Shutting down and abandoning module SlateReflector (170)
[2017.05.05-14.19.57:515][632]LogModuleManager: Shutting down and abandoning module Slate (168)
[2017.05.05-14.19.57:515][632]LogModuleManager: Shutting down and abandoning module EditorStyle (166)
[2017.05.05-14.19.57:519][632]LogModuleManager: Shutting down and abandoning module SourceCodeAccess (164)
[2017.05.05-14.19.57:519][632]LogModuleManager: Shutting down and abandoning module HeadMountedDisplay (162)
[2017.05.05-14.19.57:519][632]LogModuleManager: Shutting down and abandoning module XAudio2 (160)
[2017.05.05-14.19.57:519][632]LogModuleManager: Shutting down and abandoning module Networking (158)
[2017.05.05-14.19.57:519][632]LogModuleManager: Shutting down and abandoning module Core (154)
[2017.05.05-14.19.57:519][632]LogModuleManager: Shutting down and abandoning module AssetRegistry (152)
[2017.05.05-14.19.57:643][632]LogDirectoryWatcher: A directory notification for '../../../Engine/Content/' was aborted.
[2017.05.05-14.19.57:643][632]LogDirectoryWatcher: A directory notification for 'X:/Unreal Projects/TileGame/Content/' was aborted.
[2017.05.05-14.19.57:643][632]LogDirectoryWatcher: A directory notification for '../../../Engine/Plugins/2D/Paper2D/Content/' was aborted.
[2017.05.05-14.19.57:643][632]LogModuleManager: Shutting down and abandoning module DirectoryWatcher (151)
[2017.05.05-14.19.57:646][632]LogModuleManager: Shutting down and abandoning module KismetCompiler (148)
[2017.05.05-14.19.57:646][632]LogModuleManager: Shutting down and abandoning module PhysXFormats (146)
[2017.05.05-14.19.57:646][632]LogModuleManager: Shutting down and abandoning module MeshUtilities (144)
[2017.05.05-14.19.57:647][632]LogModuleManager: Shutting down and abandoning module SimplygonSwarm (143)
[2017.05.05-14.19.57:647][632]LogModuleManager: Shutting down and abandoning module SimplygonMeshReduction (141)
[2017.05.05-14.19.57:647][632]LogModuleManager: Shutting down and abandoning module QuadricMeshReduction (139)
[2017.05.05-14.19.57:647][632]LogModuleManager: Shutting down and abandoning module PropertyEditor (137)
[2017.05.05-14.19.57:648][632]LogModuleManager: Shutting down and abandoning module DerivedDataCache (134)
[2017.05.05-14.19.57:740][632]LogDerivedDataCache: Shutdown
[2017.05.05-14.19.57:740][632]LogModuleManager: Shutting down and abandoning module TargetPlatform (132)
[2017.05.05-14.19.57:741][632]LogModuleManager: Shutting down and abandoning module VulkanShaderFormat (131)
[2017.05.05-14.19.57:741][632]LogModuleManager: Shutting down and abandoning module ShaderFormatOpenGL (129)
[2017.05.05-14.19.57:741][632]LogModuleManager: Shutting down and abandoning module ShaderFormatD3D (127)
[2017.05.05-14.19.57:741][632]LogModuleManager: Shutting down and abandoning module MetalShaderFormat (125)
[2017.05.05-14.19.57:742][632]LogModuleManager: Shutting down and abandoning module TextureFormatUncompressed (123)
[2017.05.05-14.19.57:742][632]LogModuleManager: Shutting down and abandoning module TextureFormatPVR (121)
[2017.05.05-14.19.57:742][632]LogModuleManager: Shutting down and abandoning module TextureFormatDXT (119)
[2017.05.05-14.19.57:742][632]LogModuleManager: Shutting down and abandoning module TextureFormatIntelISPCTexComp (117)
[2017.05.05-14.19.57:743][632]LogModuleManager: Shutting down and abandoning module TextureFormatASTC (115)
[2017.05.05-14.19.57:743][632]LogModuleManager: Shutting down and abandoning module ImageWrapper (114)
[2017.05.05-14.19.57:743][632]LogModuleManager: Shutting down and abandoning module TextureFormatAndroid (111)
[2017.05.05-14.19.57:743][632]LogModuleManager: Shutting down and abandoning module AudioFormatOpus (109)
[2017.05.05-14.19.57:743][632]LogModuleManager: Shutting down and abandoning module AudioFormatOgg (107)
[2017.05.05-14.19.57:743][632]LogModuleManager: Shutting down and abandoning module AudioFormatADPCM (105)
[2017.05.05-14.19.57:743][632]LogModuleManager: Shutting down and abandoning module LinuxTargetPlatform (103)
[2017.05.05-14.19.57:743][632]LogModuleManager: Shutting down and abandoning module LinuxServerTargetPlatform (101)
[2017.05.05-14.19.57:743][632]LogModuleManager: Shutting down and abandoning module LinuxNoEditorTargetPlatform (99)
[2017.05.05-14.19.57:743][632]LogModuleManager: Shutting down and abandoning module LinuxClientTargetPlatform (97)
[2017.05.05-14.19.57:743][632]LogModuleManager: Shutting down and abandoning module TVOSTargetPlatform (95)
[2017.05.05-14.19.57:743][632]LogModuleManager: Shutting down and abandoning module Messaging (93)
[2017.05.05-14.19.57:743][632]LogModuleManager: Shutting down and abandoning module IOSTargetPlatform (91)
[2017.05.05-14.19.57:743][632]LogModuleManager: Shutting down and abandoning module HTML5TargetPlatform (89)
[2017.05.05-14.19.57:743][632]LogModuleManager: Shutting down and abandoning module Android_PVRTCTargetPlatform (87)
[2017.05.05-14.19.57:743][632]LogModuleManager: Shutting down and abandoning module Android_MultiTargetPlatform (85)
[2017.05.05-14.19.57:743][632]LogModuleManager: Shutting down and abandoning module Android_ETC2TargetPlatform (83)
[2017.05.05-14.19.57:743][632]LogModuleManager: Shutting down and abandoning module Android_ETC1TargetPlatform (81)
[2017.05.05-14.19.57:743][632]LogModuleManager: Shutting down and abandoning module Android_DXTTargetPlatform (79)
[2017.05.05-14.19.57:743][632]LogModuleManager: Shutting down and abandoning module Android_ATCTargetPlatform (77)
[2017.05.05-14.19.57:743][632]LogModuleManager: Shutting down and abandoning module Android_ASTCTargetPlatform (75)
[2017.05.05-14.19.57:743][632]LogModuleManager: Shutting down and abandoning module AndroidTargetPlatform (73)
[2017.05.05-14.19.57:743][632]LogModuleManager: Shutting down and abandoning module WindowsTargetPlatform (71)
[2017.05.05-14.19.57:743][632]LogModuleManager: Shutting down and abandoning module WindowsServerTargetPlatform (69)
[2017.05.05-14.19.57:743][632]LogModuleManager: Shutting down and abandoning module WindowsNoEditorTargetPlatform (67)
[2017.05.05-14.19.57:743][632]LogModuleManager: Shutting down and abandoning module WindowsClientTargetPlatform (65)
[2017.05.05-14.19.57:743][632]LogModuleManager: Shutting down and abandoning module MacTargetPlatform (63)
[2017.05.05-14.19.57:744][632]LogModuleManager: Shutting down and abandoning module MacServerTargetPlatform (61)
[2017.05.05-14.19.57:744][632]LogModuleManager: Shutting down and abandoning module MacNoEditorTargetPlatform (59)
[2017.05.05-14.19.57:744][632]LogModuleManager: Shutting down and abandoning module MacClientTargetPlatform (57)
[2017.05.05-14.19.57:744][632]LogModuleManager: Shutting down and abandoning module AllDesktopTargetPlatform (55)
[2017.05.05-14.19.57:744][632]LogModuleManager: Shutting down and abandoning module InputCore (52)
[2017.05.05-14.19.57:744][632]LogModuleManager: Shutting down and abandoning module Settings (50)
[2017.05.05-14.19.57:744][632]LogModuleManager: Shutting down and abandoning module OculusRift (48)
[2017.05.05-14.19.57:744][632]LogModuleManager: Shutting down and abandoning module GearVR (46)
[2017.05.05-14.19.57:744][632]LogModuleManager: Shutting down and abandoning module ExampleDeviceProfileSelector (44)
[2017.05.05-14.19.57:744][632]LogModuleManager: Shutting down and abandoning module OnlineBlueprintSupport (42)
[2017.05.05-14.19.57:744][632]LogModuleManager: Shutting down and abandoning module OnlineSubsystem (38)
[2017.05.05-14.19.57:744][632]LogOnline:Display: Unloading online subsystem: NULL
[2017.05.05-14.19.57:745][632]LogModuleManager: Shutting down and abandoning module XMPP (37)
[2017.05.05-14.19.57:745][632]LogModuleManager: Shutting down and abandoning module HTTP (35)
[2017.05.05-14.19.57:745][632]LogHttp:Display: Http module shutting down, but needs to wait on 1 outstanding Http requests:
[2017.05.05-14.19.57:745][632]LogHttp:Display: 	verb=[POST] url=[https://datarouter.ol.epicgames.com/datarouter/api/v1/public/data?SessionID=%7B3DF58DD8-4A2E-6AB3-A0FD-2B97C8059FD1%7D&AppID=UEEditor.Rocket.Release&AppVersion=4.15.2-3416026%2B%2B%2BUE4%2BRelease-4.15&UserID=9b1ee77e4ba007cdddaf50a76d3c49f4%7C118ffa5b5103439d885b68f676d1fba0%7C1810792e-abb4-4e76-b151-ab620194dbdf&AppEnvironment=datacollector-binary&UploadType=eteventstream] status=Processing
[2017.05.05-14.19.57:767][632]LogModuleManager: Shutting down and abandoning module SSL (34)
[2017.05.05-14.19.57:769][632]LogModuleManager: Shutting down and abandoning module AudioEditor (30)
[2017.05.05-14.19.57:769][632]LogModuleManager: Shutting down and abandoning module TextureCompressor (28)
[2017.05.05-14.19.57:770][632]LogModuleManager: Shutting down and abandoning module ShaderCore (26)
[2017.05.05-14.19.57:770][632]LogModuleManager: Shutting down and abandoning module Landscape (24)
[2017.05.05-14.19.57:770][632]LogModuleManager: Shutting down and abandoning module SlateRHIRenderer (22)
[2017.05.05-14.19.57:785][632]LogModuleManager: Shutting down and abandoning module OpenGLDrv (20)
[2017.05.05-14.19.57:786][632]LogModuleManager: Shutting down and abandoning module D3D11RHI (18)
[2017.05.05-14.19.57:786][632]LogModuleManager: Shutting down and abandoning module AnimGraphRuntime (16)
[2017.05.05-14.19.57:786][632]LogModuleManager: Shutting down and abandoning module Renderer (14)
[2017.05.05-14.19.57:786][632]LogModuleManager: Shutting down and abandoning module Engine (12)
[2017.05.05-14.19.57:786][632]LogModuleManager: Shutting down and abandoning module CoreUObject (10)
[2017.05.05-14.19.57:786][632]LogModuleManager: Shutting down and abandoning module NetworkFile (8)
[2017.05.05-14.19.57:787][632]LogModuleManager: Shutting down and abandoning module StreamingFile (6)
[2017.05.05-14.19.57:787][632]LogModuleManager: Shutting down and abandoning module SandboxFile (4)
[2017.05.05-14.19.57:787][632]LogModuleManager: Shutting down and abandoning module PakFile (2)
[2017.05.05-14.19.57:789][632]LogExit: Exiting.
[2017.05.05-14.19.57:800][632]Log file closed, 05/05/17 16:19:57
