Log file open, 05/07/17 17:34:42
LogInit:Display: Running engine for game: TileGame
LogPlatformFile: Not using cached read wrapper
LogInit:Display: RandInit(387399515) SRandInit(387399515).
LogTaskGraph: Started task graph with 5 named threads and 8 total threads with 1 sets of task threads.
LogStats: Stats thread started at 0.072262
LogInit: Using libcurl 7.47.1
LogInit:  - built for x86_64-pc-win32
LogInit:  - supports SSL with OpenSSL/1.0.2g
LogInit:  - supports HTTP deflate (compression) using libz 1.2.8
LogInit:  - other features:
LogInit:      CURL_VERSION_SSL
LogInit:      CURL_VERSION_LIBZ
LogInit:      CURL_VERSION_IPV6
LogInit:      CURL_VERSION_ASYNCHDNS
LogInit:      CURL_VERSION_LARGEFILE
LogInit:      CURL_VERSION_IDN
LogInit:  CurlRequestOptions (configurable via config and command line):
LogInit:  - bVerifyPeer = false  - Libcurl will NOT verify peer certificate
LogInit:  - bUseHttpProxy = false  - Libcurl will NOT use HTTP proxy
LogInit:  - bDontReuseConnections = false  - Libcurl will reuse connections
LogInit:  - CertBundlePath = nullptr  - Libcurl will use whatever was configured at build time.
LogInit: Build: ++UE4+Release-4.15-CL-3416026
LogInit: Engine Version: 4.15.2-3416026+++UE4+Release-4.15
LogInit: Compatible Engine Version: 4.15.0-3299760+++UE4+Release-4.15
LogInit: Net CL: 3299760
LogDevObjectVersion: Number of dev versions registered: 14
LogDevObjectVersion:   Dev-Blueprints (B0D832E4-1F89-4F0D-ACCF-7EB736FD4AA2): 8
LogDevObjectVersion:   Dev-Build (E1C64328-A22C-4D53-A36C-8E866417BD8C): 0
LogDevObjectVersion:   Dev-Core (375EC13C-06E4-48FB-B500-84F0262A717E): 2
LogDevObjectVersion:   Dev-Editor (E4B068ED-F494-42E9-A231-DA0B2E46BB41): 14
LogDevObjectVersion:   Dev-Framework (CFFC743F-43B0-4480-9391-14DF171D2073): 22
LogDevObjectVersion:   Dev-Mobile (B02B49B5-BB20-44E9-A304-32B752E40360): 0
LogDevObjectVersion:   Dev-Networking (A4E4105C-59A1-49B5-A7C5-40C4547EDFEE): 0
LogDevObjectVersion:   Dev-Online (39C831C9-5AE6-47DC-9A44-9C173E1C8E7C): 0
LogDevObjectVersion:   Dev-Physics (78F01B33-EBEA-4F98-B9B4-84EACCB95AA2): 0
LogDevObjectVersion:   Dev-Platform (6631380F-2D4D-43E0-8009-CF276956A95A): 0
LogDevObjectVersion:   Dev-Rendering (12F88B9F-8875-4AFC-A67C-D90C383ABD29): 12
LogDevObjectVersion:   Dev-Sequencer (7B5AE74C-D270-4C10-A958-57980B212A5A): 3
LogDevObjectVersion:   Dev-VR (D7296918-1DD6-4BDD-9DE2-64A83CC13884): 0
LogDevObjectVersion:   Dev-LoadTimes (C2A15278-BFE7-4AFE-6C17-90FF531DF755): 1
LogInit: Compiled (64-bit): May  1 2017 13:11:28
LogInit: Compiled with Visual C++: 19.00.23026.00
LogInit: Build Configuration: Development
LogInit: Branch Name: ++UE4+Release-4.15
LogInit: Command line: -EpicPortal 
LogInit: Base directory: C:/Unreal Engine/UE_4.15/Engine/Binaries/Win64/
LogInit: Installed Engine Build: 1
LogInit: Presizing for max 8388607 objects, including 0 objects not considered by GC, pre-allocating 0 bytes for permanent pool.
LogInit: Object subsystem initialized
[2017.05.07-15.34.43:150][  0]LogInit: Selected Device Profile: [Windows]
[2017.05.07-15.34.43:150][  0]LogInit: Applying CVar settings loaded from the selected device profile: [Windows]
[2017.05.07-15.34.43:156][  0]LogInit: Computer: DESKTOP-47ENH9T
[2017.05.07-15.34.43:156][  0]LogInit: User: Numa
[2017.05.07-15.34.43:156][  0]LogInit: CPU Page size=65536, Cores=4
[2017.05.07-15.34.43:156][  0]LogInit: High frequency timer resolution =3.914067 MHz
[2017.05.07-15.34.43:156][  0]LogMemory: Memory total: Physical=16.0GB (16GB approx)
[2017.05.07-15.34.43:156][  0]LogMemory: Platform Memory Stats for Windows
[2017.05.07-15.34.43:156][  0]LogMemory: Process Physical Memory: 266.16 MB used, 266.16 MB peak
[2017.05.07-15.34.43:156][  0]LogMemory: Process Virtual Memory: 262.96 MB used, 262.96 MB peak
[2017.05.07-15.34.43:156][  0]LogMemory: Physical Memory: 7065.28 MB used,  9278.11 MB free, 16343.39 MB total
[2017.05.07-15.34.43:156][  0]LogMemory: Virtual Memory: 631.56 MB used,  9278.11 MB free, 134217728.00 MB total
[2017.05.07-15.34.43:221][  0]LogTextLocalizationManager: No specific translations for ('en-US') exist, so ('en') translations will be used.
[2017.05.07-15.34.43:742][  0]LogD3D11RHI: D3D11 adapters:
[2017.05.07-15.34.44:150][  0]LogD3D11RHI:    0. 'NVIDIA GeForce GTX 1080' (Feature Level 11_0)
[2017.05.07-15.34.44:150][  0]LogD3D11RHI:       8144/0/8171 MB DedicatedVideo/DedicatedSystem/SharedSystem, Outputs:2, VendorId:0x10de
[2017.05.07-15.34.44:151][  0]LogD3D11RHI:    1. 'Microsoft Basic Render Driver' (Feature Level 11_0)
[2017.05.07-15.34.44:151][  0]LogD3D11RHI:       0/0/8171 MB DedicatedVideo/DedicatedSystem/SharedSystem, Outputs:0, VendorId:0x1414
[2017.05.07-15.34.44:151][  0]LogD3D11RHI: Chosen D3D11 Adapter: 0
[2017.05.07-15.34.44:154][  0]LogD3D11RHI: Creating new Direct3DDevice
[2017.05.07-15.34.44:154][  0]LogD3D11RHI:     GPU DeviceId: 0x1b80 (for the marketing name, search the web for "GPU Device Id")
[2017.05.07-15.34.44:154][  0]LogWindows: EnumDisplayDevices:
[2017.05.07-15.34.44:155][  0]LogWindows:    0. 'NVIDIA GeForce GTX 1080' (P:0 D:1)
[2017.05.07-15.34.44:155][  0]LogWindows:    1. 'NVIDIA GeForce GTX 1080' (P:1 D:1)
[2017.05.07-15.34.44:155][  0]LogWindows:    2. 'NVIDIA GeForce GTX 1080' (P:0 D:0)
[2017.05.07-15.34.44:155][  0]LogWindows:    3. 'NVIDIA GeForce GTX 1080' (P:0 D:0)
[2017.05.07-15.34.44:155][  0]LogWindows: DebugString: FoundDriverCount:4 
[2017.05.07-15.34.44:155][  0]LogD3D11RHI:     Adapter Name: NVIDIA GeForce GTX 1080
[2017.05.07-15.34.44:155][  0]LogD3D11RHI:   Driver Version: 376.53 (internal:21.21.13.7653, unified:376.53)
[2017.05.07-15.34.44:155][  0]LogD3D11RHI:      Driver Date: 12-29-2016
[2017.05.07-15.34.44:155][  0]LogRHI: Texture pool is 1361 MB (70% of 1945 MB)
[2017.05.07-15.34.44:579][  0]LogD3D11RHI: [Aftermath] Aftermath enabled but failed to initialize due to reason: DriverVersionNotSupported
[2017.05.07-15.34.44:579][  0]LogD3D11RHI: Async texture creation enabled
[2017.05.07-15.34.44:668][  0]LogD3D11RHI: GPU Timing Frequency: 1000.000000 (Debug: 2 1)
[2017.05.07-15.34.44:759][  0]LogShaderCompilers: Guid format shader working directory is 17 characters bigger than the processId version (X:/Unreal Projects/TileGame/Intermediate/Shaders/WorkingDirectory/14888/).
[2017.05.07-15.34.44:759][  0]LogShaderCompilers: Cleaned the shader compiler working directory 'C:/Users/Numa/AppData/Local/Temp/UnrealShaderWorkingDir/DABD03C94C555C8D8F0B8482EBC0FE91/'.
[2017.05.07-15.34.44:759][  0]LogShaderCompilers:Display: Using Local Shader Compiler.
[2017.05.07-15.34.45:573][  0]LogTemp:Display: Loaded TP AllDesktopTargetPlatform
[2017.05.07-15.34.45:620][  0]LogTemp:Display: Loaded TP MacClientTargetPlatform
[2017.05.07-15.34.45:667][  0]LogTemp:Display: Loaded TP MacNoEditorTargetPlatform
[2017.05.07-15.34.45:714][  0]LogTemp:Display: Loaded TP MacServerTargetPlatform
[2017.05.07-15.34.45:765][  0]LogTemp:Display: Loaded TP MacTargetPlatform
[2017.05.07-15.34.45:815][  0]LogTemp:Display: Loaded TP WindowsClientTargetPlatform
[2017.05.07-15.34.45:864][  0]LogTemp:Display: Loaded TP WindowsNoEditorTargetPlatform
[2017.05.07-15.34.45:919][  0]LogTemp:Display: Loaded TP WindowsServerTargetPlatform
[2017.05.07-15.34.45:960][  0]LogTemp:Display: Loaded TP WindowsTargetPlatform
[2017.05.07-15.34.46:007][  0]LogTemp:Display: Loaded TP AndroidTargetPlatform
[2017.05.07-15.34.46:055][  0]LogTemp:Display: Loaded TP Android_ASTCTargetPlatform
[2017.05.07-15.34.46:103][  0]LogTemp:Display: Loaded TP Android_ATCTargetPlatform
[2017.05.07-15.34.46:148][  0]LogTemp:Display: Loaded TP Android_DXTTargetPlatform
[2017.05.07-15.34.46:195][  0]LogTemp:Display: Loaded TP Android_ETC1TargetPlatform
[2017.05.07-15.34.46:243][  0]LogTemp:Display: Loaded TP Android_ETC2TargetPlatform
[2017.05.07-15.34.46:338][  0]LogTemp:Display: Loaded TP Android_MultiTargetPlatform
[2017.05.07-15.34.46:339][  0]LogTemp:Display: Loaded TP Android_PVRTCTargetPlatform
[2017.05.07-15.34.46:375][  0]LogTemp:Display: Loaded TP HTML5TargetPlatform
[2017.05.07-15.34.46:461][  0]LogTemp:Display: Loaded TP IOSTargetPlatform
[2017.05.07-15.34.46:487][  0]LogTemp:Display: Loaded TP TVOSTargetPlatform
[2017.05.07-15.34.46:532][  0]LogTemp:Display: Loaded TP LinuxClientTargetPlatform
[2017.05.07-15.34.46:577][  0]LogTemp:Display: Loaded TP LinuxNoEditorTargetPlatform
[2017.05.07-15.34.46:626][  0]LogTemp:Display: Loaded TP LinuxServerTargetPlatform
[2017.05.07-15.34.46:674][  0]LogTemp:Display: Loaded TP LinuxTargetPlatform
[2017.05.07-15.34.46:674][  0]LogTargetPlatformManager:Display: Building Assets For Windows
[2017.05.07-15.34.47:030][  0]LogDerivedDataCache:Display: Max Cache Size: 512 MB
[2017.05.07-15.34.47:069][  0]LogDerivedDataCache: Loaded boot cache 0.04s 50MB C:/Users/Numa/AppData/Local/UnrealEngine/4.15/DerivedDataCache/Boot.ddc.
[2017.05.07-15.34.47:069][  0]LogDerivedDataCache:Display: Loaded Boot cache: C:/Users/Numa/AppData/Local/UnrealEngine/4.15/DerivedDataCache/Boot.ddc
[2017.05.07-15.34.47:069][  0]LogDerivedDataCache: FDerivedDataBackendGraph:  Pak pak cache file X:/Unreal Projects/TileGame/DerivedDataCache/DDC.ddp not found, will not use a pak cache.
[2017.05.07-15.34.47:069][  0]LogDerivedDataCache: Unable to find inner node Pak for hierarchical cache Hierarchy.
[2017.05.07-15.34.47:069][  0]LogDerivedDataCache: FDerivedDataBackendGraph:  CompressedPak pak cache file X:/Unreal Projects/TileGame/DerivedDataCache/Compressed.ddp not found, will not use a pak cache.
[2017.05.07-15.34.47:069][  0]LogDerivedDataCache: Unable to find inner node CompressedPak for hierarchical cache Hierarchy.
[2017.05.07-15.34.47:082][  0]LogDerivedDataCache:Display: Pak cache opened for reading ../../../Engine/DerivedDataCache/Compressed.ddp.
[2017.05.07-15.34.47:093][  0]LogDerivedDataCache: Using Local data cache path C:/Users/Numa/AppData/Local/UnrealEngine/Common/DerivedDataCache: Writable
[2017.05.07-15.34.47:100][  0]LogSlate: Using Freetype 2.6.0
[2017.05.07-15.34.47:100][  0]LogSlate: SlateFontCache - WITH_FREETYPE: 1, WITH_HARFBUZZ: 1
[2017.05.07-15.34.47:100][  0]LogSlate: SlateFontCache - WITH_FREETYPE: 1, WITH_HARFBUZZ: 1
[2017.05.07-15.34.47:317][  0]LogInit: Selected Device Profile: [Windows]
[2017.05.07-15.34.47:319][  0]LogContentStreaming: Texture pool size is 0.00 MB
[2017.05.07-15.34.47:486][  0]LogMeshUtilities: Using QuadricMeshReduction for automatic static mesh reduction
[2017.05.07-15.34.47:524][  0]LogSimplygon: Simplygon DLL not present - disabling.
[2017.05.07-15.34.47:567][  0]LogMeshUtilities: Using SimplygonSwarm for distributed automatic mesh merging
[2017.05.07-15.34.47:567][  0]LogMeshUtilities: No automatic skeletal mesh reduction module available
[2017.05.07-15.34.47:567][  0]LogMeshUtilities: No automatic mesh merging module available
[2017.05.07-15.34.47:977][  0]LogNetVersion: GetLocalNetworkVersion: CL: 3299760, ProjectName: tilegame, ProjectVersion: , EngineNetworkVersion: 2, GameNetworkVersion: 0, NetworkChecksum: 3600184982
[2017.05.07-15.34.48:016][  0]LogAssetRegistry: FAssetRegistry took 0.0211 seconds to start up
[2017.05.07-15.34.48:048][  0]LogPackageLocalizationCache: Processed 3 localized package path(s) for 2 prioritized culture(s) in 0.014775 seconds
[2017.05.07-15.34.48:052][  0]LogUObjectArray: 32493 objects as part of root set at end of initial load.
[2017.05.07-15.34.48:052][  0]LogUObjectAllocator: 7077024 out of 0 bytes used by permanent object pool.
[2017.05.07-15.34.48:052][  0]LogUObjectArray: CloseDisregardForGC: 0/0 objects in disregard for GC pool
[2017.05.07-15.34.48:101][  0]LogInit: WinSock: version 1.1 (2.2), MaxSocks=32767, MaxUdp=65467
[2017.05.07-15.34.49:517][  0]LogTcpMessaging: Initializing TcpMessaging bridge
[2017.05.07-15.34.49:552][  0]LogUdpMessaging: Initializing bridge on interface 0.0.0.0:0 to multicast group 230.0.0.1:6666.
[2017.05.07-15.34.49:949][  0]LogMaterial: Uniform references updated for custom material expression Custom.
[2017.05.07-15.34.50:269][  0]SourceControl: Info Source control is disabled
[2017.05.07-15.34.50:270][  0]SourceControl: Info Source control is disabled
[2017.05.07-15.34.50:311][  0]SourceControl: Info Source control is disabled
[2017.05.07-15.34.50:352][  0]SourceControl: Info Source control is disabled
[2017.05.07-15.34.51:433][  0]LogEngine: Initializing Engine...
[2017.05.07-15.34.51:433][  0]LogHMD: Failed to initialize OpenVR with code 110
[2017.05.07-15.34.51:511][  0]LogStats: UGameplayTagsManager::ConstructGameplayTagTree: Construct from data asset -  0.000 s
[2017.05.07-15.34.51:511][  0]LogStats: UGameplayTagsManager::ConstructGameplayTagTree: GameplayTagTreeChangedEvent.Broadcast -  0.000 s
[2017.05.07-15.34.51:619][  0]LogAIModule: Creating AISystem for world Untitled
[2017.05.07-15.34.51:630][  0]LogInit: XAudio2 using 'Realtek Digital Output (Realtek High Definition Audio)' : 2 channels at 48 kHz using 16 bits per sample (channel mask 0x3)
[2017.05.07-15.34.51:640][  0]LogInit: FAudioDevice initialized.
[2017.05.07-15.34.51:659][  0]LogDerivedDataCache: Saved boot cache 0.02s 50MB C:/Users/Numa/AppData/Local/UnrealEngine/4.15/DerivedDataCache/Boot.ddc.
[2017.05.07-15.34.51:665][  0]LogInit: Texture streaming: Enabled
[2017.05.07-15.34.51:737][  0]LogEngineSessionManager: EngineSessionManager initialized
[2017.05.07-15.34.51:814][  0]LogInit: Transaction tracking system initialized
[2017.05.07-15.34.52:118][  0]BlueprintLog: New page: Editor Load
[2017.05.07-15.34.52:886][  0]LocalizationService: Info Localization service is disabled
[2017.05.07-15.34.53:473][  0]LogConsoleResponse:Display: 
[2017.05.07-15.34.53:572][  0]LogCook:Display: Max memory allowance for cook 16384mb min free memory 0mb
[2017.05.07-15.34.53:572][  0]LogCook:Display: Mobile HDR setting 1
[2017.05.07-15.34.54:416][  0]LogFileCache: Scanning file cache for directory 'X:/Unreal Projects/TileGame/Content/' took 0.01s
[2017.05.07-15.34.54:454][  0]SourceControl: Info Source control is disabled
[2017.05.07-15.34.54:455][  0]Cmd: MAP LOAD FILE="../../../Engine/Content/Maps/Templates/Template_Default.umap" TEMPLATE=1 SHOWPROGRESS=1 FEATURELEVEL=3
[2017.05.07-15.34.54:455][  0]LightingResults: New page: Lighting Build
[2017.05.07-15.34.54:491][  0]MapCheck: New page: Map Check
[2017.05.07-15.34.54:491][  0]LightingResults: New page: Lighting Build
[2017.05.07-15.34.54:629][  0]LogAIModule: Creating AISystem for world Untitled_1
[2017.05.07-15.34.54:643][  0]LogActorComponent: RegisterComponentWithWorld: (/Temp/Untitled_1.Untitled_1:PersistentLevel.WorldSettings_1.StaticMeshComponent0) Trying to register component with IsPendingKill() == true. Aborting.
[2017.05.07-15.34.54:646][  0]LogEditorServer: Finished looking for orphan Actors (0.000 secs)
[2017.05.07-15.34.54:648][  0]Cmd: MAP CHECKDEP NOCLEARLOG
[2017.05.07-15.34.54:697][  0]MapCheck: Info Map check complete: 0 Error(s), 0 Warning(s), took 48.971ms to complete.
[2017.05.07-15.34.54:697][  0]LogFileHelpers: Loading map 'Template_Default' took 0.243
[2017.05.07-15.34.54:855][  0]LogCollectionManager: Loaded 0 collections in 0.001296 seconds
[2017.05.07-15.34.54:934][  0]LogFileCache: Scanning file cache for directory 'X:/Unreal Projects/TileGame/Saved/Collections/' took 0.01s
[2017.05.07-15.34.54:935][  0]LogFileCache: Scanning file cache for directory 'X:/Unreal Projects/TileGame/Content/Developers/Numa/Collections/' took 0.01s
[2017.05.07-15.34.54:935][  0]LogFileCache: Scanning file cache for directory 'X:/Unreal Projects/TileGame/Content/Collections/' took 0.01s
[2017.05.07-15.34.54:935][  0]LogCollectionManager: Rebuilt the GUID cache for 0 collections in 0.000001 seconds
[2017.05.07-15.34.54:941][  0]LogContentBrowser: Native class hierarchy populated in 0.0061 seconds. Added 2245 classes and 453 folders.
[2017.05.07-15.34.54:995][  0]LogContentBrowser: Native class hierarchy updated for 'WidgetCarousel' in 0.0003 seconds. Added 0 classes and 0 folders.
[2017.05.07-15.34.55:032][  0]LogContentBrowser: Native class hierarchy updated for 'AddContentDialog' in 0.0003 seconds. Added 0 classes and 0 folders.
[2017.05.07-15.34.55:070][  0]LogContentBrowser: Native class hierarchy updated for 'SceneOutliner' in 0.0003 seconds. Added 1 classes and 2 folders.
[2017.05.07-15.34.55:105][  0]LogCrashTracker: Crashtracker disabled due to settings.
[2017.05.07-15.34.55:110][  0]LogUObjectGlobals:Warning: Failed to find object 'Class None.'
[2017.05.07-15.34.55:169][  0]LogContentBrowser: Native class hierarchy updated for 'HierarchicalLODOutliner' in 0.0003 seconds. Added 1 classes and 2 folders.
[2017.05.07-15.34.55:169][  0]LogLoad: (Engine Initialization) Total time: 13.70 seconds
[2017.05.07-15.34.55:169][  0]LogLoad: (Engine Initialization) Total Blueprint compile time: 0.07 seconds
[2017.05.07-15.34.55:169][  0]LogExternalProfiler: Found external profiler: VSPerf
[2017.05.07-15.34.55:169][  0]LogExternalProfiler: Using external profiler: VSPerf
[2017.05.07-15.34.55:508][  0]LogOcInput: OculusInput pre-init called
[2017.05.07-15.34.55:522][  0]LogAssetRegistry: Asset discovery search completed in 7.5270 seconds
[2017.05.07-15.34.55:522][  0]LogCollectionManager: Rebuilt the object cache for 0 collections in 0.000003 seconds (found 0 objects)
[2017.05.07-15.34.55:522][  0]LogCollectionManager: Fixed up redirectors for 0 collections in 0.000012 seconds (updated 0 objects)
[2017.05.07-15.34.55:525][  0]LogContentStreaming: Texture pool size now 1000 MB
[2017.05.07-15.34.55:531][  0]LogSlate: Took 0.000205 seconds to synchronously load lazily loaded font '../../../Engine/Content/Slate/Fonts/Roboto-Regular.ttf' (155K)
[2017.05.07-15.34.55:534][  0]LogSlate: Took 0.000215 seconds to synchronously load lazily loaded font '../../../Engine/Content/Slate/Fonts/Roboto-Bold.ttf' (160K)
[2017.05.07-15.34.55:537][  0]LogSlate: Took 0.000195 seconds to synchronously load lazily loaded font '../../../Engine/Content/Editor/Slate/Fonts/FontAwesome.ttf' (139K)
[2017.05.07-15.34.55:654][  0]LogRenderer: Reallocating scene render targets to support 1492x808 NumSamples 1 (Frame:2).
[2017.05.07-15.34.56:509][  3]LogSlate: Took 0.000232 seconds to synchronously load lazily loaded font '../../../Engine/Content/Slate/Fonts/Roboto-Light.ttf' (159K)
[2017.05.07-15.36.11:181][914]LogSlate: Took 0.000193 seconds to synchronously load lazily loaded font '../../../Engine/Content/Slate/Fonts/Roboto-Light.ttf' (159K)
[2017.05.07-15.36.11:504][914]LogContentBrowser: Native class hierarchy updated for 'BlueprintGraph' in 0.0006 seconds. Added 112 classes and 0 folders.
[2017.05.07-15.36.11:908][914]LogSlate: Took 0.000167 seconds to synchronously load lazily loaded font '../../../Engine/Content/Slate/Fonts/Roboto-Regular.ttf' (155K)
[2017.05.07-15.36.11:964][914]LogSlate: Took 0.000261 seconds to synchronously load lazily loaded font '../../../Engine/Content/Editor/Slate/Fonts/Roboto-BoldCondensed.ttf' (158K)
[2017.05.07-15.36.49:230][116]LogEditorViewport: Clicking on Actor (LMB): StaticMeshActor (Floor)
[2017.05.07-15.36.49:925][178]LogEditorViewport: Clicking on Actor (LMB): BasicUnit_C (BasicUnit)
[2017.05.07-15.36.52:177][444]LogLinker:Warning: Can't find file '/Game/Sounds/Select'
[2017.05.07-15.36.52:177][444]LogLinker:Warning: Can't find file for asset '/Game/Sounds/Select' while loading X:/Unreal Projects/TileGame/Content/Blueprints/MapContent/BasicTile.uasset.
[2017.05.07-15.36.52:177][444]LoadErrors:Error: Error /Game/Blueprints/MapContent/BasicTile : Can't find file for asset. /Game/Sounds/Select
[2017.05.07-15.36.52:177][444]LogLinker:Warning: Can't find file '/Game/Sounds/Select'
[2017.05.07-15.36.52:177][444]LogLinker:Warning: Can't find file for asset '/Game/Sounds/Select' while loading X:/Unreal Projects/TileGame/Content/Blueprints/MapContent/BasicTile.uasset.
[2017.05.07-15.36.52:178][444]LogLinker:Warning: Can't find file '/Game/Sounds/Select'
[2017.05.07-15.36.52:178][444]LogLinker:Warning: Can't find file for asset '/Game/Sounds/Select' while loading NULL.
[2017.05.07-15.36.52:178][444]LogLinker:Warning: Can't find file '/Game/Sounds/Select'
[2017.05.07-15.36.52:178][444]LogLinker:Warning: Can't find file for asset '/Game/Sounds/Select' while loading NULL.
[2017.05.07-15.36.52:178][444]LogLinker:Warning: Can't find file '/Game/Sounds/Select'
[2017.05.07-15.36.52:178][444]LoadErrors: Info Failed to load /Game/Sounds/Select.Select Referenced by K2Node_CallFunction_15
[2017.05.07-15.36.52:178][444]LogLinker:Warning: Can't find file for asset '/Game/Sounds/Select' while loading NULL.
[2017.05.07-15.36.53:406][551]LogSlate: Took 0.000202 seconds to synchronously load lazily loaded font '../../../Engine/Content/Editor/Slate/Fonts/Roboto-Italic.ttf' (157K)
[2017.05.07-15.37.59:298][976]BlueprintLog: New page: Compile BasicTile
[2017.05.07-15.38.00:291][ 75]Cmd: OBJ SAVEPACKAGE PACKAGE="/Game/Blueprints/MapContent/BasicTile" FILE="X:/Unreal Projects/TileGame/Content/Blueprints/MapContent/BasicTile.uasset" SILENT=true
[2017.05.07-15.38.00:318][ 75]LogSavePackage: Save=23.43ms
[2017.05.07-15.38.00:318][ 75]LogSavePackage: Moving 'X:/Unreal Projects/TileGame/Saved/BasicTile0B94196943F998F817FC2B9DFD5354E1.tmp' to 'X:/Unreal Projects/TileGame/Content/Blueprints/MapContent/BasicTile.uasset'
[2017.05.07-15.38.00:319][ 75]LogSavePackage:Display: Finished SavePackage X:/Unreal Projects/TileGame/Content/Blueprints/MapContent/BasicTile.uasset
[2017.05.07-15.38.14:567][677]LogTemp: Repeting last play command: Simulate
[2017.05.07-15.38.14:576][677]BlueprintLog: New page: Pre-Play auto-recompile
[2017.05.07-15.38.14:577][677]LogPlayLevel: [PlayLevel] Compiling TileBasedGameMode before play...
[2017.05.07-15.38.14:646][677]LogPlayLevel: PlayLevel: Blueprint regeneration took 69 ms (1 blueprints)
[2017.05.07-15.38.14:646][677]PIE: New page: SIE session: Untitled_1 (May 7, 2017, 7:38:14 PM)
[2017.05.07-15.38.14:646][677]LogPlayLevel: Creating play world package: /Temp/UEDPIE_0_Untitled_1
[2017.05.07-15.38.14:647][677]LogPlayLevel: PIE: StaticDuplicateObject took: (0.001200s)
[2017.05.07-15.38.14:648][677]LogAIModule: Creating AISystem for world Untitled_1
[2017.05.07-15.38.14:648][677]LogPlayLevel: PIE: World Init took: (0.000592s)
[2017.05.07-15.38.14:648][677]LogPlayLevel: PIE: Created PIE world by copying editor world from /Temp/Untitled_1.Untitled_1 to /Temp/UEDPIE_0_Untitled_1.Untitled_1 (0.001946s)
[2017.05.07-15.38.14:665][677]LogInit: XAudio2 using 'Realtek Digital Output (Realtek High Definition Audio)' : 2 channels at 48 kHz using 16 bits per sample (channel mask 0x3)
[2017.05.07-15.38.14:673][677]LogInit: FAudioDevice initialized.
[2017.05.07-15.38.14:716][677]LogLoad: Game class is 'TileBasedGameMode_C'
[2017.05.07-15.38.14:717][677]LogWorld: Bringing World /Temp/UEDPIE_0_Untitled_1.Untitled_1 up for play (max tick rate 0) at 2017.05.07-17.38.14
[2017.05.07-15.38.14:717][677]LogWorld: Bringing up level for play took: 0.000680
[2017.05.07-15.38.14:754][677]LogContentBrowser: Native class hierarchy updated for 'MovieSceneCapture' in 0.0004 seconds. Added 11 classes and 0 folders.
[2017.05.07-15.38.14:780][677]PIE: Info Play in editor start time for /Temp/UEDPIE_0_Untitled_1 -0.027
[2017.05.07-15.38.29:662][120]LogTemp: Repeting last play command: Simulate
[2017.05.07-15.38.29:670][120]BlueprintLog: New page: Pre-Play auto-recompile
[2017.05.07-15.38.29:670][120]LogPlayLevel: [PlayLevel] Compiling TileBasedGameMode before play...
[2017.05.07-15.38.29:737][120]LogPlayLevel: PlayLevel: Blueprint regeneration took 66 ms (1 blueprints)
[2017.05.07-15.38.29:737][120]PIE: New page: SIE session: Untitled_1 (May 7, 2017, 7:38:29 PM)
[2017.05.07-15.38.29:737][120]LogPlayLevel: Creating play world package: /Temp/UEDPIE_0_Untitled_1
[2017.05.07-15.38.29:738][120]LogPlayLevel: PIE: StaticDuplicateObject took: (0.001274s)
[2017.05.07-15.38.29:739][120]LogAIModule: Creating AISystem for world Untitled_1
[2017.05.07-15.38.29:739][120]LogPlayLevel: PIE: World Init took: (0.000752s)
[2017.05.07-15.38.29:739][120]LogPlayLevel: PIE: Created PIE world by copying editor world from /Temp/Untitled_1.Untitled_1 to /Temp/UEDPIE_0_Untitled_1.Untitled_1 (0.002163s)
[2017.05.07-15.38.29:756][120]LogInit: XAudio2 using 'Realtek Digital Output (Realtek High Definition Audio)' : 2 channels at 48 kHz using 16 bits per sample (channel mask 0x3)
[2017.05.07-15.38.29:763][120]LogInit: FAudioDevice initialized.
[2017.05.07-15.38.29:793][120]LogLoad: Game class is 'TileBasedGameMode_C'
[2017.05.07-15.38.29:794][120]LogWorld: Bringing World /Temp/UEDPIE_0_Untitled_1.Untitled_1 up for play (max tick rate 0) at 2017.05.07-17.38.29
[2017.05.07-15.38.29:794][120]LogWorld: Bringing up level for play took: 0.000765
[2017.05.07-15.38.29:816][120]PIE: Info Play in editor start time for /Temp/UEDPIE_0_Untitled_1 1.01
[2017.05.07-15.38.48:252][250]LogTemp: Repeting last play command: Simulate
[2017.05.07-15.38.48:260][250]BlueprintLog: New page: Pre-Play auto-recompile
[2017.05.07-15.38.48:260][250]LogPlayLevel: [PlayLevel] Compiling TileBasedGameMode before play...
[2017.05.07-15.38.48:329][250]LogPlayLevel: PlayLevel: Blueprint regeneration took 68 ms (1 blueprints)
[2017.05.07-15.38.48:329][250]PIE: New page: SIE session: Untitled_1 (May 7, 2017, 7:38:48 PM)
[2017.05.07-15.38.48:329][250]LogPlayLevel: Creating play world package: /Temp/UEDPIE_0_Untitled_1
[2017.05.07-15.38.48:330][250]LogPlayLevel: PIE: StaticDuplicateObject took: (0.001169s)
[2017.05.07-15.38.48:331][250]LogAIModule: Creating AISystem for world Untitled_1
[2017.05.07-15.38.48:331][250]LogPlayLevel: PIE: World Init took: (0.000745s)
[2017.05.07-15.38.48:331][250]LogPlayLevel: PIE: Created PIE world by copying editor world from /Temp/Untitled_1.Untitled_1 to /Temp/UEDPIE_0_Untitled_1.Untitled_1 (0.002052s)
[2017.05.07-15.38.48:348][250]LogInit: XAudio2 using 'Realtek Digital Output (Realtek High Definition Audio)' : 2 channels at 48 kHz using 16 bits per sample (channel mask 0x3)
[2017.05.07-15.38.48:355][250]LogInit: FAudioDevice initialized.
[2017.05.07-15.38.48:385][250]LogLoad: Game class is 'TileBasedGameMode_C'
[2017.05.07-15.38.48:386][250]LogWorld: Bringing World /Temp/UEDPIE_0_Untitled_1.Untitled_1 up for play (max tick rate 0) at 2017.05.07-17.38.48
[2017.05.07-15.38.48:386][250]LogWorld: Bringing up level for play took: 0.000678
[2017.05.07-15.38.48:407][250]PIE: Info Play in editor start time for /Temp/UEDPIE_0_Untitled_1 -0.399
[2017.05.07-15.39.01:383][124]LogEditorViewport: Clicking on Actor (LMB): BasicTile_C (BasicTile11)
[2017.05.07-15.39.01:884][158]LogEditorViewport: Clicking on Actor (LMB): BasicTile_C (BasicTile11)
[2017.05.07-15.39.02:250][182]LogEditorViewport: Clicking on Actor (LMB): BasicTile_C (BasicTile2)
[2017.05.07-15.39.02:588][207]LogEditorViewport: Clicking on Actor (LMB): BasicTile_C (BasicTile2)
[2017.05.07-15.39.02:954][233]LogEditorViewport: Clicking on Actor (LMB): BasicTile_C (BasicTile3)
[2017.05.07-15.39.19:681][100]BlueprintLog: New page: Compile BasicTile
[2017.05.07-15.39.20:221][152]Cmd: OBJ SAVEPACKAGE PACKAGE="/Game/Blueprints/MapContent/BasicTile" FILE="X:/Unreal Projects/TileGame/Content/Blueprints/MapContent/BasicTile.uasset" SILENT=true
[2017.05.07-15.39.20:241][152]LogSavePackage: Save=17.18ms
[2017.05.07-15.39.20:241][152]LogSavePackage: Moving 'X:/Unreal Projects/TileGame/Saved/BasicTileF86035E2400743D2B6ECDDBD8413F425.tmp' to 'X:/Unreal Projects/TileGame/Content/Blueprints/MapContent/BasicTile.uasset'
[2017.05.07-15.39.20:242][152]LogSavePackage:Display: Finished SavePackage X:/Unreal Projects/TileGame/Content/Blueprints/MapContent/BasicTile.uasset
[2017.05.07-15.39.21:101][255]LogTemp: Repeting last play command: Simulate
[2017.05.07-15.39.21:111][255]LogPlayLevel: PlayLevel: No blueprints needed recompiling
[2017.05.07-15.39.21:111][255]PIE: New page: SIE session: Untitled_1 (May 7, 2017, 7:39:21 PM)
[2017.05.07-15.39.21:111][255]LogPlayLevel: Creating play world package: /Temp/UEDPIE_0_Untitled_1
[2017.05.07-15.39.21:112][255]LogPlayLevel: PIE: StaticDuplicateObject took: (0.001048s)
[2017.05.07-15.39.21:112][255]LogAIModule: Creating AISystem for world Untitled_1
[2017.05.07-15.39.21:112][255]LogPlayLevel: PIE: World Init took: (0.000489s)
[2017.05.07-15.39.21:113][255]LogPlayLevel: PIE: Created PIE world by copying editor world from /Temp/Untitled_1.Untitled_1 to /Temp/UEDPIE_0_Untitled_1.Untitled_1 (0.001674s)
[2017.05.07-15.39.21:130][255]LogInit: XAudio2 using 'Realtek Digital Output (Realtek High Definition Audio)' : 2 channels at 48 kHz using 16 bits per sample (channel mask 0x3)
[2017.05.07-15.39.21:137][255]LogInit: FAudioDevice initialized.
[2017.05.07-15.39.21:164][255]LogLoad: Game class is 'TileBasedGameMode_C'
[2017.05.07-15.39.21:166][255]LogWorld: Bringing World /Temp/UEDPIE_0_Untitled_1.Untitled_1 up for play (max tick rate 0) at 2017.05.07-17.39.21
[2017.05.07-15.39.21:166][255]LogWorld: Bringing up level for play took: 0.000652
[2017.05.07-15.39.21:186][255]PIE: Info Play in editor start time for /Temp/UEDPIE_0_Untitled_1 0.38
[2017.05.07-15.39.22:131][338]LogEditorViewport: Clicking on Actor (LMB): BasicTile_C (BasicTile21)
[2017.05.07-15.39.22:774][394]LogEditorViewport: Clicking on Actor (LMB): BasicTile_C (BasicTile20)
[2017.05.07-15.44.22:617][589]SourceControl: Info Source control is disabled
[2017.05.07-15.44.32:543][757]LogSlate: Took 0.000148 seconds to synchronously load lazily loaded font '../../../Engine/Content/Slate/Fonts/Roboto-Light.ttf' (159K)
[2017.05.07-15.44.38:505][757]LogTextFormatter:Warning: Failed to parse argument "ExistingAsset" as a number (using "0" as a fallback). Please check your format string for errors: "{ExistingAsset} already exists. Do you want to replace it?".
[2017.05.07-15.44.39:731][757]Cmd: OBJ SAVEPACKAGE PACKAGE="/Game/Levels/BaseScene2" FILE="X:/Unreal Projects/TileGame/Content/Levels/BaseScene2.umap" SILENT=true AUTOSAVING=false KEEPDIRTY=false
[2017.05.07-15.44.39:790][757]LogSavePackage: Save=31.08ms
[2017.05.07-15.44.39:790][757]LogSavePackage: Moving 'X:/Unreal Projects/TileGame/Saved/BaseScene240B7ADAD450288C6565F2F95EB2C6E21.tmp' to 'X:/Unreal Projects/TileGame/Content/Levels/BaseScene2.umap'
[2017.05.07-15.44.39:791][757]LogSavePackage:Display: Finished SavePackage X:/Unreal Projects/TileGame/Content/Levels/BaseScene2.umap
[2017.05.07-15.44.39:805][757]LogFileHelpers: Saving map 'BaseScene2' took 0.232
[2017.05.07-15.47.57:604][977]LogTemp: Repeting last play command: Simulate
[2017.05.07-15.47.57:614][977]LogPlayLevel: PlayLevel: No blueprints needed recompiling
[2017.05.07-15.47.57:614][977]PIE: New page: SIE session: BaseScene2 (May 7, 2017, 7:47:57 PM)
[2017.05.07-15.47.57:614][977]LogPlayLevel: Creating play world package: /Game/Levels/UEDPIE_0_BaseScene2
[2017.05.07-15.47.57:616][977]LogPlayLevel: PIE: StaticDuplicateObject took: (0.001245s)
[2017.05.07-15.47.57:616][977]LogAIModule: Creating AISystem for world BaseScene2
[2017.05.07-15.47.57:616][977]LogPlayLevel: PIE: World Init took: (0.000674s)
[2017.05.07-15.47.57:616][977]LogPlayLevel: PIE: Created PIE world by copying editor world from /Game/Levels/BaseScene2.BaseScene2 to /Game/Levels/UEDPIE_0_BaseScene2.BaseScene2 (0.002063s)
[2017.05.07-15.47.57:634][977]LogInit: XAudio2 using 'Realtek Digital Output (Realtek High Definition Audio)' : 2 channels at 48 kHz using 16 bits per sample (channel mask 0x3)
[2017.05.07-15.47.57:641][977]LogInit: FAudioDevice initialized.
[2017.05.07-15.47.57:672][977]LogLoad: Game class is 'TileBasedGameMode_C'
[2017.05.07-15.47.57:673][977]LogWorld: Bringing World /Game/Levels/UEDPIE_0_BaseScene2.BaseScene2 up for play (max tick rate 0) at 2017.05.07-17.47.57
[2017.05.07-15.47.57:674][977]LogWorld: Bringing up level for play took: 0.000786
[2017.05.07-15.47.57:694][977]PIE: Info Play in editor start time for /Game/Levels/UEDPIE_0_BaseScene2 0.888
[2017.05.07-15.47.59:852][223]LogTemp: Repeting last play command: Simulate
[2017.05.07-15.47.59:860][223]LogPlayLevel: PlayLevel: No blueprints needed recompiling
[2017.05.07-15.47.59:860][223]PIE: New page: SIE session: BaseScene2 (May 7, 2017, 7:47:59 PM)
[2017.05.07-15.47.59:861][223]LogPlayLevel: Creating play world package: /Game/Levels/UEDPIE_0_BaseScene2
[2017.05.07-15.47.59:862][223]LogPlayLevel: PIE: StaticDuplicateObject took: (0.001002s)
[2017.05.07-15.47.59:862][223]LogAIModule: Creating AISystem for world BaseScene2
[2017.05.07-15.47.59:862][223]LogPlayLevel: PIE: World Init took: (0.000742s)
[2017.05.07-15.47.59:862][223]LogPlayLevel: PIE: Created PIE world by copying editor world from /Game/Levels/BaseScene2.BaseScene2 to /Game/Levels/UEDPIE_0_BaseScene2.BaseScene2 (0.001866s)
[2017.05.07-15.47.59:880][223]LogInit: XAudio2 using 'Realtek Digital Output (Realtek High Definition Audio)' : 2 channels at 48 kHz using 16 bits per sample (channel mask 0x3)
[2017.05.07-15.47.59:887][223]LogInit: FAudioDevice initialized.
[2017.05.07-15.47.59:913][223]LogLoad: Game class is 'TileBasedGameMode_C'
[2017.05.07-15.47.59:914][223]LogWorld: Bringing World /Game/Levels/UEDPIE_0_BaseScene2.BaseScene2 up for play (max tick rate 0) at 2017.05.07-17.47.59
[2017.05.07-15.47.59:914][223]LogWorld: Bringing up level for play took: 0.000681
[2017.05.07-15.47.59:934][223]PIE: Info Play in editor start time for /Game/Levels/UEDPIE_0_BaseScene2 -0.871
[2017.05.07-15.48.01:450][395]LogTemp: Repeting last play command: Simulate
[2017.05.07-15.48.01:458][395]LogPlayLevel: PlayLevel: No blueprints needed recompiling
[2017.05.07-15.48.01:458][395]PIE: New page: SIE session: BaseScene2 (May 7, 2017, 7:48:01 PM)
[2017.05.07-15.48.01:458][395]LogPlayLevel: Creating play world package: /Game/Levels/UEDPIE_0_BaseScene2
[2017.05.07-15.48.01:459][395]LogPlayLevel: PIE: StaticDuplicateObject took: (0.001031s)
[2017.05.07-15.48.01:459][395]LogAIModule: Creating AISystem for world BaseScene2
[2017.05.07-15.48.01:459][395]LogPlayLevel: PIE: World Init took: (0.000495s)
[2017.05.07-15.48.01:460][395]LogPlayLevel: PIE: Created PIE world by copying editor world from /Game/Levels/BaseScene2.BaseScene2 to /Game/Levels/UEDPIE_0_BaseScene2.BaseScene2 (0.001672s)
[2017.05.07-15.48.01:477][395]LogInit: XAudio2 using 'Realtek Digital Output (Realtek High Definition Audio)' : 2 channels at 48 kHz using 16 bits per sample (channel mask 0x3)
[2017.05.07-15.48.01:484][395]LogInit: FAudioDevice initialized.
[2017.05.07-15.48.01:513][395]LogLoad: Game class is 'TileBasedGameMode_C'
[2017.05.07-15.48.01:514][395]LogWorld: Bringing World /Game/Levels/UEDPIE_0_BaseScene2.BaseScene2 up for play (max tick rate 0) at 2017.05.07-17.48.01
[2017.05.07-15.48.01:514][395]LogWorld: Bringing up level for play took: 0.000680
[2017.05.07-15.48.01:534][395]PIE: Info Play in editor start time for /Game/Levels/UEDPIE_0_BaseScene2 0.728
[2017.05.07-15.48.07:572][101]Cmd: OBJ SAVEPACKAGE PACKAGE="/Game/Levels/BaseScene2" FILE="X:/Unreal Projects/TileGame/Content/Levels/BaseScene2.umap" SILENT=true AUTOSAVING=false KEEPDIRTY=false
[2017.05.07-15.48.07:611][101]LogSavePackage: Save=16.05ms
[2017.05.07-15.48.07:611][101]LogSavePackage: Moving 'X:/Unreal Projects/TileGame/Saved/BaseScene25263ADE64D59977AF2EE949AA2BD97EA.tmp' to 'X:/Unreal Projects/TileGame/Content/Levels/BaseScene2.umap'
[2017.05.07-15.48.07:612][101]LogSavePackage:Display: Finished SavePackage X:/Unreal Projects/TileGame/Content/Levels/BaseScene2.umap
[2017.05.07-15.48.25:569][120]BlueprintLog: New page: Compile TileBasedGameMode
[2017.05.07-15.48.27:805][349]LogTemp: Repeting last play command: Simulate
[2017.05.07-15.48.27:814][349]LogPlayLevel: PlayLevel: No blueprints needed recompiling
[2017.05.07-15.48.27:814][349]PIE: New page: SIE session: BaseScene2 (May 7, 2017, 7:48:27 PM)
[2017.05.07-15.48.27:814][349]LogPlayLevel: Creating play world package: /Game/Levels/UEDPIE_0_BaseScene2
[2017.05.07-15.48.27:815][349]LogPlayLevel: PIE: StaticDuplicateObject took: (0.001054s)
[2017.05.07-15.48.27:816][349]LogAIModule: Creating AISystem for world BaseScene2
[2017.05.07-15.48.27:816][349]LogPlayLevel: PIE: World Init took: (0.000742s)
[2017.05.07-15.48.27:816][349]LogPlayLevel: PIE: Created PIE world by copying editor world from /Game/Levels/BaseScene2.BaseScene2 to /Game/Levels/UEDPIE_0_BaseScene2.BaseScene2 (0.001946s)
[2017.05.07-15.48.27:833][349]LogInit: XAudio2 using 'Realtek Digital Output (Realtek High Definition Audio)' : 2 channels at 48 kHz using 16 bits per sample (channel mask 0x3)
[2017.05.07-15.48.27:840][349]LogInit: FAudioDevice initialized.
[2017.05.07-15.48.27:866][349]LogLoad: Game class is 'TileBasedGameMode_C'
[2017.05.07-15.48.27:868][349]LogWorld: Bringing World /Game/Levels/UEDPIE_0_BaseScene2.BaseScene2 up for play (max tick rate 0) at 2017.05.07-17.48.27
[2017.05.07-15.48.27:868][349]LogWorld: Bringing up level for play took: 0.000661
[2017.05.07-15.48.27:869][349]PIE: Info Play in editor start time for /Game/Levels/UEDPIE_0_BaseScene2 -0.938
[2017.05.07-15.49.09:117][366]BlueprintLog: New page: Compile TileBasedGameMode
[2017.05.07-15.49.10:217][487]LogTemp: Repeting last play command: Simulate
[2017.05.07-15.49.10:226][487]LogPlayLevel: PlayLevel: No blueprints needed recompiling
[2017.05.07-15.49.10:226][487]PIE: New page: SIE session: BaseScene2 (May 7, 2017, 7:49:10 PM)
[2017.05.07-15.49.10:226][487]LogPlayLevel: Creating play world package: /Game/Levels/UEDPIE_0_BaseScene2
[2017.05.07-15.49.10:227][487]LogPlayLevel: PIE: StaticDuplicateObject took: (0.001015s)
[2017.05.07-15.49.10:228][487]LogAIModule: Creating AISystem for world BaseScene2
[2017.05.07-15.49.10:228][487]LogPlayLevel: PIE: World Init took: (0.000577s)
[2017.05.07-15.49.10:228][487]LogPlayLevel: PIE: Created PIE world by copying editor world from /Game/Levels/BaseScene2.BaseScene2 to /Game/Levels/UEDPIE_0_BaseScene2.BaseScene2 (0.001728s)
[2017.05.07-15.49.10:246][487]LogInit: XAudio2 using 'Realtek Digital Output (Realtek High Definition Audio)' : 2 channels at 48 kHz using 16 bits per sample (channel mask 0x3)
[2017.05.07-15.49.10:253][487]LogInit: FAudioDevice initialized.
[2017.05.07-15.49.10:283][487]LogLoad: Game class is 'TileBasedGameMode_C'
[2017.05.07-15.49.10:285][487]LogWorld: Bringing World /Game/Levels/UEDPIE_0_BaseScene2.BaseScene2 up for play (max tick rate 0) at 2017.05.07-17.49.10
[2017.05.07-15.49.10:285][487]LogWorld: Bringing up level for play took: 0.000706
[2017.05.07-15.49.10:286][487]PIE: Info Play in editor start time for /Game/Levels/UEDPIE_0_BaseScene2 -0.52
[2017.05.07-15.49.21:828][791]LogEditorViewport: Clicking on Actor (LMB): BasicTile_C (BasicTile)
[2017.05.07-15.49.48:568][668]BlueprintLog: New page: Compile TileBasedGameMode
[2017.05.07-15.49.49:381][754]Cmd: OBJ SAVEPACKAGE PACKAGE="/Game/Blueprints/TileBasedGameMode" FILE="X:/Unreal Projects/TileGame/Content/Blueprints/TileBasedGameMode.uasset" SILENT=true
[2017.05.07-15.49.49:403][754]LogSavePackage: Save=19.87ms
[2017.05.07-15.49.49:403][754]LogSavePackage: Moving 'X:/Unreal Projects/TileGame/Saved/TileBasedGameMode38E8BF1246C8D1CE8D461E9A05974C03.tmp' to 'X:/Unreal Projects/TileGame/Content/Blueprints/TileBasedGameMode.uasset'
[2017.05.07-15.49.49:404][754]LogSavePackage:Display: Finished SavePackage X:/Unreal Projects/TileGame/Content/Blueprints/TileBasedGameMode.uasset
[2017.05.07-15.49.50:415][873]Cmd: OBJ SAVEPACKAGE PACKAGE="/Game/Levels/BaseScene2" FILE="X:/Unreal Projects/TileGame/Content/Levels/BaseScene2.umap" SILENT=true AUTOSAVING=false KEEPDIRTY=false
[2017.05.07-15.49.50:446][873]LogSavePackage: Save=18.95ms
[2017.05.07-15.49.50:446][873]LogSavePackage: Moving 'X:/Unreal Projects/TileGame/Saved/BaseScene2E21AFD0F4EE25A14B79D2C9DAEACD98B.tmp' to 'X:/Unreal Projects/TileGame/Content/Levels/BaseScene2.umap'
[2017.05.07-15.49.50:447][873]LogSavePackage:Display: Finished SavePackage X:/Unreal Projects/TileGame/Content/Levels/BaseScene2.umap
[2017.05.07-16.22.22:504][277]Cmd: OBJ SAVEPACKAGE PACKAGE="/Game/Levels/BaseScene2" FILE="X:/Unreal Projects/TileGame/Content/Levels/BaseScene2.umap" SILENT=true AUTOSAVING=false KEEPDIRTY=false
[2017.05.07-16.22.22:548][277]LogSavePackage: Save=28.20ms
[2017.05.07-16.22.22:548][277]LogSavePackage: Moving 'X:/Unreal Projects/TileGame/Saved/BaseScene2A6DCA1FD429EA71374800FA828903DE8.tmp' to 'X:/Unreal Projects/TileGame/Content/Levels/BaseScene2.umap'
[2017.05.07-16.22.22:548][277]LogSavePackage:Display: Finished SavePackage X:/Unreal Projects/TileGame/Content/Levels/BaseScene2.umap
[2017.05.07-19.08.05:527][683]LogActorComponent: UnregisterComponent: (/Engine/Transient.EditorFloorComp) Not registered. Aborting.
[2017.05.07-19.08.09:656][166]LogTemp: Repeting last play command: Simulate
[2017.05.07-19.08.09:662][166]LogPlayLevel: PlayLevel: No blueprints needed recompiling
[2017.05.07-19.08.09:662][166]PIE: New page: SIE session: BaseScene2 (May 7, 2017, 11:08:09 PM)
[2017.05.07-19.08.09:663][166]LogPlayLevel: Creating play world package: /Game/Levels/UEDPIE_0_BaseScene2
[2017.05.07-19.08.09:669][166]LogPlayLevel: PIE: StaticDuplicateObject took: (0.005879s)
[2017.05.07-19.08.09:670][166]LogAIModule: Creating AISystem for world BaseScene2
[2017.05.07-19.08.09:670][166]LogPlayLevel: PIE: World Init took: (0.001367s)
[2017.05.07-19.08.09:670][166]LogPlayLevel: PIE: Created PIE world by copying editor world from /Game/Levels/BaseScene2.BaseScene2 to /Game/Levels/UEDPIE_0_BaseScene2.BaseScene2 (0.007615s)
[2017.05.07-19.08.09:700][166]LogInit: XAudio2 using 'Realtek Digital Output (Realtek High Definition Audio)' : 2 channels at 48 kHz using 16 bits per sample (channel mask 0x3)
[2017.05.07-19.08.09:708][166]LogInit: FAudioDevice initialized.
[2017.05.07-19.08.09:741][166]LogLoad: Game class is 'TileBasedGameMode_C'
[2017.05.07-19.08.09:742][166]LogWorld: Bringing World /Game/Levels/UEDPIE_0_BaseScene2.BaseScene2 up for play (max tick rate 0) at 2017.05.07-21.08.09
[2017.05.07-19.08.09:743][166]LogWorld: Bringing up level for play took: 0.001065
[2017.05.07-19.08.09:772][166]PIE: Info Play in editor start time for /Game/Levels/UEDPIE_0_BaseScene2 0.97
[2017.05.07-19.18.10:988][480]SourceControl:Error: Error Failed to enable Git source control. You need to initialize the project as a Git repository first.
[2017.05.07-19.18.23:009][920]SourceControl:Error: Error Failed to enable Git source control. You need to initialize the project as a Git repository first.
[2017.05.07-19.18.36:064][363]LogSlate: Only BGRA pngs, bmps or icos are supported in by External Image Picker
[2017.05.07-19.18.36:112][364]LogTemp:Display: Executing iPhonePackager certificates Engine -bundlename com.YourCompany.TileGame

[2017.05.07-19.18.36:112][364]LogTemp:Display: CWD: C:\Unreal Engine\UE_4.15\Engine\Binaries\DotNET\IOS

[2017.05.07-19.18.36:112][364]LogTemp:Display: Initial Dir: C:\Unreal Engine\UE_4.15

[2017.05.07-19.18.36:112][364]LogTemp:Display: Env CWD: C:\Unreal Engine\UE_4.15\Engine\Binaries\DotNET\IOS

[2017.05.07-19.18.36:112][364]LogTemp:Display: BranchPath = DESKTOP-47ENH9T/C/Unreal Engine/UE_4.15/Engine/Binaries --- GameBranchPath = DESKTOP-47ENH9T/C/Unreal Engine/UE_4.15/Engine/Binaries

[2017.05.07-19.18.36:112][364]LogTemp:Display: IPP ERROR: Application exception: System.IO.DirectoryNotFoundException: Could not find a part of the path 'C:\Users\Numa\AppData\Local\Apple Computer\MobileDevice\Provisioning Profiles'.

[2017.05.07-19.18.36:112][364]LogTemp:Display:    at System.IO.__Error.WinIOError(Int32 errorCode, String maybeFullPath)

[2017.05.07-19.18.36:112][364]LogTemp:Display:    at System.IO.FileSystemEnumerableIterator`1.CommonInit()

[2017.05.07-19.18.36:112][364]LogTemp:Display:    at System.IO.Directory.EnumerateFiles(String path, String searchPattern)

[2017.05.07-19.18.36:112][364]LogTemp:Display:    at iPhonePackager.CodeSignatureBuilder.FindProvisions(String CFBundleIdentifier)

[2017.05.07-19.18.36:112][364]LogTemp:Display:    at iPhonePackager.Program.Main(String[] args)

[2017.05.07-19.19.38:133][783]LogPropertyNode:Warning: UI Min (1.0) >= UI Max (1.0) for Ranged Numeric property /Script/Engine.PhysicsSettings:InitialAverageFrameRate
[2017.05.07-19.19.58:550][227]SourceControl:Error: Error Failed to enable Git source control. You need to initialize the project as a Git repository first.
[2017.05.07-19.20.00:290][434]SourceControl:Error: Error Failed to enable Git source control. You need to initialize the project as a Git repository first.
[2017.05.07-19.20.01:546][584]SourceControl: Info Source control is disabled
[2017.05.07-19.25.02:239][442]SourceControl: Info Source control is disabled
